[ 2018-07-13T09:05:28+08:00 ] 116.2.170.76 /cxg/
INFO: [ app_begin ] --START--
INFO: Run Behavior\ReadHtmlCache [ RunTime:0.000058s ]
INFO: [ app_begin ] --END-- [ RunTime:0.000138s ]
INFO: [ view_parse ] --START--
INFO: [ template_filter ] --START--
INFO: Run Behavior\ContentReplace [ RunTime:0.000027s ]
INFO: [ template_filter ] --END-- [ RunTime:0.000060s ]
INFO: Run Behavior\ParseTemplate [ RunTime:0.001303s ]
INFO: [ view_parse ] --END-- [ RunTime:0.001342s ]
INFO: [ view_filter ] --START--
INFO: Run Behavior\WriteHtmlCache [ RunTime:0.000058s ]
INFO: [ view_filter ] --END-- [ RunTime:0.000078s ]

[ 2018-07-13T09:05:29+08:00 ] 116.2.170.76 /cxg/index.php?m=Admin
INFO: [ app_begin ] --START--
INFO: Run Behavior\ReadHtmlCache [ RunTime:0.000062s ]
INFO: [ app_begin ] --END-- [ RunTime:0.000127s ]
INFO: [ view_parse ] --START--
INFO: [ template_filter ] --START--
INFO: Run Behavior\ContentReplace [ RunTime:0.000026s ]
INFO: [ template_filter ] --END-- [ RunTime:0.000058s ]
INFO: Run Behavior\ParseTemplate [ RunTime:0.001267s ]
INFO: [ view_parse ] --END-- [ RunTime:0.001315s ]
INFO: [ view_filter ] --START--
INFO: Run Behavior\WriteHtmlCache [ RunTime:0.000052s ]
INFO: [ view_filter ] --END-- [ RunTime:0.000071s ]

[ 2018-07-13T09:05:36+08:00 ] 116.2.170.76 /cxg/index.php?m=Admin&c=Log&a=dolog
INFO: [ app_begin ] --START--
INFO: Run Behavior\ReadHtmlCache [ RunTime:0.000047s ]
INFO: [ app_begin ] --END-- [ RunTime:0.000100s ]
NOTIC: [8192] mysql_connect(): The mysql extension is deprecated and will be removed in the future: use mysqli or PDO instead /home/wwwroot/cxg/ThinkPHP/Library/Think/Db/Driver/Mysql.class.php 第 52 行.
SQL: SHOW COLUMNS FROM `manage` [ RunTime:0.000503s ]
SQL: SELECT * FROM `manage` WHERE ( `name` = 'admin' ) AND ( `password` = '21232f297a57a5a743894a0e4a801fc3' ) LIMIT 0,100   [ RunTime:0.000182s ]

[ 2018-07-13T09:05:36+08:00 ] 116.2.170.76 /cxg/index.php?m=Admin
INFO: [ app_begin ] --START--
INFO: Run Behavior\ReadHtmlCache [ RunTime:0.000049s ]
INFO: [ app_begin ] --END-- [ RunTime:0.000098s ]
NOTIC: [8] Undefined index: act /home/wwwroot/cxg/Application/Admin/Controller/IndexController.class.php 第 18 行.
NOTIC: [8192] mysql_connect(): The mysql extension is deprecated and will be removed in the future: use mysqli or PDO instead /home/wwwroot/cxg/ThinkPHP/Library/Think/Db/Driver/Mysql.class.php 第 52 行.
SQL: SHOW COLUMNS FROM `menu` [ RunTime:0.000428s ]
SQL: SELECT * FROM `menu` WHERE ( `parent_id` = 0 ) AND ( `show` = 1 ) AND ( `type` = 2 ) ORDER BY `id` ASC  [ RunTime:0.000200s ]
SQL: SELECT * FROM `menu` WHERE ( `parent_id` = 7 ) AND ( `show` = 1 ) ORDER BY `id` ASC  [ RunTime:0.000136s ]
SQL: SELECT * FROM `menu` WHERE ( `parent_id` = 14 ) AND ( `show` = 1 ) ORDER BY `id` ASC  [ RunTime:0.000115s ]
SQL: SELECT * FROM `menu` WHERE ( `parent_id` = 15 ) AND ( `show` = 1 ) ORDER BY `id` ASC  [ RunTime:0.000112s ]
SQL: SELECT * FROM `menu` WHERE ( `parent_id` = 16 ) AND ( `show` = 1 ) ORDER BY `id` ASC  [ RunTime:0.000117s ]
SQL: SELECT * FROM `menu` WHERE ( `parent_id` = 17 ) AND ( `show` = 1 ) ORDER BY `id` ASC  [ RunTime:0.000130s ]
SQL: SELECT * FROM `menu` WHERE ( `parent_id` = 18 ) AND ( `show` = 1 ) ORDER BY `id` ASC  [ RunTime:0.000112s ]
SQL: SELECT * FROM `menu` WHERE ( `parent_id` = 19 ) AND ( `show` = 1 ) ORDER BY `id` ASC  [ RunTime:0.000112s ]
SQL: SELECT * FROM `menu` WHERE ( `parent_id` = 20 ) AND ( `show` = 1 ) ORDER BY `id` ASC  [ RunTime:0.000110s ]
SQL: SELECT * FROM `menu` WHERE ( `parent_id` = 40 ) AND ( `show` = 1 ) ORDER BY `id` ASC  [ RunTime:0.000104s ]
SQL: SELECT * FROM `menu` WHERE ( `parent_id` = 60 ) AND ( `show` = 1 ) ORDER BY `id` ASC  [ RunTime:0.000104s ]
SQL: SELECT * FROM `menu` WHERE ( `parent_id` = 61 ) AND ( `show` = 1 ) ORDER BY `id` ASC  [ RunTime:0.000108s ]
SQL: SELECT * FROM `menu` WHERE ( `parent_id` = 75 ) AND ( `show` = 1 ) ORDER BY `id` ASC  [ RunTime:0.000103s ]
INFO: [ view_parse ] --START--
INFO: [ template_filter ] --START--
INFO: Run Behavior\ContentReplace [ RunTime:0.000040s ]
INFO: [ template_filter ] --END-- [ RunTime:0.000071s ]
INFO: Run Behavior\ParseTemplate [ RunTime:0.003416s ]
INFO: [ view_parse ] --END-- [ RunTime:0.003449s ]
INFO: [ view_filter ] --START--
INFO: Run Behavior\WriteHtmlCache [ RunTime:0.000063s ]
INFO: [ view_filter ] --END-- [ RunTime:0.000084s ]
INFO: [ app_end ] --START--
INFO: Run Behavior\ShowPageTrace [ RunTime:0.000062s ]
INFO: [ app_end ] --END-- [ RunTime:0.000083s ]

[ 2018-07-13T09:05:36+08:00 ] 116.2.170.76 /cxg/index.php?m=Admin&c=Index&a=getInfo
INFO: [ app_begin ] --START--
INFO: Run Behavior\ReadHtmlCache [ RunTime:0.000059s ]
INFO: [ app_begin ] --END-- [ RunTime:0.000115s ]
NOTIC: [8192] mysql_connect(): The mysql extension is deprecated and will be removed in the future: use mysqli or PDO instead /home/wwwroot/cxg/ThinkPHP/Library/Think/Db/Driver/Mysql.class.php 第 52 行.
SQL: SHOW COLUMNS FROM `manage` [ RunTime:0.000515s ]
SQL: SELECT * FROM `manage` WHERE ( `id` = 1 ) LIMIT 0,100   [ RunTime:0.000157s ]
SQL: SHOW COLUMNS FROM `class_year` [ RunTime:0.000302s ]
SQL: SELECT * FROM `class_year` WHERE ( `director_id` = 1 ) LIMIT 0,100   [ RunTime:0.000126s ]
SQL: SHOW COLUMNS FROM `student_leave` [ RunTime:0.000382s ]
SQL: SELECT COUNT(*) AS tp_count FROM `student_leave` WHERE ( `status` IN (3,4) ) LIMIT 1   [ RunTime:0.000169s ]

[ 2018-07-13T09:05:42+08:00 ] 116.2.170.76 /cxg/index.php?m=Admin&c=Teacher&a=index&id=75.76
INFO: [ app_begin ] --START--
INFO: Run Behavior\ReadHtmlCache [ RunTime:0.000049s ]
INFO: [ app_begin ] --END-- [ RunTime:0.000107s ]
NOTIC: [8192] mysql_connect(): The mysql extension is deprecated and will be removed in the future: use mysqli or PDO instead /home/wwwroot/cxg/ThinkPHP/Library/Think/Db/Driver/Mysql.class.php 第 52 行.
SQL: SHOW COLUMNS FROM `menu` [ RunTime:0.000495s ]
SQL: SHOW COLUMNS FROM `menu` [ RunTime:0.000304s ]
SQL: SELECT * FROM `menu` WHERE ( `parent_id` = 0 ) AND ( `show` = 1 ) AND ( `type` = 2 ) ORDER BY `id` ASC  [ RunTime:0.000229s ]
SQL: SELECT * FROM `menu` WHERE ( `parent_id` = 7 ) AND ( `show` = 1 ) ORDER BY `id` ASC  [ RunTime:0.000151s ]
SQL: SELECT * FROM `menu` WHERE ( `parent_id` = 14 ) AND ( `show` = 1 ) ORDER BY `id` ASC  [ RunTime:0.000122s ]
SQL: SELECT * FROM `menu` WHERE ( `parent_id` = 15 ) AND ( `show` = 1 ) ORDER BY `id` ASC  [ RunTime:0.000114s ]
SQL: SELECT * FROM `menu` WHERE ( `parent_id` = 16 ) AND ( `show` = 1 ) ORDER BY `id` ASC  [ RunTime:0.000109s ]
SQL: SELECT * FROM `menu` WHERE ( `parent_id` = 17 ) AND ( `show` = 1 ) ORDER BY `id` ASC  [ RunTime:0.000130s ]
SQL: SELECT * FROM `menu` WHERE ( `parent_id` = 18 ) AND ( `show` = 1 ) ORDER BY `id` ASC  [ RunTime:0.000108s ]
SQL: SELECT * FROM `menu` WHERE ( `parent_id` = 19 ) AND ( `show` = 1 ) ORDER BY `id` ASC  [ RunTime:0.000111s ]
SQL: SELECT * FROM `menu` WHERE ( `parent_id` = 20 ) AND ( `show` = 1 ) ORDER BY `id` ASC  [ RunTime:0.000112s ]
SQL: SELECT * FROM `menu` WHERE ( `parent_id` = 40 ) AND ( `show` = 1 ) ORDER BY `id` ASC  [ RunTime:0.000106s ]
SQL: SELECT * FROM `menu` WHERE ( `parent_id` = 60 ) AND ( `show` = 1 ) ORDER BY `id` ASC  [ RunTime:0.000126s ]
SQL: SELECT * FROM `menu` WHERE ( `parent_id` = 61 ) AND ( `show` = 1 ) ORDER BY `id` ASC  [ RunTime:0.000108s ]
SQL: SELECT * FROM `menu` WHERE ( `parent_id` = 75 ) AND ( `show` = 1 ) ORDER BY `id` ASC  [ RunTime:0.000139s ]
INFO: [ view_parse ] --START--
INFO: [ template_filter ] --START--
INFO: Run Behavior\ContentReplace [ RunTime:0.000043s ]
INFO: [ template_filter ] --END-- [ RunTime:0.000076s ]
INFO: Run Behavior\ParseTemplate [ RunTime:0.003274s ]
INFO: [ view_parse ] --END-- [ RunTime:0.003308s ]
INFO: [ view_filter ] --START--
INFO: Run Behavior\WriteHtmlCache [ RunTime:0.000082s ]
INFO: [ view_filter ] --END-- [ RunTime:0.000104s ]
INFO: [ app_end ] --START--
INFO: Run Behavior\ShowPageTrace [ RunTime:0.000050s ]
INFO: [ app_end ] --END-- [ RunTime:0.000070s ]

[ 2018-07-13T09:05:43+08:00 ] 116.2.170.76 /cxg/index.php?m=Admin&c=Teacher&a=todayAttend
INFO: [ app_begin ] --START--
INFO: Run Behavior\ReadHtmlCache [ RunTime:0.000048s ]
INFO: [ app_begin ] --END-- [ RunTime:0.000105s ]
NOTIC: [8192] mysql_connect(): The mysql extension is deprecated and will be removed in the future: use mysqli or PDO instead /home/wwwroot/cxg/ThinkPHP/Library/Think/Db/Driver/Mysql.class.php 第 52 行.
SQL: SHOW COLUMNS FROM `menu` [ RunTime:0.000526s ]
SQL: SELECT * FROM `menu` WHERE ( `parent_id` = 0 ) AND ( `show` = 1 ) AND ( `type` = 2 ) ORDER BY `id` ASC  [ RunTime:0.000230s ]
SQL: SELECT * FROM `menu` WHERE ( `parent_id` = 7 ) AND ( `show` = 1 ) ORDER BY `id` ASC  [ RunTime:0.000145s ]
SQL: SELECT * FROM `menu` WHERE ( `parent_id` = 14 ) AND ( `show` = 1 ) ORDER BY `id` ASC  [ RunTime:0.000135s ]
SQL: SELECT * FROM `menu` WHERE ( `parent_id` = 15 ) AND ( `show` = 1 ) ORDER BY `id` ASC  [ RunTime:0.000116s ]
SQL: SELECT * FROM `menu` WHERE ( `parent_id` = 16 ) AND ( `show` = 1 ) ORDER BY `id` ASC  [ RunTime:0.000110s ]
SQL: SELECT * FROM `menu` WHERE ( `parent_id` = 17 ) AND ( `show` = 1 ) ORDER BY `id` ASC  [ RunTime:0.000107s ]
SQL: SELECT * FROM `menu` WHERE ( `parent_id` = 18 ) AND ( `show` = 1 ) ORDER BY `id` ASC  [ RunTime:0.000106s ]
SQL: SELECT * FROM `menu` WHERE ( `parent_id` = 19 ) AND ( `show` = 1 ) ORDER BY `id` ASC  [ RunTime:0.000124s ]
SQL: SELECT * FROM `menu` WHERE ( `parent_id` = 20 ) AND ( `show` = 1 ) ORDER BY `id` ASC  [ RunTime:0.000114s ]
SQL: SELECT * FROM `menu` WHERE ( `parent_id` = 40 ) AND ( `show` = 1 ) ORDER BY `id` ASC  [ RunTime:0.000106s ]
SQL: SELECT * FROM `menu` WHERE ( `parent_id` = 60 ) AND ( `show` = 1 ) ORDER BY `id` ASC  [ RunTime:0.000106s ]
SQL: SELECT * FROM `menu` WHERE ( `parent_id` = 61 ) AND ( `show` = 1 ) ORDER BY `id` ASC  [ RunTime:0.000105s ]
SQL: SELECT * FROM `menu` WHERE ( `parent_id` = 75 ) AND ( `show` = 1 ) ORDER BY `id` ASC  [ RunTime:0.000102s ]
INFO: [ view_parse ] --START--
INFO: [ template_filter ] --START--
INFO: Run Behavior\ContentReplace [ RunTime:0.000044s ]
INFO: [ template_filter ] --END-- [ RunTime:0.000079s ]
INFO: Run Behavior\ParseTemplate [ RunTime:0.003445s ]
INFO: [ view_parse ] --END-- [ RunTime:0.003479s ]
INFO: [ view_filter ] --START--
INFO: Run Behavior\WriteHtmlCache [ RunTime:0.000054s ]
INFO: [ view_filter ] --END-- [ RunTime:0.000076s ]
INFO: [ app_end ] --START--
INFO: Run Behavior\ShowPageTrace [ RunTime:0.000050s ]
INFO: [ app_end ] --END-- [ RunTime:0.000071s ]

[ 2018-07-13T09:06:03+08:00 ] 116.2.170.76 /cxg/index.php?m=Admin&c=Teacher&a=getTodayAttend
INFO: [ app_begin ] --START--
INFO: Run Behavior\ReadHtmlCache [ RunTime:0.000047s ]
INFO: [ app_begin ] --END-- [ RunTime:0.000103s ]
NOTIC: [8192] mysql_connect(): The mysql extension is deprecated and will be removed in the future: use mysqli or PDO instead /home/wwwroot/cxg/ThinkPHP/Library/Think/Db/Driver/Mysql.class.php 第 52 行.
SQL: SHOW COLUMNS FROM `config` [ RunTime:0.000485s ]
SQL: SELECT * FROM `config` WHERE ( `name` = 'teacher_attendance_ip' ) LIMIT 0,100   [ RunTime:0.000159s ]
SQL: SHOW COLUMNS FROM `member` [ RunTime:0.000339s ]
SQL: SELECT * FROM `member` LIMIT 0,1000   [ RunTime:0.000124s ]

[ 2018-07-13T09:10:40+08:00 ] 58.64.185.60 /cxg/index.php?m=Admin
INFO: [ app_begin ] --START--
INFO: Run Behavior\ReadHtmlCache [ RunTime:0.000053s ]
INFO: [ app_begin ] --END-- [ RunTime:0.000123s ]
INFO: [ view_parse ] --START--
INFO: [ template_filter ] --START--
INFO: Run Behavior\ContentReplace [ RunTime:0.000023s ]
INFO: [ template_filter ] --END-- [ RunTime:0.000055s ]
INFO: Run Behavior\ParseTemplate [ RunTime:0.001196s ]
INFO: [ view_parse ] --END-- [ RunTime:0.001225s ]
INFO: [ view_filter ] --START--
INFO: Run Behavior\WriteHtmlCache [ RunTime:0.000055s ]
INFO: [ view_filter ] --END-- [ RunTime:0.000085s ]

[ 2018-07-13T09:11:07+08:00 ] 116.2.170.76 /cxg/index.php?m=Admin&c=Teacher&a=todayAttend
INFO: [ app_begin ] --START--
INFO: Run Behavior\ReadHtmlCache [ RunTime:0.000047s ]
INFO: [ app_begin ] --END-- [ RunTime:0.000101s ]
NOTIC: [8192] mysql_connect(): The mysql extension is deprecated and will be removed in the future: use mysqli or PDO instead /home/wwwroot/cxg/ThinkPHP/Library/Think/Db/Driver/Mysql.class.php 第 52 行.
SQL: SHOW COLUMNS FROM `menu` [ RunTime:0.000508s ]
SQL: SELECT * FROM `menu` WHERE ( `parent_id` = 0 ) AND ( `show` = 1 ) AND ( `type` = 2 ) ORDER BY `id` ASC  [ RunTime:0.000190s ]
SQL: SELECT * FROM `menu` WHERE ( `parent_id` = 7 ) AND ( `show` = 1 ) ORDER BY `id` ASC  [ RunTime:0.000132s ]
SQL: SELECT * FROM `menu` WHERE ( `parent_id` = 14 ) AND ( `show` = 1 ) ORDER BY `id` ASC  [ RunTime:0.000134s ]
SQL: SELECT * FROM `menu` WHERE ( `parent_id` = 15 ) AND ( `show` = 1 ) ORDER BY `id` ASC  [ RunTime:0.000118s ]
SQL: SELECT * FROM `menu` WHERE ( `parent_id` = 16 ) AND ( `show` = 1 ) ORDER BY `id` ASC  [ RunTime:0.000117s ]
SQL: SELECT * FROM `menu` WHERE ( `parent_id` = 17 ) AND ( `show` = 1 ) ORDER BY `id` ASC  [ RunTime:0.000106s ]
SQL: SELECT * FROM `menu` WHERE ( `parent_id` = 18 ) AND ( `show` = 1 ) ORDER BY `id` ASC  [ RunTime:0.000105s ]
SQL: SELECT * FROM `menu` WHERE ( `parent_id` = 19 ) AND ( `show` = 1 ) ORDER BY `id` ASC  [ RunTime:0.000109s ]
SQL: SELECT * FROM `menu` WHERE ( `parent_id` = 20 ) AND ( `show` = 1 ) ORDER BY `id` ASC  [ RunTime:0.000112s ]
SQL: SELECT * FROM `menu` WHERE ( `parent_id` = 40 ) AND ( `show` = 1 ) ORDER BY `id` ASC  [ RunTime:0.000104s ]
SQL: SELECT * FROM `menu` WHERE ( `parent_id` = 60 ) AND ( `show` = 1 ) ORDER BY `id` ASC  [ RunTime:0.000108s ]
SQL: SELECT * FROM `menu` WHERE ( `parent_id` = 61 ) AND ( `show` = 1 ) ORDER BY `id` ASC  [ RunTime:0.000104s ]
SQL: SELECT * FROM `menu` WHERE ( `parent_id` = 75 ) AND ( `show` = 1 ) ORDER BY `id` ASC  [ RunTime:0.000100s ]
INFO: [ view_parse ] --START--
INFO: [ template_filter ] --START--
INFO: Run Behavior\ContentReplace [ RunTime:0.000044s ]
INFO: [ template_filter ] --END-- [ RunTime:0.000074s ]
INFO: Run Behavior\ParseTemplate [ RunTime:0.003250s ]
INFO: [ view_parse ] --END-- [ RunTime:0.003281s ]
INFO: [ view_filter ] --START--
INFO: Run Behavior\WriteHtmlCache [ RunTime:0.000056s ]
INFO: [ view_filter ] --END-- [ RunTime:0.000075s ]
INFO: [ app_end ] --START--
INFO: Run Behavior\ShowPageTrace [ RunTime:0.000054s ]
INFO: [ app_end ] --END-- [ RunTime:0.000080s ]

[ 2018-07-13T09:11:27+08:00 ] 116.2.170.76 /cxg/index.php?m=Admin&c=Teacher&a=getTodayAttend
INFO: [ app_begin ] --START--
INFO: Run Behavior\ReadHtmlCache [ RunTime:0.000055s ]
INFO: [ app_begin ] --END-- [ RunTime:0.000111s ]
NOTIC: [8192] mysql_connect(): The mysql extension is deprecated and will be removed in the future: use mysqli or PDO instead /home/wwwroot/cxg/ThinkPHP/Library/Think/Db/Driver/Mysql.class.php 第 52 行.
SQL: SHOW COLUMNS FROM `config` [ RunTime:0.000473s ]
SQL: SELECT * FROM `config` WHERE ( `name` = 'teacher_attendance_ip' ) LIMIT 0,100   [ RunTime:0.000170s ]
SQL: SHOW COLUMNS FROM `member` [ RunTime:0.000346s ]
SQL: SELECT * FROM `member` LIMIT 0,1000   [ RunTime:0.000128s ]

[ 2018-07-13T09:17:29+08:00 ] 171.13.14.133 /cxg/index.php?m=Admin&c=Teacher&a=todayAttend
INFO: [ app_begin ] --START--
INFO: Run Behavior\ReadHtmlCache [ RunTime:0.000058s ]
INFO: [ app_begin ] --END-- [ RunTime:0.000131s ]
NOTIC: [8192] mysql_connect(): The mysql extension is deprecated and will be removed in the future: use mysqli or PDO instead /home/wwwroot/cxg/ThinkPHP/Library/Think/Db/Driver/Mysql.class.php 第 52 行.
SQL: SHOW COLUMNS FROM `menu` [ RunTime:0.000537s ]
SQL: SELECT * FROM `menu` WHERE ( `parent_id` = 0 ) AND ( `show` = 1 ) AND ( `type` = 2 ) ORDER BY `id` ASC  [ RunTime:0.000217s ]
SQL: SELECT * FROM `menu` WHERE ( `parent_id` = 7 ) AND ( `show` = 1 ) ORDER BY `id` ASC  [ RunTime:0.000142s ]
SQL: SELECT * FROM `menu` WHERE ( `parent_id` = 14 ) AND ( `show` = 1 ) ORDER BY `id` ASC  [ RunTime:0.000116s ]
SQL: SELECT * FROM `menu` WHERE ( `parent_id` = 15 ) AND ( `show` = 1 ) ORDER BY `id` ASC  [ RunTime:0.000209s ]
SQL: SELECT * FROM `menu` WHERE ( `parent_id` = 16 ) AND ( `show` = 1 ) ORDER BY `id` ASC  [ RunTime:0.000128s ]
SQL: SELECT * FROM `menu` WHERE ( `parent_id` = 17 ) AND ( `show` = 1 ) ORDER BY `id` ASC  [ RunTime:0.000128s ]
SQL: SELECT * FROM `menu` WHERE ( `parent_id` = 18 ) AND ( `show` = 1 ) ORDER BY `id` ASC  [ RunTime:0.000112s ]
SQL: SELECT * FROM `menu` WHERE ( `parent_id` = 19 ) AND ( `show` = 1 ) ORDER BY `id` ASC  [ RunTime:0.000114s ]
SQL: SELECT * FROM `menu` WHERE ( `parent_id` = 20 ) AND ( `show` = 1 ) ORDER BY `id` ASC  [ RunTime:0.000110s ]
SQL: SELECT * FROM `menu` WHERE ( `parent_id` = 40 ) AND ( `show` = 1 ) ORDER BY `id` ASC  [ RunTime:0.000105s ]
SQL: SELECT * FROM `menu` WHERE ( `parent_id` = 60 ) AND ( `show` = 1 ) ORDER BY `id` ASC  [ RunTime:0.000115s ]
SQL: SELECT * FROM `menu` WHERE ( `parent_id` = 61 ) AND ( `show` = 1 ) ORDER BY `id` ASC  [ RunTime:0.000107s ]
SQL: SELECT * FROM `menu` WHERE ( `parent_id` = 75 ) AND ( `show` = 1 ) ORDER BY `id` ASC  [ RunTime:0.000103s ]
INFO: [ view_parse ] --START--
INFO: [ template_filter ] --START--
INFO: Run Behavior\ContentReplace [ RunTime:0.000045s ]
INFO: [ template_filter ] --END-- [ RunTime:0.000076s ]
INFO: Run Behavior\ParseTemplate [ RunTime:0.003481s ]
INFO: [ view_parse ] --END-- [ RunTime:0.003514s ]
INFO: [ view_filter ] --START--
INFO: Run Behavior\WriteHtmlCache [ RunTime:0.000059s ]
INFO: [ view_filter ] --END-- [ RunTime:0.000079s ]
INFO: [ app_end ] --START--
INFO: Run Behavior\ShowPageTrace [ RunTime:0.000055s ]
INFO: [ app_end ] --END-- [ RunTime:0.000075s ]

[ 2018-07-13T09:18:23+08:00 ] 210.209.93.165 /cxg/index.php?m=Admin&c=Teacher&a=todayAttend
INFO: [ app_begin ] --START--
INFO: Run Behavior\ReadHtmlCache [ RunTime:0.000045s ]
INFO: [ app_begin ] --END-- [ RunTime:0.000099s ]
NOTIC: [8192] mysql_connect(): The mysql extension is deprecated and will be removed in the future: use mysqli or PDO instead /home/wwwroot/cxg/ThinkPHP/Library/Think/Db/Driver/Mysql.class.php 第 52 行.
SQL: SHOW COLUMNS FROM `menu` [ RunTime:0.000475s ]
SQL: SELECT * FROM `menu` WHERE ( `parent_id` = 0 ) AND ( `show` = 1 ) AND ( `type` = 2 ) ORDER BY `id` ASC  [ RunTime:0.000189s ]
SQL: SELECT * FROM `menu` WHERE ( `parent_id` = 7 ) AND ( `show` = 1 ) ORDER BY `id` ASC  [ RunTime:0.000196s ]
SQL: SELECT * FROM `menu` WHERE ( `parent_id` = 14 ) AND ( `show` = 1 ) ORDER BY `id` ASC  [ RunTime:0.000117s ]
SQL: SELECT * FROM `menu` WHERE ( `parent_id` = 15 ) AND ( `show` = 1 ) ORDER BY `id` ASC  [ RunTime:0.000123s ]
SQL: SELECT * FROM `menu` WHERE ( `parent_id` = 16 ) AND ( `show` = 1 ) ORDER BY `id` ASC  [ RunTime:0.000114s ]
SQL: SELECT * FROM `menu` WHERE ( `parent_id` = 17 ) AND ( `show` = 1 ) ORDER BY `id` ASC  [ RunTime:0.000196s ]
SQL: SELECT * FROM `menu` WHERE ( `parent_id` = 18 ) AND ( `show` = 1 ) ORDER BY `id` ASC  [ RunTime:0.000120s ]
SQL: SELECT * FROM `menu` WHERE ( `parent_id` = 19 ) AND ( `show` = 1 ) ORDER BY `id` ASC  [ RunTime:0.000176s ]
SQL: SELECT * FROM `menu` WHERE ( `parent_id` = 20 ) AND ( `show` = 1 ) ORDER BY `id` ASC  [ RunTime:0.000130s ]
SQL: SELECT * FROM `menu` WHERE ( `parent_id` = 40 ) AND ( `show` = 1 ) ORDER BY `id` ASC  [ RunTime:0.000145s ]
SQL: SELECT * FROM `menu` WHERE ( `parent_id` = 60 ) AND ( `show` = 1 ) ORDER BY `id` ASC  [ RunTime:0.000108s ]
SQL: SELECT * FROM `menu` WHERE ( `parent_id` = 61 ) AND ( `show` = 1 ) ORDER BY `id` ASC  [ RunTime:0.000104s ]
SQL: SELECT * FROM `menu` WHERE ( `parent_id` = 75 ) AND ( `show` = 1 ) ORDER BY `id` ASC  [ RunTime:0.000139s ]
INFO: [ view_parse ] --START--
INFO: [ template_filter ] --START--
INFO: Run Behavior\ContentReplace [ RunTime:0.000041s ]
INFO: [ template_filter ] --END-- [ RunTime:0.000070s ]
INFO: Run Behavior\ParseTemplate [ RunTime:0.003152s ]
INFO: [ view_parse ] --END-- [ RunTime:0.003184s ]
INFO: [ view_filter ] --START--
INFO: Run Behavior\WriteHtmlCache [ RunTime:0.000049s ]
INFO: [ view_filter ] --END-- [ RunTime:0.000067s ]
INFO: [ app_end ] --START--
INFO: Run Behavior\ShowPageTrace [ RunTime:0.000045s ]
INFO: [ app_end ] --END-- [ RunTime:0.000063s ]

