[ 2018-07-12T15:38:26+08:00 ] 116.2.170.76 /cxg/index.php?m=Admin
INFO: [ app_begin ] --START--
INFO: Run Behavior\ReadHtmlCache [ RunTime:0.000529s ]
INFO: [ app_begin ] --END-- [ RunTime:0.000932s ]
INFO: [ view_parse ] --START--
INFO: [ template_filter ] --START--
INFO: Run Behavior\ContentReplace [ RunTime:0.000023s ]
INFO: [ template_filter ] --END-- [ RunTime:0.000058s ]
INFO: Run Behavior\ParseTemplate [ RunTime:0.005110s ]
INFO: [ view_parse ] --END-- [ RunTime:0.005139s ]
INFO: [ view_filter ] --START--
INFO: Run Behavior\WriteHtmlCache [ RunTime:0.000182s ]
INFO: [ view_filter ] --END-- [ RunTime:0.000204s ]

[ 2018-07-12T15:38:29+08:00 ] 116.2.170.76 /cxg/index.php?m=Admin
INFO: [ app_begin ] --START--
INFO: Run Behavior\ReadHtmlCache [ RunTime:0.000062s ]
INFO: [ app_begin ] --END-- [ RunTime:0.000127s ]
INFO: [ view_parse ] --START--
INFO: [ template_filter ] --START--
INFO: Run Behavior\ContentReplace [ RunTime:0.000025s ]
INFO: [ template_filter ] --END-- [ RunTime:0.000057s ]
INFO: Run Behavior\ParseTemplate [ RunTime:0.001309s ]
INFO: [ view_parse ] --END-- [ RunTime:0.001341s ]
INFO: [ view_filter ] --START--
INFO: Run Behavior\WriteHtmlCache [ RunTime:0.000056s ]
INFO: [ view_filter ] --END-- [ RunTime:0.000075s ]

[ 2018-07-12T15:38:34+08:00 ] 116.2.170.76 /cxg/index.php?m=Admin&c=Log&a=dolog
INFO: [ app_begin ] --START--
INFO: Run Behavior\ReadHtmlCache [ RunTime:0.000048s ]
INFO: [ app_begin ] --END-- [ RunTime:0.000101s ]
NOTIC: [8192] mysql_connect(): The mysql extension is deprecated and will be removed in the future: use mysqli or PDO instead /home/wwwroot/cxg/ThinkPHP/Library/Think/Db/Driver/Mysql.class.php 第 52 行.
SQL: SHOW COLUMNS FROM `manage` [ RunTime:0.000465s ]
SQL: SELECT * FROM `manage` WHERE ( `name` = 'admin' ) AND ( `password` = '21232f297a57a5a743894a0e4a801fc3' ) LIMIT 0,100   [ RunTime:0.000163s ]

[ 2018-07-12T15:38:34+08:00 ] 116.2.170.76 /cxg/index.php?m=Admin
INFO: [ app_begin ] --START--
INFO: Run Behavior\ReadHtmlCache [ RunTime:0.000055s ]
INFO: [ app_begin ] --END-- [ RunTime:0.000111s ]
NOTIC: [8] Undefined index: act /home/wwwroot/cxg/Application/Admin/Controller/IndexController.class.php 第 18 行.
NOTIC: [8192] mysql_connect(): The mysql extension is deprecated and will be removed in the future: use mysqli or PDO instead /home/wwwroot/cxg/ThinkPHP/Library/Think/Db/Driver/Mysql.class.php 第 52 行.
SQL: SHOW COLUMNS FROM `menu` [ RunTime:0.000446s ]
SQL: SELECT * FROM `menu` WHERE ( `parent_id` = 0 ) AND ( `show` = 1 ) AND ( `type` = 2 ) ORDER BY `id` ASC  [ RunTime:0.000185s ]
SQL: SELECT * FROM `menu` WHERE ( `parent_id` = 7 ) AND ( `show` = 1 ) ORDER BY `id` ASC  [ RunTime:0.000123s ]
SQL: SELECT * FROM `menu` WHERE ( `parent_id` = 14 ) AND ( `show` = 1 ) ORDER BY `id` ASC  [ RunTime:0.000192s ]
SQL: SELECT * FROM `menu` WHERE ( `parent_id` = 15 ) AND ( `show` = 1 ) ORDER BY `id` ASC  [ RunTime:0.000139s ]
SQL: SELECT * FROM `menu` WHERE ( `parent_id` = 16 ) AND ( `show` = 1 ) ORDER BY `id` ASC  [ RunTime:0.000109s ]
SQL: SELECT * FROM `menu` WHERE ( `parent_id` = 17 ) AND ( `show` = 1 ) ORDER BY `id` ASC  [ RunTime:0.000101s ]
SQL: SELECT * FROM `menu` WHERE ( `parent_id` = 18 ) AND ( `show` = 1 ) ORDER BY `id` ASC  [ RunTime:0.000100s ]
SQL: SELECT * FROM `menu` WHERE ( `parent_id` = 19 ) AND ( `show` = 1 ) ORDER BY `id` ASC  [ RunTime:0.000105s ]
SQL: SELECT * FROM `menu` WHERE ( `parent_id` = 20 ) AND ( `show` = 1 ) ORDER BY `id` ASC  [ RunTime:0.000103s ]
SQL: SELECT * FROM `menu` WHERE ( `parent_id` = 40 ) AND ( `show` = 1 ) ORDER BY `id` ASC  [ RunTime:0.000101s ]
SQL: SELECT * FROM `menu` WHERE ( `parent_id` = 60 ) AND ( `show` = 1 ) ORDER BY `id` ASC  [ RunTime:0.000100s ]
SQL: SELECT * FROM `menu` WHERE ( `parent_id` = 61 ) AND ( `show` = 1 ) ORDER BY `id` ASC  [ RunTime:0.000098s ]
SQL: SELECT * FROM `menu` WHERE ( `parent_id` = 75 ) AND ( `show` = 1 ) ORDER BY `id` ASC  [ RunTime:0.000096s ]
INFO: [ view_parse ] --START--
INFO: [ template_filter ] --START--
INFO: Run Behavior\ContentReplace [ RunTime:0.000039s ]
INFO: [ template_filter ] --END-- [ RunTime:0.000067s ]
INFO: Run Behavior\ParseTemplate [ RunTime:0.003174s ]
INFO: [ view_parse ] --END-- [ RunTime:0.003216s ]
INFO: [ view_filter ] --START--
INFO: Run Behavior\WriteHtmlCache [ RunTime:0.000047s ]
INFO: [ view_filter ] --END-- [ RunTime:0.000068s ]
INFO: [ app_end ] --START--
INFO: Run Behavior\ShowPageTrace [ RunTime:0.000714s ]
INFO: [ app_end ] --END-- [ RunTime:0.000743s ]

[ 2018-07-12T15:38:34+08:00 ] 116.2.170.76 /cxg/index.php?m=Admin&c=Index&a=getInfo
INFO: [ app_begin ] --START--
INFO: Run Behavior\ReadHtmlCache [ RunTime:0.000055s ]
INFO: [ app_begin ] --END-- [ RunTime:0.000114s ]
NOTIC: [8192] mysql_connect(): The mysql extension is deprecated and will be removed in the future: use mysqli or PDO instead /home/wwwroot/cxg/ThinkPHP/Library/Think/Db/Driver/Mysql.class.php 第 52 行.
SQL: SHOW COLUMNS FROM `manage` [ RunTime:0.000496s ]
SQL: SELECT * FROM `manage` WHERE ( `id` = 1 ) LIMIT 0,100   [ RunTime:0.000152s ]
SQL: SHOW COLUMNS FROM `class_year` [ RunTime:0.000319s ]
SQL: SELECT * FROM `class_year` WHERE ( `director_id` = 1 ) LIMIT 0,100   [ RunTime:0.000131s ]
SQL: SHOW COLUMNS FROM `student_leave` [ RunTime:0.000376s ]
SQL: SELECT COUNT(*) AS tp_count FROM `student_leave` WHERE ( `status` IN (3,4) ) LIMIT 1   [ RunTime:0.000138s ]

[ 2018-07-12T15:38:49+08:00 ] 116.2.170.76 /cxg/index.php?m=Admin&c=Index&a=getInfo
INFO: [ app_begin ] --START--
INFO: Run Behavior\ReadHtmlCache [ RunTime:0.000054s ]
INFO: [ app_begin ] --END-- [ RunTime:0.000110s ]
NOTIC: [8192] mysql_connect(): The mysql extension is deprecated and will be removed in the future: use mysqli or PDO instead /home/wwwroot/cxg/ThinkPHP/Library/Think/Db/Driver/Mysql.class.php 第 52 行.
SQL: SHOW COLUMNS FROM `manage` [ RunTime:0.000541s ]
SQL: SELECT * FROM `manage` WHERE ( `id` = 1 ) LIMIT 0,100   [ RunTime:0.000178s ]
SQL: SHOW COLUMNS FROM `class_year` [ RunTime:0.000322s ]
SQL: SELECT * FROM `class_year` WHERE ( `director_id` = 1 ) LIMIT 0,100   [ RunTime:0.000132s ]
SQL: SHOW COLUMNS FROM `student_leave` [ RunTime:0.000415s ]
SQL: SELECT COUNT(*) AS tp_count FROM `student_leave` WHERE ( `status` IN (3,4) ) LIMIT 1   [ RunTime:0.000141s ]

[ 2018-07-12T15:38:52+08:00 ] 116.2.170.76 /cxg/index.php?m=Admin&c=Index&a=getInfo
INFO: [ app_begin ] --START--
INFO: Run Behavior\ReadHtmlCache [ RunTime:0.000045s ]
INFO: [ app_begin ] --END-- [ RunTime:0.000096s ]
NOTIC: [8192] mysql_connect(): The mysql extension is deprecated and will be removed in the future: use mysqli or PDO instead /home/wwwroot/cxg/ThinkPHP/Library/Think/Db/Driver/Mysql.class.php 第 52 行.
SQL: SHOW COLUMNS FROM `manage` [ RunTime:0.000534s ]
SQL: SELECT * FROM `manage` WHERE ( `id` = 1 ) LIMIT 0,100   [ RunTime:0.000156s ]
SQL: SHOW COLUMNS FROM `class_year` [ RunTime:0.000330s ]
SQL: SELECT * FROM `class_year` WHERE ( `director_id` = 1 ) LIMIT 0,100   [ RunTime:0.000144s ]
SQL: SHOW COLUMNS FROM `student_leave` [ RunTime:0.000383s ]
SQL: SELECT COUNT(*) AS tp_count FROM `student_leave` WHERE ( `status` IN (3,4) ) LIMIT 1   [ RunTime:0.000141s ]

[ 2018-07-12T15:38:53+08:00 ] 116.2.170.76 /cxg/index.php?m=Admin&c=Leave&a=index&id=60.62
INFO: [ app_begin ] --START--
INFO: Run Behavior\ReadHtmlCache [ RunTime:0.000044s ]
INFO: [ app_begin ] --END-- [ RunTime:0.000099s ]
NOTIC: [8192] mysql_connect(): The mysql extension is deprecated and will be removed in the future: use mysqli or PDO instead /home/wwwroot/cxg/ThinkPHP/Library/Think/Db/Driver/Mysql.class.php 第 52 行.
SQL: SHOW COLUMNS FROM `menu` [ RunTime:0.000452s ]
SQL: SHOW COLUMNS FROM `menu` [ RunTime:0.000285s ]
SQL: SELECT * FROM `menu` WHERE ( `parent_id` = 0 ) AND ( `show` = 1 ) AND ( `type` = 2 ) ORDER BY `id` ASC  [ RunTime:0.000180s ]
SQL: SELECT * FROM `menu` WHERE ( `parent_id` = 7 ) AND ( `show` = 1 ) ORDER BY `id` ASC  [ RunTime:0.000127s ]
SQL: SELECT * FROM `menu` WHERE ( `parent_id` = 14 ) AND ( `show` = 1 ) ORDER BY `id` ASC  [ RunTime:0.000107s ]
SQL: SELECT * FROM `menu` WHERE ( `parent_id` = 15 ) AND ( `show` = 1 ) ORDER BY `id` ASC  [ RunTime:0.000104s ]
SQL: SELECT * FROM `menu` WHERE ( `parent_id` = 16 ) AND ( `show` = 1 ) ORDER BY `id` ASC  [ RunTime:0.000132s ]
SQL: SELECT * FROM `menu` WHERE ( `parent_id` = 17 ) AND ( `show` = 1 ) ORDER BY `id` ASC  [ RunTime:0.000105s ]
SQL: SELECT * FROM `menu` WHERE ( `parent_id` = 18 ) AND ( `show` = 1 ) ORDER BY `id` ASC  [ RunTime:0.000099s ]
SQL: SELECT * FROM `menu` WHERE ( `parent_id` = 19 ) AND ( `show` = 1 ) ORDER BY `id` ASC  [ RunTime:0.000104s ]
SQL: SELECT * FROM `menu` WHERE ( `parent_id` = 20 ) AND ( `show` = 1 ) ORDER BY `id` ASC  [ RunTime:0.000103s ]
SQL: SELECT * FROM `menu` WHERE ( `parent_id` = 40 ) AND ( `show` = 1 ) ORDER BY `id` ASC  [ RunTime:0.000099s ]
SQL: SELECT * FROM `menu` WHERE ( `parent_id` = 60 ) AND ( `show` = 1 ) ORDER BY `id` ASC  [ RunTime:0.000101s ]
SQL: SELECT * FROM `menu` WHERE ( `parent_id` = 61 ) AND ( `show` = 1 ) ORDER BY `id` ASC  [ RunTime:0.000100s ]
SQL: SELECT * FROM `menu` WHERE ( `parent_id` = 75 ) AND ( `show` = 1 ) ORDER BY `id` ASC  [ RunTime:0.000096s ]
INFO: [ view_parse ] --START--
INFO: [ template_filter ] --START--
INFO: Run Behavior\ContentReplace [ RunTime:0.000063s ]
INFO: [ template_filter ] --END-- [ RunTime:0.000093s ]
NOTIC: [8] Undefined index: stime /home/wwwroot/cxg/Application/Runtime/Cache/Admin/e39178b1aa36d1a8dcbacf729a4b91f3.php 第 189 行.
NOTIC: [8] Undefined index: etime /home/wwwroot/cxg/Application/Runtime/Cache/Admin/e39178b1aa36d1a8dcbacf729a4b91f3.php 第 190 行.
INFO: Run Behavior\ParseTemplate [ RunTime:0.004612s ]
INFO: [ view_parse ] --END-- [ RunTime:0.004638s ]
INFO: [ view_filter ] --START--
INFO: Run Behavior\WriteHtmlCache [ RunTime:0.000047s ]
INFO: [ view_filter ] --END-- [ RunTime:0.000065s ]
INFO: [ app_end ] --START--
INFO: Run Behavior\ShowPageTrace [ RunTime:0.000044s ]
INFO: [ app_end ] --END-- [ RunTime:0.000063s ]

[ 2018-07-12T15:38:54+08:00 ] 116.2.170.76 /cxg/index.php?m=Admin&c=Leave&a=getLeaveList
INFO: [ app_begin ] --START--
INFO: Run Behavior\ReadHtmlCache [ RunTime:0.000044s ]
INFO: [ app_begin ] --END-- [ RunTime:0.000096s ]
NOTIC: [8192] mysql_connect(): The mysql extension is deprecated and will be removed in the future: use mysqli or PDO instead /home/wwwroot/cxg/ThinkPHP/Library/Think/Db/Driver/Mysql.class.php 第 52 行.
SQL: SHOW COLUMNS FROM `student` [ RunTime:0.000495s ]
SQL: SELECT `id`,`name`,`iden`,`sex`,`class_id`,`dormitory_id`,`note`,`contact`,`contact_phone`,`bed_no` FROM `student`  [ RunTime:0.000234s ]
SQL: SHOW COLUMNS FROM `class` [ RunTime:0.000334s ]
SQL: SELECT * FROM `class` ORDER BY `name` ASC  [ RunTime:0.000124s ]
SQL: SHOW COLUMNS FROM `class_year` [ RunTime:0.000277s ]
SQL: SELECT * FROM `class_year` WHERE ( `director_id` = 1 ) LIMIT 0,100   [ RunTime:0.000128s ]
SQL: SHOW COLUMNS FROM `student_leave` [ RunTime:0.000356s ]
SQL: SELECT * FROM `student_leave` ORDER BY `id` desc LIMIT 0,100   [ RunTime:0.000275s ]
SQL: SHOW COLUMNS FROM `manage` [ RunTime:0.000301s ]
SQL: SELECT * FROM `manage` WHERE ( `id` = 1 ) LIMIT 0,100   [ RunTime:0.000113s ]

[ 2018-07-12T16:33:24+08:00 ] 116.2.170.76 /cxg/index.php?m=Admin&c=Leave&a=index&id=60.62
INFO: [ app_begin ] --START--
INFO: Run Behavior\ReadHtmlCache [ RunTime:0.000051s ]
INFO: [ app_begin ] --END-- [ RunTime:0.000114s ]
NOTIC: [8192] mysql_connect(): The mysql extension is deprecated and will be removed in the future: use mysqli or PDO instead /home/wwwroot/cxg/ThinkPHP/Library/Think/Db/Driver/Mysql.class.php 第 52 行.
SQL: SHOW COLUMNS FROM `menu` [ RunTime:0.000460s ]
SQL: SHOW COLUMNS FROM `menu` [ RunTime:0.000291s ]
SQL: SELECT * FROM `menu` WHERE ( `parent_id` = 0 ) AND ( `show` = 1 ) AND ( `type` = 2 ) ORDER BY `id` ASC  [ RunTime:0.000225s ]
SQL: SELECT * FROM `menu` WHERE ( `parent_id` = 7 ) AND ( `show` = 1 ) ORDER BY `id` ASC  [ RunTime:0.000145s ]
SQL: SELECT * FROM `menu` WHERE ( `parent_id` = 14 ) AND ( `show` = 1 ) ORDER BY `id` ASC  [ RunTime:0.000116s ]
SQL: SELECT * FROM `menu` WHERE ( `parent_id` = 15 ) AND ( `show` = 1 ) ORDER BY `id` ASC  [ RunTime:0.000120s ]
SQL: SELECT * FROM `menu` WHERE ( `parent_id` = 16 ) AND ( `show` = 1 ) ORDER BY `id` ASC  [ RunTime:0.000111s ]
SQL: SELECT * FROM `menu` WHERE ( `parent_id` = 17 ) AND ( `show` = 1 ) ORDER BY `id` ASC  [ RunTime:0.000105s ]
SQL: SELECT * FROM `menu` WHERE ( `parent_id` = 18 ) AND ( `show` = 1 ) ORDER BY `id` ASC  [ RunTime:0.000102s ]
SQL: SELECT * FROM `menu` WHERE ( `parent_id` = 19 ) AND ( `show` = 1 ) ORDER BY `id` ASC  [ RunTime:0.000106s ]
SQL: SELECT * FROM `menu` WHERE ( `parent_id` = 20 ) AND ( `show` = 1 ) ORDER BY `id` ASC  [ RunTime:0.000107s ]
SQL: SELECT * FROM `menu` WHERE ( `parent_id` = 40 ) AND ( `show` = 1 ) ORDER BY `id` ASC  [ RunTime:0.000106s ]
SQL: SELECT * FROM `menu` WHERE ( `parent_id` = 60 ) AND ( `show` = 1 ) ORDER BY `id` ASC  [ RunTime:0.000103s ]
SQL: SELECT * FROM `menu` WHERE ( `parent_id` = 61 ) AND ( `show` = 1 ) ORDER BY `id` ASC  [ RunTime:0.000102s ]
SQL: SELECT * FROM `menu` WHERE ( `parent_id` = 75 ) AND ( `show` = 1 ) ORDER BY `id` ASC  [ RunTime:0.000106s ]
INFO: [ view_parse ] --START--
INFO: [ template_filter ] --START--
INFO: Run Behavior\ContentReplace [ RunTime:0.000064s ]
INFO: [ template_filter ] --END-- [ RunTime:0.000094s ]
NOTIC: [8] Undefined index: stime /home/wwwroot/cxg/Application/Runtime/Cache/Admin/e39178b1aa36d1a8dcbacf729a4b91f3.php 第 189 行.
NOTIC: [8] Undefined index: etime /home/wwwroot/cxg/Application/Runtime/Cache/Admin/e39178b1aa36d1a8dcbacf729a4b91f3.php 第 190 行.
INFO: Run Behavior\ParseTemplate [ RunTime:0.004713s ]
INFO: [ view_parse ] --END-- [ RunTime:0.004738s ]
INFO: [ view_filter ] --START--
INFO: Run Behavior\WriteHtmlCache [ RunTime:0.000055s ]
INFO: [ view_filter ] --END-- [ RunTime:0.000081s ]
INFO: [ app_end ] --START--
INFO: Run Behavior\ShowPageTrace [ RunTime:0.000053s ]
INFO: [ app_end ] --END-- [ RunTime:0.000072s ]

[ 2018-07-12T16:33:25+08:00 ] 116.2.170.76 /cxg/index.php?m=Admin&c=Leave&a=getLeaveList
INFO: [ app_begin ] --START--
INFO: Run Behavior\ReadHtmlCache [ RunTime:0.000044s ]
INFO: [ app_begin ] --END-- [ RunTime:0.000097s ]
NOTIC: [8192] mysql_connect(): The mysql extension is deprecated and will be removed in the future: use mysqli or PDO instead /home/wwwroot/cxg/ThinkPHP/Library/Think/Db/Driver/Mysql.class.php 第 52 行.
SQL: SHOW COLUMNS FROM `student` [ RunTime:0.000583s ]
SQL: SELECT `id`,`name`,`iden`,`sex`,`class_id`,`dormitory_id`,`note`,`contact`,`contact_phone`,`bed_no` FROM `student`  [ RunTime:0.000254s ]
SQL: SHOW COLUMNS FROM `class` [ RunTime:0.000420s ]
SQL: SELECT * FROM `class` ORDER BY `name` ASC  [ RunTime:0.000146s ]
SQL: SHOW COLUMNS FROM `class_year` [ RunTime:0.000380s ]
SQL: SELECT * FROM `class_year` WHERE ( `director_id` = 1 ) LIMIT 0,100   [ RunTime:0.000127s ]
SQL: SHOW COLUMNS FROM `student_leave` [ RunTime:0.000394s ]
SQL: SELECT * FROM `student_leave` ORDER BY `id` desc LIMIT 0,100   [ RunTime:0.000280s ]
SQL: SHOW COLUMNS FROM `manage` [ RunTime:0.000346s ]
SQL: SELECT * FROM `manage` WHERE ( `id` = 1 ) LIMIT 0,100   [ RunTime:0.000149s ]

