[ 2018-07-20T14:31:39+08:00 ] 116.2.163.213 /cxg/
INFO: [ app_begin ] --START--
INFO: Run Behavior\ReadHtmlCache [ RunTime:0.001189s ]
INFO: [ app_begin ] --END-- [ RunTime:0.002213s ]
INFO: [ view_parse ] --START--
INFO: [ template_filter ] --START--
INFO: Run Behavior\ContentReplace [ RunTime:0.000031s ]
INFO: [ template_filter ] --END-- [ RunTime:0.000075s ]
INFO: Run Behavior\ParseTemplate [ RunTime:0.008818s ]
INFO: [ view_parse ] --END-- [ RunTime:0.008859s ]
INFO: [ view_filter ] --START--
INFO: Run Behavior\WriteHtmlCache [ RunTime:0.000714s ]
INFO: [ view_filter ] --END-- [ RunTime:0.000742s ]

[ 2018-07-20T14:36:02+08:00 ] 116.2.163.213 /cxg/
INFO: [ app_begin ] --START--
INFO: Run Behavior\ReadHtmlCache [ RunTime:0.000062s ]
INFO: [ app_begin ] --END-- [ RunTime:0.000170s ]
INFO: [ view_parse ] --START--
INFO: [ template_filter ] --START--
INFO: Run Behavior\ContentReplace [ RunTime:0.000029s ]
INFO: [ template_filter ] --END-- [ RunTime:0.000062s ]
INFO: Run Behavior\ParseTemplate [ RunTime:0.001745s ]
INFO: [ view_parse ] --END-- [ RunTime:0.001776s ]
INFO: [ view_filter ] --START--
INFO: Run Behavior\WriteHtmlCache [ RunTime:0.000059s ]
INFO: [ view_filter ] --END-- [ RunTime:0.000076s ]

[ 2018-07-20T15:28:35+08:00 ] 116.2.163.213 /cxg/index.php?m=Home&c=Android&a=doLog&types=json&Name=yinianzhu&Pass=123456
INFO: [ app_begin ] --START--
INFO: Run Behavior\ReadHtmlCache [ RunTime:0.000052s ]
INFO: [ app_begin ] --END-- [ RunTime:0.000114s ]
NOTIC: [8192] mysql_connect(): The mysql extension is deprecated and will be removed in the future: use mysqli or PDO instead /home/wwwroot/cxg/ThinkPHP/Library/Think/Db/Driver/Mysql.class.php 第 52 行.
SQL: SHOW COLUMNS FROM `member` [ RunTime:0.034584s ]
SQL: SELECT * FROM `member` WHERE ( `name` = 'yinianzhu' ) AND ( `password` = 'e10adc3949ba59abbe56e057f20f883e' ) LIMIT 0,100   [ RunTime:0.000312s ]
SQL: SHOW COLUMNS FROM `manage` [ RunTime:0.002410s ]
SQL: SELECT * FROM `manage` WHERE ( `name` = 'yinianzhu' ) LIMIT 0,100   [ RunTime:0.009928s ]
SQL: SHOW COLUMNS FROM `leader` [ RunTime:0.003139s ]
SQL: SELECT * FROM `leader` WHERE ( `uname` = 'yinianzhu' ) LIMIT 0,100   [ RunTime:0.000153s ]
SQL: SHOW COLUMNS FROM `class` [ RunTime:0.018132s ]
SQL: SELECT * FROM `class` WHERE ( `leader_id` = null ) LIMIT 0,100   [ RunTime:0.000169s ]
SQL: SHOW COLUMNS FROM `class_year` [ RunTime:0.003693s ]
SQL: SELECT * FROM `class_year` WHERE ( `director_id` = 2 ) LIMIT 0,100   [ RunTime:0.000118s ]
INFO: [ app_end ] --START--
INFO: Run Behavior\ShowPageTrace [ RunTime:0.001307s ]
INFO: [ app_end ] --END-- [ RunTime:0.001340s ]

