[ 2018-08-07T10:02:26+08:00 ] 192.168.1.101 /cxg/
INFO: [ app_begin ] --START--
INFO: Run Behavior\ReadHtmlCache [ RunTime:0.002626s ]
INFO: [ app_begin ] --END-- [ RunTime:0.005256s ]
INFO: [ view_parse ] --START--
INFO: [ template_filter ] --START--
INFO: Run Behavior\ContentReplace [ RunTime:0.000199s ]
INFO: [ template_filter ] --END-- [ RunTime:0.000327s ]
INFO: Run Behavior\ParseTemplate [ RunTime:0.041504s ]
INFO: [ view_parse ] --END-- [ RunTime:0.041624s ]
INFO: [ view_filter ] --START--
INFO: Run Behavior\WriteHtmlCache [ RunTime:0.001603s ]
INFO: [ view_filter ] --END-- [ RunTime:0.001709s ]

[ 2018-08-07T10:02:28+08:00 ] 192.168.1.101 /cxg/index.php?m=Admin
INFO: [ app_begin ] --START--
INFO: Run Behavior\ReadHtmlCache [ RunTime:0.000252s ]
INFO: [ app_begin ] --END-- [ RunTime:0.000602s ]
INFO: [ view_parse ] --START--
INFO: [ template_filter ] --START--
INFO: Run Behavior\ContentReplace [ RunTime:0.000102s ]
INFO: [ template_filter ] --END-- [ RunTime:0.000244s ]
INFO: Run Behavior\ParseTemplate [ RunTime:0.008436s ]
INFO: [ view_parse ] --END-- [ RunTime:0.008568s ]
INFO: [ view_filter ] --START--
INFO: Run Behavior\WriteHtmlCache [ RunTime:0.000169s ]
INFO: [ view_filter ] --END-- [ RunTime:0.000241s ]

[ 2018-08-07T10:02:34+08:00 ] 192.168.1.101 /cxg/index.php?m=Admin&c=Log&a=dolog
INFO: [ app_begin ] --START--
INFO: Run Behavior\ReadHtmlCache [ RunTime:0.000323s ]
INFO: [ app_begin ] --END-- [ RunTime:0.000441s ]
NOTIC: [8192] mysql_connect(): The mysql extension is deprecated and will be removed in the future: use mysqli or PDO instead /home/wwwroot/cxg/ThinkPHP/Library/Think/Db/Driver/Mysql.class.php 第 52 行.
SQL: SHOW COLUMNS FROM `manage` [ RunTime:0.027291s ]
SQL: SELECT * FROM `manage` WHERE ( `name` = 'admin' ) AND ( `password` = '21232f297a57a5a743894a0e4a801fc3' ) LIMIT 0,100   [ RunTime:0.017717s ]

[ 2018-08-07T10:02:34+08:00 ] 192.168.1.101 /cxg/index.php?m=Admin
INFO: [ app_begin ] --START--
INFO: Run Behavior\ReadHtmlCache [ RunTime:0.000165s ]
INFO: [ app_begin ] --END-- [ RunTime:0.000285s ]
NOTIC: [8] Undefined index: act /home/wwwroot/cxg/Application/Admin/Controller/IndexController.class.php 第 18 行.
NOTIC: [8192] mysql_connect(): The mysql extension is deprecated and will be removed in the future: use mysqli or PDO instead /home/wwwroot/cxg/ThinkPHP/Library/Think/Db/Driver/Mysql.class.php 第 52 行.
SQL: SHOW COLUMNS FROM `menu` [ RunTime:0.016697s ]
SQL: SELECT * FROM `menu` WHERE ( `parent_id` = 0 ) AND ( `show` = 1 ) AND ( `type` = 2 ) ORDER BY `id` ASC  [ RunTime:0.001164s ]
SQL: SELECT * FROM `menu` WHERE ( `parent_id` = 7 ) AND ( `show` = 1 ) ORDER BY `id` ASC  [ RunTime:0.000377s ]
SQL: SELECT * FROM `menu` WHERE ( `parent_id` = 14 ) AND ( `show` = 1 ) ORDER BY `id` ASC  [ RunTime:0.000313s ]
SQL: SELECT * FROM `menu` WHERE ( `parent_id` = 15 ) AND ( `show` = 1 ) ORDER BY `id` ASC  [ RunTime:0.000287s ]
SQL: SELECT * FROM `menu` WHERE ( `parent_id` = 16 ) AND ( `show` = 1 ) ORDER BY `id` ASC  [ RunTime:0.000227s ]
SQL: SELECT * FROM `menu` WHERE ( `parent_id` = 17 ) AND ( `show` = 1 ) ORDER BY `id` ASC  [ RunTime:0.000237s ]
SQL: SELECT * FROM `menu` WHERE ( `parent_id` = 18 ) AND ( `show` = 1 ) ORDER BY `id` ASC  [ RunTime:0.000236s ]
SQL: SELECT * FROM `menu` WHERE ( `parent_id` = 19 ) AND ( `show` = 1 ) ORDER BY `id` ASC  [ RunTime:0.000333s ]
SQL: SELECT * FROM `menu` WHERE ( `parent_id` = 20 ) AND ( `show` = 1 ) ORDER BY `id` ASC  [ RunTime:0.000279s ]
SQL: SELECT * FROM `menu` WHERE ( `parent_id` = 40 ) AND ( `show` = 1 ) ORDER BY `id` ASC  [ RunTime:0.000294s ]
SQL: SELECT * FROM `menu` WHERE ( `parent_id` = 60 ) AND ( `show` = 1 ) ORDER BY `id` ASC  [ RunTime:0.000278s ]
SQL: SELECT * FROM `menu` WHERE ( `parent_id` = 61 ) AND ( `show` = 1 ) ORDER BY `id` ASC  [ RunTime:0.000285s ]
SQL: SELECT * FROM `menu` WHERE ( `parent_id` = 75 ) AND ( `show` = 1 ) ORDER BY `id` ASC  [ RunTime:0.000284s ]
INFO: [ view_parse ] --START--
INFO: [ template_filter ] --START--
INFO: Run Behavior\ContentReplace [ RunTime:0.000132s ]
INFO: [ template_filter ] --END-- [ RunTime:0.000214s ]
INFO: Run Behavior\ParseTemplate [ RunTime:0.034286s ]
INFO: [ view_parse ] --END-- [ RunTime:0.034437s ]
INFO: [ view_filter ] --START--
INFO: Run Behavior\WriteHtmlCache [ RunTime:0.000112s ]
INFO: [ view_filter ] --END-- [ RunTime:0.000244s ]
INFO: [ app_end ] --START--
INFO: Run Behavior\ShowPageTrace [ RunTime:0.018097s ]
INFO: [ app_end ] --END-- [ RunTime:0.018176s ]

[ 2018-08-07T10:02:35+08:00 ] 192.168.1.101 /cxg/index.php?m=Admin&c=Index&a=getInfo
INFO: [ app_begin ] --START--
INFO: Run Behavior\ReadHtmlCache [ RunTime:0.000158s ]
INFO: [ app_begin ] --END-- [ RunTime:0.000268s ]
NOTIC: [8192] mysql_connect(): The mysql extension is deprecated and will be removed in the future: use mysqli or PDO instead /home/wwwroot/cxg/ThinkPHP/Library/Think/Db/Driver/Mysql.class.php 第 52 行.
SQL: SHOW COLUMNS FROM `manage` [ RunTime:0.001915s ]
SQL: SELECT * FROM `manage` WHERE ( `id` = 1 ) LIMIT 0,100   [ RunTime:0.015245s ]
SQL: SHOW COLUMNS FROM `class_year` [ RunTime:0.031573s ]
SQL: SELECT * FROM `class_year` WHERE ( `director_id` = 1 ) LIMIT 0,100   [ RunTime:0.000519s ]
SQL: SHOW COLUMNS FROM `student_leave` [ RunTime:0.018991s ]
SQL: SELECT COUNT(*) AS tp_count FROM `student_leave` WHERE ( `status` IN (3,4) ) LIMIT 1   [ RunTime:0.029405s ]

[ 2018-08-07T10:02:39+08:00 ] 192.168.1.101 /cxg/index.php?m=Admin&c=Setting&a=index&id=7.25
INFO: [ app_begin ] --START--
INFO: Run Behavior\ReadHtmlCache [ RunTime:0.000163s ]
INFO: [ app_begin ] --END-- [ RunTime:0.000288s ]
NOTIC: [8192] mysql_connect(): The mysql extension is deprecated and will be removed in the future: use mysqli or PDO instead /home/wwwroot/cxg/ThinkPHP/Library/Think/Db/Driver/Mysql.class.php 第 52 行.
SQL: SHOW COLUMNS FROM `menu` [ RunTime:0.001195s ]
SQL: SHOW COLUMNS FROM `menu` [ RunTime:0.000670s ]
SQL: SELECT * FROM `menu` WHERE ( `parent_id` = 7 ) AND ( `type` = 2 ) LIMIT 0,100   [ RunTime:0.000231s ]
SQL: SELECT * FROM `menu` WHERE ( `id` = 25 ) AND ( `type` = 2 ) LIMIT 0,100   [ RunTime:0.000311s ]
SQL: SHOW COLUMNS FROM `menu` [ RunTime:0.000891s ]
SQL: SELECT * FROM `menu` WHERE ( `parent_id` = 0 ) AND ( `show` = 1 ) AND ( `type` = 2 ) ORDER BY `id` ASC  [ RunTime:0.000296s ]
SQL: SELECT * FROM `menu` WHERE ( `parent_id` = 7 ) AND ( `show` = 1 ) ORDER BY `id` ASC  [ RunTime:0.000236s ]
SQL: SELECT * FROM `menu` WHERE ( `parent_id` = 14 ) AND ( `show` = 1 ) ORDER BY `id` ASC  [ RunTime:0.000297s ]
SQL: SELECT * FROM `menu` WHERE ( `parent_id` = 15 ) AND ( `show` = 1 ) ORDER BY `id` ASC  [ RunTime:0.000265s ]
SQL: SELECT * FROM `menu` WHERE ( `parent_id` = 16 ) AND ( `show` = 1 ) ORDER BY `id` ASC  [ RunTime:0.000247s ]
SQL: SELECT * FROM `menu` WHERE ( `parent_id` = 17 ) AND ( `show` = 1 ) ORDER BY `id` ASC  [ RunTime:0.000210s ]
SQL: SELECT * FROM `menu` WHERE ( `parent_id` = 18 ) AND ( `show` = 1 ) ORDER BY `id` ASC  [ RunTime:0.000207s ]
SQL: SELECT * FROM `menu` WHERE ( `parent_id` = 19 ) AND ( `show` = 1 ) ORDER BY `id` ASC  [ RunTime:0.000214s ]
SQL: SELECT * FROM `menu` WHERE ( `parent_id` = 20 ) AND ( `show` = 1 ) ORDER BY `id` ASC  [ RunTime:0.000231s ]
SQL: SELECT * FROM `menu` WHERE ( `parent_id` = 40 ) AND ( `show` = 1 ) ORDER BY `id` ASC  [ RunTime:0.000268s ]
SQL: SELECT * FROM `menu` WHERE ( `parent_id` = 60 ) AND ( `show` = 1 ) ORDER BY `id` ASC  [ RunTime:0.000262s ]
SQL: SELECT * FROM `menu` WHERE ( `parent_id` = 61 ) AND ( `show` = 1 ) ORDER BY `id` ASC  [ RunTime:0.000279s ]
SQL: SELECT * FROM `menu` WHERE ( `parent_id` = 75 ) AND ( `show` = 1 ) ORDER BY `id` ASC  [ RunTime:0.000209s ]
SQL: SHOW COLUMNS FROM `class` [ RunTime:0.012098s ]
SQL: SELECT * FROM `class` LIMIT 0,100   [ RunTime:0.000289s ]
INFO: [ view_parse ] --START--
INFO: [ template_filter ] --START--
INFO: Run Behavior\ContentReplace [ RunTime:0.000735s ]
INFO: [ template_filter ] --END-- [ RunTime:0.000877s ]
INFO: Run Behavior\ParseTemplate [ RunTime:0.040476s ]
INFO: [ view_parse ] --END-- [ RunTime:0.040563s ]
INFO: [ view_filter ] --START--
INFO: Run Behavior\WriteHtmlCache [ RunTime:0.000157s ]
INFO: [ view_filter ] --END-- [ RunTime:0.000202s ]
INFO: [ app_end ] --START--
INFO: Run Behavior\ShowPageTrace [ RunTime:0.000165s ]
INFO: [ app_end ] --END-- [ RunTime:0.000239s ]

[ 2018-08-07T10:02:39+08:00 ] 192.168.1.101 /cxg/index.php?m=Admin&c=Setting&a=getStudentList
INFO: [ app_begin ] --START--
INFO: Run Behavior\ReadHtmlCache [ RunTime:0.000163s ]
INFO: [ app_begin ] --END-- [ RunTime:0.000280s ]
NOTIC: [8192] mysql_connect(): The mysql extension is deprecated and will be removed in the future: use mysqli or PDO instead /home/wwwroot/cxg/ThinkPHP/Library/Think/Db/Driver/Mysql.class.php 第 52 行.
SQL: SHOW COLUMNS FROM `class` [ RunTime:0.001511s ]
SQL: SELECT * FROM `class` ORDER BY `name` ASC  [ RunTime:0.000701s ]
SQL: SHOW COLUMNS FROM `hostel` [ RunTime:0.088714s ]
SQL: SELECT * FROM `hostel` ORDER BY `name` ASC  [ RunTime:0.000739s ]
SQL: SHOW COLUMNS FROM `student` [ RunTime:0.022071s ]
SQL: SELECT `id`,`name`,`sex`,`iden`,`class_id`,`dormitory_id`,`note`,`contact`,`contact_phone`,`points`,`bed_no` FROM `student` ORDER BY `class_id` asc LIMIT 0,2000   [ RunTime:0.004333s ]
SQL: SHOW COLUMNS FROM `manage` [ RunTime:0.002208s ]
SQL: SELECT * FROM `manage` WHERE ( `id` = 1 ) LIMIT 0,100   [ RunTime:0.000467s ]

[ 2018-08-07T10:06:41+08:00 ] 192.168.1.101 /cxg/index.php?m=Admin&c=Setting&a=index&id=7.25
INFO: [ app_begin ] --START--
INFO: Run Behavior\ReadHtmlCache [ RunTime:0.000188s ]
INFO: [ app_begin ] --END-- [ RunTime:0.000338s ]
NOTIC: [8192] mysql_connect(): The mysql extension is deprecated and will be removed in the future: use mysqli or PDO instead /home/wwwroot/cxg/ThinkPHP/Library/Think/Db/Driver/Mysql.class.php 第 52 行.
SQL: SHOW COLUMNS FROM `menu` [ RunTime:0.001675s ]
SQL: SHOW COLUMNS FROM `menu` [ RunTime:0.001416s ]
SQL: SELECT * FROM `menu` WHERE ( `parent_id` = 7 ) AND ( `type` = 2 ) LIMIT 0,100   [ RunTime:0.000510s ]
SQL: SELECT * FROM `menu` WHERE ( `id` = 25 ) AND ( `type` = 2 ) LIMIT 0,100   [ RunTime:0.000318s ]
SQL: SHOW COLUMNS FROM `menu` [ RunTime:0.001536s ]
SQL: SELECT * FROM `menu` WHERE ( `parent_id` = 0 ) AND ( `show` = 1 ) AND ( `type` = 2 ) ORDER BY `id` ASC  [ RunTime:0.000472s ]
SQL: SELECT * FROM `menu` WHERE ( `parent_id` = 7 ) AND ( `show` = 1 ) ORDER BY `id` ASC  [ RunTime:0.000535s ]
SQL: SELECT * FROM `menu` WHERE ( `parent_id` = 14 ) AND ( `show` = 1 ) ORDER BY `id` ASC  [ RunTime:0.000435s ]
SQL: SELECT * FROM `menu` WHERE ( `parent_id` = 15 ) AND ( `show` = 1 ) ORDER BY `id` ASC  [ RunTime:0.000428s ]
SQL: SELECT * FROM `menu` WHERE ( `parent_id` = 16 ) AND ( `show` = 1 ) ORDER BY `id` ASC  [ RunTime:0.000439s ]
SQL: SELECT * FROM `menu` WHERE ( `parent_id` = 17 ) AND ( `show` = 1 ) ORDER BY `id` ASC  [ RunTime:0.000440s ]
SQL: SELECT * FROM `menu` WHERE ( `parent_id` = 18 ) AND ( `show` = 1 ) ORDER BY `id` ASC  [ RunTime:0.000413s ]
SQL: SELECT * FROM `menu` WHERE ( `parent_id` = 19 ) AND ( `show` = 1 ) ORDER BY `id` ASC  [ RunTime:0.000427s ]
SQL: SELECT * FROM `menu` WHERE ( `parent_id` = 20 ) AND ( `show` = 1 ) ORDER BY `id` ASC  [ RunTime:0.000530s ]
SQL: SELECT * FROM `menu` WHERE ( `parent_id` = 40 ) AND ( `show` = 1 ) ORDER BY `id` ASC  [ RunTime:0.000420s ]
SQL: SELECT * FROM `menu` WHERE ( `parent_id` = 60 ) AND ( `show` = 1 ) ORDER BY `id` ASC  [ RunTime:0.000410s ]
SQL: SELECT * FROM `menu` WHERE ( `parent_id` = 61 ) AND ( `show` = 1 ) ORDER BY `id` ASC  [ RunTime:0.000493s ]
SQL: SELECT * FROM `menu` WHERE ( `parent_id` = 75 ) AND ( `show` = 1 ) ORDER BY `id` ASC  [ RunTime:0.000414s ]
SQL: SHOW COLUMNS FROM `class` [ RunTime:0.001516s ]
SQL: SELECT * FROM `class` LIMIT 0,100   [ RunTime:0.000357s ]
INFO: [ view_parse ] --START--
INFO: [ template_filter ] --START--
INFO: Run Behavior\ContentReplace [ RunTime:0.000213s ]
INFO: [ template_filter ] --END-- [ RunTime:0.000265s ]
INFO: Run Behavior\ParseTemplate [ RunTime:0.016802s ]
INFO: [ view_parse ] --END-- [ RunTime:0.016873s ]
INFO: [ view_filter ] --START--
INFO: Run Behavior\WriteHtmlCache [ RunTime:0.000117s ]
INFO: [ view_filter ] --END-- [ RunTime:0.000159s ]
INFO: [ app_end ] --START--
INFO: Run Behavior\ShowPageTrace [ RunTime:0.000123s ]
INFO: [ app_end ] --END-- [ RunTime:0.000173s ]

[ 2018-08-07T10:06:42+08:00 ] 192.168.1.101 /cxg/index.php?m=Admin&c=Setting&a=getStudentList
INFO: [ app_begin ] --START--
INFO: Run Behavior\ReadHtmlCache [ RunTime:0.000157s ]
INFO: [ app_begin ] --END-- [ RunTime:0.000266s ]
NOTIC: [8192] mysql_connect(): The mysql extension is deprecated and will be removed in the future: use mysqli or PDO instead /home/wwwroot/cxg/ThinkPHP/Library/Think/Db/Driver/Mysql.class.php 第 52 行.
SQL: SHOW COLUMNS FROM `class` [ RunTime:0.001642s ]
SQL: SELECT * FROM `class` ORDER BY `name` ASC  [ RunTime:0.000487s ]
SQL: SHOW COLUMNS FROM `hostel` [ RunTime:0.001458s ]
SQL: SELECT * FROM `hostel` ORDER BY `name` ASC  [ RunTime:0.001182s ]
SQL: SHOW COLUMNS FROM `student` [ RunTime:0.002003s ]
SQL: SELECT `id`,`name`,`sex`,`iden`,`class_id`,`dormitory_id`,`note`,`contact`,`contact_phone`,`points`,`bed_no` FROM `student` ORDER BY `class_id` asc LIMIT 0,2000   [ RunTime:0.000954s ]
SQL: SHOW COLUMNS FROM `manage` [ RunTime:0.001607s ]
SQL: SELECT * FROM `manage` WHERE ( `id` = 1 ) LIMIT 0,100   [ RunTime:0.000356s ]

[ 2018-08-07T15:45:03+08:00 ] 192.168.1.101 /cxg/index.php?m=Admin&c=Setting&a=index&id=7.25
INFO: [ app_begin ] --START--
INFO: Run Behavior\ReadHtmlCache [ RunTime:0.000193s ]
INFO: [ app_begin ] --END-- [ RunTime:0.000339s ]
NOTIC: [8192] mysql_connect(): The mysql extension is deprecated and will be removed in the future: use mysqli or PDO instead /home/wwwroot/cxg/ThinkPHP/Library/Think/Db/Driver/Mysql.class.php 第 52 行.
SQL: SHOW COLUMNS FROM `menu` [ RunTime:0.001694s ]
SQL: SHOW COLUMNS FROM `menu` [ RunTime:0.001443s ]
SQL: SELECT * FROM `menu` WHERE ( `parent_id` = 7 ) AND ( `type` = 2 ) LIMIT 0,100   [ RunTime:0.000700s ]
SQL: SELECT * FROM `menu` WHERE ( `id` = 25 ) AND ( `type` = 2 ) LIMIT 0,100   [ RunTime:0.000340s ]
SQL: SHOW COLUMNS FROM `menu` [ RunTime:0.001503s ]
SQL: SELECT * FROM `menu` WHERE ( `parent_id` = 0 ) AND ( `show` = 1 ) AND ( `type` = 2 ) ORDER BY `id` ASC  [ RunTime:0.000449s ]
SQL: SELECT * FROM `menu` WHERE ( `parent_id` = 7 ) AND ( `show` = 1 ) ORDER BY `id` ASC  [ RunTime:0.000479s ]
SQL: SELECT * FROM `menu` WHERE ( `parent_id` = 14 ) AND ( `show` = 1 ) ORDER BY `id` ASC  [ RunTime:0.000455s ]
SQL: SELECT * FROM `menu` WHERE ( `parent_id` = 15 ) AND ( `show` = 1 ) ORDER BY `id` ASC  [ RunTime:0.000453s ]
SQL: SELECT * FROM `menu` WHERE ( `parent_id` = 16 ) AND ( `show` = 1 ) ORDER BY `id` ASC  [ RunTime:0.000446s ]
SQL: SELECT * FROM `menu` WHERE ( `parent_id` = 17 ) AND ( `show` = 1 ) ORDER BY `id` ASC  [ RunTime:0.000460s ]
SQL: SELECT * FROM `menu` WHERE ( `parent_id` = 18 ) AND ( `show` = 1 ) ORDER BY `id` ASC  [ RunTime:0.000434s ]
SQL: SELECT * FROM `menu` WHERE ( `parent_id` = 19 ) AND ( `show` = 1 ) ORDER BY `id` ASC  [ RunTime:0.000447s ]
SQL: SELECT * FROM `menu` WHERE ( `parent_id` = 20 ) AND ( `show` = 1 ) ORDER BY `id` ASC  [ RunTime:0.000451s ]
SQL: SELECT * FROM `menu` WHERE ( `parent_id` = 40 ) AND ( `show` = 1 ) ORDER BY `id` ASC  [ RunTime:0.000436s ]
SQL: SELECT * FROM `menu` WHERE ( `parent_id` = 60 ) AND ( `show` = 1 ) ORDER BY `id` ASC  [ RunTime:0.000431s ]
SQL: SELECT * FROM `menu` WHERE ( `parent_id` = 61 ) AND ( `show` = 1 ) ORDER BY `id` ASC  [ RunTime:0.000434s ]
SQL: SELECT * FROM `menu` WHERE ( `parent_id` = 75 ) AND ( `show` = 1 ) ORDER BY `id` ASC  [ RunTime:0.000430s ]
SQL: SHOW COLUMNS FROM `class` [ RunTime:0.001543s ]
SQL: SELECT * FROM `class` LIMIT 0,100   [ RunTime:0.000453s ]
INFO: [ view_parse ] --START--
INFO: [ template_filter ] --START--
INFO: Run Behavior\ContentReplace [ RunTime:0.000190s ]
INFO: [ template_filter ] --END-- [ RunTime:0.000243s ]
INFO: Run Behavior\ParseTemplate [ RunTime:0.022342s ]
INFO: [ view_parse ] --END-- [ RunTime:0.022506s ]
INFO: [ view_filter ] --START--
INFO: Run Behavior\WriteHtmlCache [ RunTime:0.000147s ]
INFO: [ view_filter ] --END-- [ RunTime:0.000201s ]
INFO: [ app_end ] --START--
INFO: Run Behavior\ShowPageTrace [ RunTime:0.000175s ]
INFO: [ app_end ] --END-- [ RunTime:0.000244s ]

[ 2018-08-07T15:45:04+08:00 ] 192.168.1.101 /cxg/index.php?m=Admin&c=Setting&a=getStudentList
INFO: [ app_begin ] --START--
INFO: Run Behavior\ReadHtmlCache [ RunTime:0.000158s ]
INFO: [ app_begin ] --END-- [ RunTime:0.000266s ]
NOTIC: [8192] mysql_connect(): The mysql extension is deprecated and will be removed in the future: use mysqli or PDO instead /home/wwwroot/cxg/ThinkPHP/Library/Think/Db/Driver/Mysql.class.php 第 52 行.
SQL: SHOW COLUMNS FROM `class` [ RunTime:0.001653s ]
SQL: SELECT * FROM `class` ORDER BY `name` ASC  [ RunTime:0.000563s ]
SQL: SHOW COLUMNS FROM `hostel` [ RunTime:0.001670s ]
SQL: SELECT * FROM `hostel` ORDER BY `name` ASC  [ RunTime:0.000616s ]
SQL: SHOW COLUMNS FROM `student` [ RunTime:0.001932s ]
SQL: SELECT `id`,`name`,`sex`,`iden`,`class_id`,`dormitory_id`,`note`,`contact`,`contact_phone`,`points`,`bed_no` FROM `student` ORDER BY `class_id` asc LIMIT 0,2000   [ RunTime:0.000835s ]
SQL: SHOW COLUMNS FROM `manage` [ RunTime:0.001656s ]
SQL: SELECT * FROM `manage` WHERE ( `id` = 1 ) LIMIT 0,100   [ RunTime:0.000363s ]

[ 2018-08-07T16:06:38+08:00 ] 192.168.1.101 /cxg/index.php?m=Admin&c=Setting&a=index&id=7.25
INFO: [ app_begin ] --START--
INFO: Run Behavior\ReadHtmlCache [ RunTime:0.000194s ]
INFO: [ app_begin ] --END-- [ RunTime:0.000342s ]
NOTIC: [8192] mysql_connect(): The mysql extension is deprecated and will be removed in the future: use mysqli or PDO instead /home/wwwroot/cxg/ThinkPHP/Library/Think/Db/Driver/Mysql.class.php 第 52 行.
SQL: SHOW COLUMNS FROM `menu` [ RunTime:0.002119s ]
SQL: SHOW COLUMNS FROM `menu` [ RunTime:0.001508s ]
SQL: SELECT * FROM `menu` WHERE ( `parent_id` = 7 ) AND ( `type` = 2 ) LIMIT 0,100   [ RunTime:0.000464s ]
SQL: SELECT * FROM `menu` WHERE ( `id` = 25 ) AND ( `type` = 2 ) LIMIT 0,100   [ RunTime:0.000416s ]
SQL: SHOW COLUMNS FROM `menu` [ RunTime:0.001555s ]
SQL: SELECT * FROM `menu` WHERE ( `parent_id` = 0 ) AND ( `show` = 1 ) AND ( `type` = 2 ) ORDER BY `id` ASC  [ RunTime:0.000513s ]
SQL: SELECT * FROM `menu` WHERE ( `parent_id` = 7 ) AND ( `show` = 1 ) ORDER BY `id` ASC  [ RunTime:0.000479s ]
SQL: SELECT * FROM `menu` WHERE ( `parent_id` = 14 ) AND ( `show` = 1 ) ORDER BY `id` ASC  [ RunTime:0.000454s ]
SQL: SELECT * FROM `menu` WHERE ( `parent_id` = 15 ) AND ( `show` = 1 ) ORDER BY `id` ASC  [ RunTime:0.000458s ]
SQL: SELECT * FROM `menu` WHERE ( `parent_id` = 16 ) AND ( `show` = 1 ) ORDER BY `id` ASC  [ RunTime:0.000447s ]
SQL: SELECT * FROM `menu` WHERE ( `parent_id` = 17 ) AND ( `show` = 1 ) ORDER BY `id` ASC  [ RunTime:0.000448s ]
SQL: SELECT * FROM `menu` WHERE ( `parent_id` = 18 ) AND ( `show` = 1 ) ORDER BY `id` ASC  [ RunTime:0.000443s ]
SQL: SELECT * FROM `menu` WHERE ( `parent_id` = 19 ) AND ( `show` = 1 ) ORDER BY `id` ASC  [ RunTime:0.000456s ]
SQL: SELECT * FROM `menu` WHERE ( `parent_id` = 20 ) AND ( `show` = 1 ) ORDER BY `id` ASC  [ RunTime:0.000461s ]
SQL: SELECT * FROM `menu` WHERE ( `parent_id` = 40 ) AND ( `show` = 1 ) ORDER BY `id` ASC  [ RunTime:0.000449s ]
SQL: SELECT * FROM `menu` WHERE ( `parent_id` = 60 ) AND ( `show` = 1 ) ORDER BY `id` ASC  [ RunTime:0.000440s ]
SQL: SELECT * FROM `menu` WHERE ( `parent_id` = 61 ) AND ( `show` = 1 ) ORDER BY `id` ASC  [ RunTime:0.000470s ]
SQL: SELECT * FROM `menu` WHERE ( `parent_id` = 75 ) AND ( `show` = 1 ) ORDER BY `id` ASC  [ RunTime:0.000606s ]
SQL: SHOW COLUMNS FROM `class` [ RunTime:0.001694s ]
SQL: SELECT * FROM `class` LIMIT 0,100   [ RunTime:0.000336s ]
INFO: [ view_parse ] --START--
INFO: [ template_filter ] --START--
INFO: Run Behavior\ContentReplace [ RunTime:0.000385s ]
INFO: [ template_filter ] --END-- [ RunTime:0.000482s ]
INFO: Run Behavior\ParseTemplate [ RunTime:0.028180s ]
INFO: [ view_parse ] --END-- [ RunTime:0.028275s ]
INFO: [ view_filter ] --START--
INFO: Run Behavior\WriteHtmlCache [ RunTime:0.000214s ]
INFO: [ view_filter ] --END-- [ RunTime:0.000287s ]
INFO: [ app_end ] --START--
INFO: Run Behavior\ShowPageTrace [ RunTime:0.000259s ]
INFO: [ app_end ] --END-- [ RunTime:0.000370s ]

[ 2018-08-07T16:06:38+08:00 ] 192.168.1.101 /cxg/index.php?m=Admin&c=Setting&a=getStudentList
INFO: [ app_begin ] --START--
INFO: Run Behavior\ReadHtmlCache [ RunTime:0.000154s ]
INFO: [ app_begin ] --END-- [ RunTime:0.000262s ]
NOTIC: [8192] mysql_connect(): The mysql extension is deprecated and will be removed in the future: use mysqli or PDO instead /home/wwwroot/cxg/ThinkPHP/Library/Think/Db/Driver/Mysql.class.php 第 52 行.
SQL: SHOW COLUMNS FROM `class` [ RunTime:0.001626s ]
SQL: SELECT * FROM `class` ORDER BY `name` ASC  [ RunTime:0.000417s ]
SQL: SHOW COLUMNS FROM `hostel` [ RunTime:0.001589s ]
SQL: SELECT * FROM `hostel` ORDER BY `name` ASC  [ RunTime:0.000580s ]
SQL: SHOW COLUMNS FROM `student` [ RunTime:0.001706s ]
SQL: SELECT `id`,`name`,`sex`,`iden`,`class_id`,`dormitory_id`,`note`,`contact`,`contact_phone`,`points`,`bed_no` FROM `student` ORDER BY `class_id` asc LIMIT 0,2000   [ RunTime:0.001404s ]
SQL: SHOW COLUMNS FROM `manage` [ RunTime:0.001621s ]
SQL: SELECT * FROM `manage` WHERE ( `id` = 1 ) LIMIT 0,100   [ RunTime:0.000354s ]

[ 2018-08-07T17:13:08+08:00 ] 192.168.1.101 /cxg/index.php?m=Admin&c=Setting&a=index&id=7.25
INFO: [ app_begin ] --START--
INFO: Run Behavior\ReadHtmlCache [ RunTime:0.000193s ]
INFO: [ app_begin ] --END-- [ RunTime:0.000345s ]
NOTIC: [8192] mysql_connect(): The mysql extension is deprecated and will be removed in the future: use mysqli or PDO instead /home/wwwroot/cxg/ThinkPHP/Library/Think/Db/Driver/Mysql.class.php 第 52 行.
SQL: SHOW COLUMNS FROM `menu` [ RunTime:0.001742s ]
SQL: SHOW COLUMNS FROM `menu` [ RunTime:0.001431s ]
SQL: SELECT * FROM `menu` WHERE ( `parent_id` = 7 ) AND ( `type` = 2 ) LIMIT 0,100   [ RunTime:0.000440s ]
SQL: SELECT * FROM `menu` WHERE ( `id` = 25 ) AND ( `type` = 2 ) LIMIT 0,100   [ RunTime:0.000406s ]
SQL: SHOW COLUMNS FROM `menu` [ RunTime:0.001638s ]
SQL: SELECT * FROM `menu` WHERE ( `parent_id` = 0 ) AND ( `show` = 1 ) AND ( `type` = 2 ) ORDER BY `id` ASC  [ RunTime:0.000423s ]
SQL: SELECT * FROM `menu` WHERE ( `parent_id` = 7 ) AND ( `show` = 1 ) ORDER BY `id` ASC  [ RunTime:0.000457s ]
SQL: SELECT * FROM `menu` WHERE ( `parent_id` = 14 ) AND ( `show` = 1 ) ORDER BY `id` ASC  [ RunTime:0.000413s ]
SQL: SELECT * FROM `menu` WHERE ( `parent_id` = 15 ) AND ( `show` = 1 ) ORDER BY `id` ASC  [ RunTime:0.000411s ]
SQL: SELECT * FROM `menu` WHERE ( `parent_id` = 16 ) AND ( `show` = 1 ) ORDER BY `id` ASC  [ RunTime:0.000404s ]
SQL: SELECT * FROM `menu` WHERE ( `parent_id` = 17 ) AND ( `show` = 1 ) ORDER BY `id` ASC  [ RunTime:0.000402s ]
SQL: SELECT * FROM `menu` WHERE ( `parent_id` = 18 ) AND ( `show` = 1 ) ORDER BY `id` ASC  [ RunTime:0.000397s ]
SQL: SELECT * FROM `menu` WHERE ( `parent_id` = 19 ) AND ( `show` = 1 ) ORDER BY `id` ASC  [ RunTime:0.000411s ]
SQL: SELECT * FROM `menu` WHERE ( `parent_id` = 20 ) AND ( `show` = 1 ) ORDER BY `id` ASC  [ RunTime:0.000416s ]
SQL: SELECT * FROM `menu` WHERE ( `parent_id` = 40 ) AND ( `show` = 1 ) ORDER BY `id` ASC  [ RunTime:0.000406s ]
SQL: SELECT * FROM `menu` WHERE ( `parent_id` = 60 ) AND ( `show` = 1 ) ORDER BY `id` ASC  [ RunTime:0.000402s ]
SQL: SELECT * FROM `menu` WHERE ( `parent_id` = 61 ) AND ( `show` = 1 ) ORDER BY `id` ASC  [ RunTime:0.000402s ]
SQL: SELECT * FROM `menu` WHERE ( `parent_id` = 75 ) AND ( `show` = 1 ) ORDER BY `id` ASC  [ RunTime:0.000395s ]
SQL: SHOW COLUMNS FROM `class` [ RunTime:0.001435s ]
SQL: SELECT * FROM `class` LIMIT 0,100   [ RunTime:0.000323s ]
INFO: [ view_parse ] --START--
INFO: [ template_filter ] --START--
INFO: Run Behavior\ContentReplace [ RunTime:0.000190s ]
INFO: [ template_filter ] --END-- [ RunTime:0.000254s ]
INFO: Run Behavior\ParseTemplate [ RunTime:0.022527s ]
INFO: [ view_parse ] --END-- [ RunTime:0.022586s ]
INFO: [ view_filter ] --START--
INFO: Run Behavior\WriteHtmlCache [ RunTime:0.000110s ]
INFO: [ view_filter ] --END-- [ RunTime:0.000146s ]
INFO: [ app_end ] --START--
INFO: Run Behavior\ShowPageTrace [ RunTime:0.000142s ]
INFO: [ app_end ] --END-- [ RunTime:0.000200s ]

[ 2018-08-07T17:13:09+08:00 ] 192.168.1.101 /cxg/index.php?m=Admin&c=Setting&a=getStudentList
INFO: [ app_begin ] --START--
INFO: Run Behavior\ReadHtmlCache [ RunTime:0.000157s ]
INFO: [ app_begin ] --END-- [ RunTime:0.000263s ]
NOTIC: [8192] mysql_connect(): The mysql extension is deprecated and will be removed in the future: use mysqli or PDO instead /home/wwwroot/cxg/ThinkPHP/Library/Think/Db/Driver/Mysql.class.php 第 52 行.
SQL: SHOW COLUMNS FROM `class` [ RunTime:0.001694s ]
SQL: SELECT * FROM `class` ORDER BY `name` ASC  [ RunTime:0.000568s ]
SQL: SHOW COLUMNS FROM `hostel` [ RunTime:0.001705s ]
SQL: SELECT * FROM `hostel` ORDER BY `name` ASC  [ RunTime:0.000626s ]
SQL: SHOW COLUMNS FROM `student` [ RunTime:0.002092s ]
SQL: SELECT `id`,`name`,`sex`,`iden`,`class_id`,`dormitory_id`,`note`,`contact`,`contact_phone`,`points`,`bed_no` FROM `student` ORDER BY `class_id` asc LIMIT 0,2000   [ RunTime:0.000779s ]
SQL: SHOW COLUMNS FROM `manage` [ RunTime:0.001780s ]
SQL: SELECT * FROM `manage` WHERE ( `id` = 1 ) LIMIT 0,100   [ RunTime:0.000384s ]

[ 2018-08-07T17:40:21+08:00 ] 192.168.1.101 /cxg/index.php?m=Admin&c=Index&a=index&act=7.29
INFO: [ app_begin ] --START--
INFO: Run Behavior\ReadHtmlCache [ RunTime:0.000193s ]
INFO: [ app_begin ] --END-- [ RunTime:0.000343s ]
NOTIC: [8192] mysql_connect(): The mysql extension is deprecated and will be removed in the future: use mysqli or PDO instead /home/wwwroot/cxg/ThinkPHP/Library/Think/Db/Driver/Mysql.class.php 第 52 行.
SQL: SHOW COLUMNS FROM `menu` [ RunTime:0.001753s ]
SQL: SELECT * FROM `menu` WHERE ( `parent_id` = 0 ) AND ( `show` = 1 ) AND ( `type` = 2 ) ORDER BY `id` ASC  [ RunTime:0.000542s ]
SQL: SELECT * FROM `menu` WHERE ( `parent_id` = 7 ) AND ( `show` = 1 ) ORDER BY `id` ASC  [ RunTime:0.000460s ]
SQL: SELECT * FROM `menu` WHERE ( `parent_id` = 14 ) AND ( `show` = 1 ) ORDER BY `id` ASC  [ RunTime:0.000541s ]
SQL: SELECT * FROM `menu` WHERE ( `parent_id` = 15 ) AND ( `show` = 1 ) ORDER BY `id` ASC  [ RunTime:0.000511s ]
SQL: SELECT * FROM `menu` WHERE ( `parent_id` = 16 ) AND ( `show` = 1 ) ORDER BY `id` ASC  [ RunTime:0.000366s ]
SQL: SELECT * FROM `menu` WHERE ( `parent_id` = 17 ) AND ( `show` = 1 ) ORDER BY `id` ASC  [ RunTime:0.000499s ]
SQL: SELECT * FROM `menu` WHERE ( `parent_id` = 18 ) AND ( `show` = 1 ) ORDER BY `id` ASC  [ RunTime:0.000440s ]
SQL: SELECT * FROM `menu` WHERE ( `parent_id` = 19 ) AND ( `show` = 1 ) ORDER BY `id` ASC  [ RunTime:0.000443s ]
SQL: SELECT * FROM `menu` WHERE ( `parent_id` = 20 ) AND ( `show` = 1 ) ORDER BY `id` ASC  [ RunTime:0.000439s ]
SQL: SELECT * FROM `menu` WHERE ( `parent_id` = 40 ) AND ( `show` = 1 ) ORDER BY `id` ASC  [ RunTime:0.000495s ]
SQL: SELECT * FROM `menu` WHERE ( `parent_id` = 60 ) AND ( `show` = 1 ) ORDER BY `id` ASC  [ RunTime:0.000447s ]
SQL: SELECT * FROM `menu` WHERE ( `parent_id` = 61 ) AND ( `show` = 1 ) ORDER BY `id` ASC  [ RunTime:0.000529s ]
SQL: SELECT * FROM `menu` WHERE ( `parent_id` = 75 ) AND ( `show` = 1 ) ORDER BY `id` ASC  [ RunTime:0.000598s ]
INFO: [ view_parse ] --START--
INFO: [ template_filter ] --START--
INFO: Run Behavior\ContentReplace [ RunTime:0.000150s ]
INFO: [ template_filter ] --END-- [ RunTime:0.000254s ]
INFO: Run Behavior\ParseTemplate [ RunTime:0.014845s ]
INFO: [ view_parse ] --END-- [ RunTime:0.014934s ]
INFO: [ view_filter ] --START--
INFO: Run Behavior\WriteHtmlCache [ RunTime:0.000203s ]
INFO: [ view_filter ] --END-- [ RunTime:0.000275s ]
INFO: [ app_end ] --START--
INFO: Run Behavior\ShowPageTrace [ RunTime:0.000229s ]
INFO: [ app_end ] --END-- [ RunTime:0.000333s ]

[ 2018-08-07T17:40:21+08:00 ] 192.168.1.101 /cxg/index.php?m=Admin&c=Setting&a=index&id=7.29
INFO: [ app_begin ] --START--
INFO: Run Behavior\ReadHtmlCache [ RunTime:0.000237s ]
INFO: [ app_begin ] --END-- [ RunTime:0.000355s ]
NOTIC: [8192] mysql_connect(): The mysql extension is deprecated and will be removed in the future: use mysqli or PDO instead /home/wwwroot/cxg/ThinkPHP/Library/Think/Db/Driver/Mysql.class.php 第 52 行.
SQL: SHOW COLUMNS FROM `menu` [ RunTime:0.001641s ]
SQL: SHOW COLUMNS FROM `menu` [ RunTime:0.001454s ]
SQL: SELECT * FROM `menu` WHERE ( `parent_id` = 7 ) AND ( `type` = 2 ) LIMIT 0,100   [ RunTime:0.000407s ]
SQL: SELECT * FROM `menu` WHERE ( `id` = 29 ) AND ( `type` = 2 ) LIMIT 0,100   [ RunTime:0.000387s ]
SQL: SHOW COLUMNS FROM `menu` [ RunTime:0.001433s ]
SQL: SELECT * FROM `menu` WHERE ( `parent_id` = 0 ) AND ( `show` = 1 ) AND ( `type` = 2 ) ORDER BY `id` ASC  [ RunTime:0.000404s ]
SQL: SELECT * FROM `menu` WHERE ( `parent_id` = 7 ) AND ( `show` = 1 ) ORDER BY `id` ASC  [ RunTime:0.000528s ]
SQL: SELECT * FROM `menu` WHERE ( `parent_id` = 14 ) AND ( `show` = 1 ) ORDER BY `id` ASC  [ RunTime:0.000423s ]
SQL: SELECT * FROM `menu` WHERE ( `parent_id` = 15 ) AND ( `show` = 1 ) ORDER BY `id` ASC  [ RunTime:0.000425s ]
SQL: SELECT * FROM `menu` WHERE ( `parent_id` = 16 ) AND ( `show` = 1 ) ORDER BY `id` ASC  [ RunTime:0.000435s ]
SQL: SELECT * FROM `menu` WHERE ( `parent_id` = 17 ) AND ( `show` = 1 ) ORDER BY `id` ASC  [ RunTime:0.000417s ]
SQL: SELECT * FROM `menu` WHERE ( `parent_id` = 18 ) AND ( `show` = 1 ) ORDER BY `id` ASC  [ RunTime:0.000410s ]
SQL: SELECT * FROM `menu` WHERE ( `parent_id` = 19 ) AND ( `show` = 1 ) ORDER BY `id` ASC  [ RunTime:0.000508s ]
SQL: SELECT * FROM `menu` WHERE ( `parent_id` = 20 ) AND ( `show` = 1 ) ORDER BY `id` ASC  [ RunTime:0.000432s ]
SQL: SELECT * FROM `menu` WHERE ( `parent_id` = 40 ) AND ( `show` = 1 ) ORDER BY `id` ASC  [ RunTime:0.000415s ]
SQL: SELECT * FROM `menu` WHERE ( `parent_id` = 60 ) AND ( `show` = 1 ) ORDER BY `id` ASC  [ RunTime:0.000408s ]
SQL: SELECT * FROM `menu` WHERE ( `parent_id` = 61 ) AND ( `show` = 1 ) ORDER BY `id` ASC  [ RunTime:0.000431s ]
SQL: SELECT * FROM `menu` WHERE ( `parent_id` = 75 ) AND ( `show` = 1 ) ORDER BY `id` ASC  [ RunTime:0.000425s ]
SQL: SHOW COLUMNS FROM `hostel` [ RunTime:0.001169s ]
SQL: SELECT * FROM `hostel` ORDER BY `build` asc,`floor` asc,`no` asc LIMIT 0,100   [ RunTime:0.000366s ]
SQL: SHOW COLUMNS FROM `build_type` [ RunTime:0.021579s ]
SQL: SELECT * FROM `build_type`  [ RunTime:0.000399s ]
SQL: SHOW COLUMNS FROM `student` [ RunTime:0.001909s ]
SQL: SELECT `dormitory_id`,count(*) as num FROM `student` GROUP BY dormitory_id  [ RunTime:0.001060s ]
INFO: [ view_parse ] --START--
INFO: [ template_filter ] --START--
INFO: Run Behavior\ContentReplace [ RunTime:0.000245s ]
INFO: [ template_filter ] --END-- [ RunTime:0.000347s ]
NOTIC: [8] Undefined index: num /home/wwwroot/cxg/Application/Runtime/Cache/Admin/a749c1140eb2f049d9d70f7f6076ce82.php 第 197 行.
NOTIC: [8] Undefined index: num /home/wwwroot/cxg/Application/Runtime/Cache/Admin/a749c1140eb2f049d9d70f7f6076ce82.php 第 197 行.
NOTIC: [8] Undefined index: num /home/wwwroot/cxg/Application/Runtime/Cache/Admin/a749c1140eb2f049d9d70f7f6076ce82.php 第 197 行.
NOTIC: [8] Undefined index: num /home/wwwroot/cxg/Application/Runtime/Cache/Admin/a749c1140eb2f049d9d70f7f6076ce82.php 第 197 行.
NOTIC: [8] Undefined index: num /home/wwwroot/cxg/Application/Runtime/Cache/Admin/a749c1140eb2f049d9d70f7f6076ce82.php 第 197 行.
NOTIC: [8] Undefined index: num /home/wwwroot/cxg/Application/Runtime/Cache/Admin/a749c1140eb2f049d9d70f7f6076ce82.php 第 197 行.
NOTIC: [8] Undefined index: num /home/wwwroot/cxg/Application/Runtime/Cache/Admin/a749c1140eb2f049d9d70f7f6076ce82.php 第 197 行.
NOTIC: [8] Undefined index: num /home/wwwroot/cxg/Application/Runtime/Cache/Admin/a749c1140eb2f049d9d70f7f6076ce82.php 第 197 行.
NOTIC: [8] Undefined index: num /home/wwwroot/cxg/Application/Runtime/Cache/Admin/a749c1140eb2f049d9d70f7f6076ce82.php 第 197 行.
NOTIC: [8] Undefined index: num /home/wwwroot/cxg/Application/Runtime/Cache/Admin/a749c1140eb2f049d9d70f7f6076ce82.php 第 197 行.
NOTIC: [8] Undefined index: num /home/wwwroot/cxg/Application/Runtime/Cache/Admin/a749c1140eb2f049d9d70f7f6076ce82.php 第 197 行.
NOTIC: [8] Undefined index: num /home/wwwroot/cxg/Application/Runtime/Cache/Admin/a749c1140eb2f049d9d70f7f6076ce82.php 第 197 行.
NOTIC: [8] Undefined index: num /home/wwwroot/cxg/Application/Runtime/Cache/Admin/a749c1140eb2f049d9d70f7f6076ce82.php 第 197 行.
NOTIC: [8] Undefined index: num /home/wwwroot/cxg/Application/Runtime/Cache/Admin/a749c1140eb2f049d9d70f7f6076ce82.php 第 197 行.
NOTIC: [8] Undefined index: num /home/wwwroot/cxg/Application/Runtime/Cache/Admin/a749c1140eb2f049d9d70f7f6076ce82.php 第 197 行.
NOTIC: [8] Undefined index: num /home/wwwroot/cxg/Application/Runtime/Cache/Admin/a749c1140eb2f049d9d70f7f6076ce82.php 第 197 行.
NOTIC: [8] Undefined index: num /home/wwwroot/cxg/Application/Runtime/Cache/Admin/a749c1140eb2f049d9d70f7f6076ce82.php 第 197 行.
NOTIC: [8] Undefined index: num /home/wwwroot/cxg/Application/Runtime/Cache/Admin/a749c1140eb2f049d9d70f7f6076ce82.php 第 197 行.
NOTIC: [8] Undefined index: num /home/wwwroot/cxg/Application/Runtime/Cache/Admin/a749c1140eb2f049d9d70f7f6076ce82.php 第 197 行.
NOTIC: [8] Undefined index: num /home/wwwroot/cxg/Application/Runtime/Cache/Admin/a749c1140eb2f049d9d70f7f6076ce82.php 第 197 行.
NOTIC: [8] Undefined index: num /home/wwwroot/cxg/Application/Runtime/Cache/Admin/a749c1140eb2f049d9d70f7f6076ce82.php 第 197 行.
NOTIC: [8] Undefined index: num /home/wwwroot/cxg/Application/Runtime/Cache/Admin/a749c1140eb2f049d9d70f7f6076ce82.php 第 197 行.
NOTIC: [8] Undefined index: num /home/wwwroot/cxg/Application/Runtime/Cache/Admin/a749c1140eb2f049d9d70f7f6076ce82.php 第 197 行.
NOTIC: [8] Undefined index: num /home/wwwroot/cxg/Application/Runtime/Cache/Admin/a749c1140eb2f049d9d70f7f6076ce82.php 第 197 行.
NOTIC: [8] Undefined index: num /home/wwwroot/cxg/Application/Runtime/Cache/Admin/a749c1140eb2f049d9d70f7f6076ce82.php 第 197 行.
NOTIC: [8] Undefined index: num /home/wwwroot/cxg/Application/Runtime/Cache/Admin/a749c1140eb2f049d9d70f7f6076ce82.php 第 197 行.
NOTIC: [8] Undefined index: num /home/wwwroot/cxg/Application/Runtime/Cache/Admin/a749c1140eb2f049d9d70f7f6076ce82.php 第 197 行.
NOTIC: [8] Undefined index: num /home/wwwroot/cxg/Application/Runtime/Cache/Admin/a749c1140eb2f049d9d70f7f6076ce82.php 第 197 行.
NOTIC: [8] Undefined index: num /home/wwwroot/cxg/Application/Runtime/Cache/Admin/a749c1140eb2f049d9d70f7f6076ce82.php 第 197 行.
NOTIC: [8] Undefined index: num /home/wwwroot/cxg/Application/Runtime/Cache/Admin/a749c1140eb2f049d9d70f7f6076ce82.php 第 197 行.
NOTIC: [8] Undefined index: num /home/wwwroot/cxg/Application/Runtime/Cache/Admin/a749c1140eb2f049d9d70f7f6076ce82.php 第 197 行.
NOTIC: [8] Undefined index: num /home/wwwroot/cxg/Application/Runtime/Cache/Admin/a749c1140eb2f049d9d70f7f6076ce82.php 第 197 行.
NOTIC: [8] Undefined index: num /home/wwwroot/cxg/Application/Runtime/Cache/Admin/a749c1140eb2f049d9d70f7f6076ce82.php 第 197 行.
NOTIC: [8] Undefined index: num /home/wwwroot/cxg/Application/Runtime/Cache/Admin/a749c1140eb2f049d9d70f7f6076ce82.php 第 197 行.
NOTIC: [8] Undefined index: num /home/wwwroot/cxg/Application/Runtime/Cache/Admin/a749c1140eb2f049d9d70f7f6076ce82.php 第 197 行.
NOTIC: [8] Undefined index: num /home/wwwroot/cxg/Application/Runtime/Cache/Admin/a749c1140eb2f049d9d70f7f6076ce82.php 第 197 行.
NOTIC: [8] Undefined index: num /home/wwwroot/cxg/Application/Runtime/Cache/Admin/a749c1140eb2f049d9d70f7f6076ce82.php 第 197 行.
NOTIC: [8] Undefined index: num /home/wwwroot/cxg/Application/Runtime/Cache/Admin/a749c1140eb2f049d9d70f7f6076ce82.php 第 197 行.
NOTIC: [8] Undefined index: num /home/wwwroot/cxg/Application/Runtime/Cache/Admin/a749c1140eb2f049d9d70f7f6076ce82.php 第 197 行.
NOTIC: [8] Undefined index: num /home/wwwroot/cxg/Application/Runtime/Cache/Admin/a749c1140eb2f049d9d70f7f6076ce82.php 第 197 行.
NOTIC: [8] Undefined index: num /home/wwwroot/cxg/Application/Runtime/Cache/Admin/a749c1140eb2f049d9d70f7f6076ce82.php 第 197 行.
NOTIC: [8] Undefined index: num /home/wwwroot/cxg/Application/Runtime/Cache/Admin/a749c1140eb2f049d9d70f7f6076ce82.php 第 197 行.
NOTIC: [8] Undefined index: num /home/wwwroot/cxg/Application/Runtime/Cache/Admin/a749c1140eb2f049d9d70f7f6076ce82.php 第 197 行.
NOTIC: [8] Undefined index: num /home/wwwroot/cxg/Application/Runtime/Cache/Admin/a749c1140eb2f049d9d70f7f6076ce82.php 第 197 行.
NOTIC: [8] Undefined index: num /home/wwwroot/cxg/Application/Runtime/Cache/Admin/a749c1140eb2f049d9d70f7f6076ce82.php 第 197 行.
NOTIC: [8] Undefined index: num /home/wwwroot/cxg/Application/Runtime/Cache/Admin/a749c1140eb2f049d9d70f7f6076ce82.php 第 197 行.
NOTIC: [8] Undefined index: num /home/wwwroot/cxg/Application/Runtime/Cache/Admin/a749c1140eb2f049d9d70f7f6076ce82.php 第 197 行.
NOTIC: [8] Undefined index: num /home/wwwroot/cxg/Application/Runtime/Cache/Admin/a749c1140eb2f049d9d70f7f6076ce82.php 第 197 行.
NOTIC: [8] Undefined index: num /home/wwwroot/cxg/Application/Runtime/Cache/Admin/a749c1140eb2f049d9d70f7f6076ce82.php 第 197 行.
NOTIC: [8] Undefined index: num /home/wwwroot/cxg/Application/Runtime/Cache/Admin/a749c1140eb2f049d9d70f7f6076ce82.php 第 197 行.
NOTIC: [8] Undefined index: num /home/wwwroot/cxg/Application/Runtime/Cache/Admin/a749c1140eb2f049d9d70f7f6076ce82.php 第 197 行.
NOTIC: [8] Undefined index: num /home/wwwroot/cxg/Application/Runtime/Cache/Admin/a749c1140eb2f049d9d70f7f6076ce82.php 第 197 行.
NOTIC: [8] Undefined index: num /home/wwwroot/cxg/Application/Runtime/Cache/Admin/a749c1140eb2f049d9d70f7f6076ce82.php 第 197 行.
NOTIC: [8] Undefined index: num /home/wwwroot/cxg/Application/Runtime/Cache/Admin/a749c1140eb2f049d9d70f7f6076ce82.php 第 197 行.
NOTIC: [8] Undefined index: num /home/wwwroot/cxg/Application/Runtime/Cache/Admin/a749c1140eb2f049d9d70f7f6076ce82.php 第 197 行.
NOTIC: [8] Undefined index: num /home/wwwroot/cxg/Application/Runtime/Cache/Admin/a749c1140eb2f049d9d70f7f6076ce82.php 第 197 行.
NOTIC: [8] Undefined index: num /home/wwwroot/cxg/Application/Runtime/Cache/Admin/a749c1140eb2f049d9d70f7f6076ce82.php 第 197 行.
NOTIC: [8] Undefined index: num /home/wwwroot/cxg/Application/Runtime/Cache/Admin/a749c1140eb2f049d9d70f7f6076ce82.php 第 197 行.
NOTIC: [8] Undefined index: num /home/wwwroot/cxg/Application/Runtime/Cache/Admin/a749c1140eb2f049d9d70f7f6076ce82.php 第 197 行.
NOTIC: [8] Undefined index: num /home/wwwroot/cxg/Application/Runtime/Cache/Admin/a749c1140eb2f049d9d70f7f6076ce82.php 第 197 行.
NOTIC: [8] Undefined index: num /home/wwwroot/cxg/Application/Runtime/Cache/Admin/a749c1140eb2f049d9d70f7f6076ce82.php 第 197 行.
NOTIC: [8] Undefined index: num /home/wwwroot/cxg/Application/Runtime/Cache/Admin/a749c1140eb2f049d9d70f7f6076ce82.php 第 197 行.
NOTIC: [8] Undefined index: num /home/wwwroot/cxg/Application/Runtime/Cache/Admin/a749c1140eb2f049d9d70f7f6076ce82.php 第 197 行.
NOTIC: [8] Undefined index: num /home/wwwroot/cxg/Application/Runtime/Cache/Admin/a749c1140eb2f049d9d70f7f6076ce82.php 第 197 行.
NOTIC: [8] Undefined index: num /home/wwwroot/cxg/Application/Runtime/Cache/Admin/a749c1140eb2f049d9d70f7f6076ce82.php 第 197 行.
NOTIC: [8] Undefined index: num /home/wwwroot/cxg/Application/Runtime/Cache/Admin/a749c1140eb2f049d9d70f7f6076ce82.php 第 197 行.
NOTIC: [8] Undefined index: num /home/wwwroot/cxg/Application/Runtime/Cache/Admin/a749c1140eb2f049d9d70f7f6076ce82.php 第 197 行.
NOTIC: [8] Undefined index: num /home/wwwroot/cxg/Application/Runtime/Cache/Admin/a749c1140eb2f049d9d70f7f6076ce82.php 第 197 行.
NOTIC: [8] Undefined index: num /home/wwwroot/cxg/Application/Runtime/Cache/Admin/a749c1140eb2f049d9d70f7f6076ce82.php 第 197 行.
NOTIC: [8] Undefined index: num /home/wwwroot/cxg/Application/Runtime/Cache/Admin/a749c1140eb2f049d9d70f7f6076ce82.php 第 197 行.
NOTIC: [8] Undefined index: num /home/wwwroot/cxg/Application/Runtime/Cache/Admin/a749c1140eb2f049d9d70f7f6076ce82.php 第 197 行.
NOTIC: [8] Undefined index: num /home/wwwroot/cxg/Application/Runtime/Cache/Admin/a749c1140eb2f049d9d70f7f6076ce82.php 第 197 行.
NOTIC: [8] Undefined index: num /home/wwwroot/cxg/Application/Runtime/Cache/Admin/a749c1140eb2f049d9d70f7f6076ce82.php 第 197 行.
NOTIC: [8] Undefined index: num /home/wwwroot/cxg/Application/Runtime/Cache/Admin/a749c1140eb2f049d9d70f7f6076ce82.php 第 197 行.
NOTIC: [8] Undefined index: num /home/wwwroot/cxg/Application/Runtime/Cache/Admin/a749c1140eb2f049d9d70f7f6076ce82.php 第 197 行.
NOTIC: [8] Undefined index: num /home/wwwroot/cxg/Application/Runtime/Cache/Admin/a749c1140eb2f049d9d70f7f6076ce82.php 第 197 行.
NOTIC: [8] Undefined index: num /home/wwwroot/cxg/Application/Runtime/Cache/Admin/a749c1140eb2f049d9d70f7f6076ce82.php 第 197 行.
NOTIC: [8] Undefined index: num /home/wwwroot/cxg/Application/Runtime/Cache/Admin/a749c1140eb2f049d9d70f7f6076ce82.php 第 197 行.
NOTIC: [8] Undefined index: num /home/wwwroot/cxg/Application/Runtime/Cache/Admin/a749c1140eb2f049d9d70f7f6076ce82.php 第 197 行.
NOTIC: [8] Undefined index: num /home/wwwroot/cxg/Application/Runtime/Cache/Admin/a749c1140eb2f049d9d70f7f6076ce82.php 第 197 行.
NOTIC: [8] Undefined index: num /home/wwwroot/cxg/Application/Runtime/Cache/Admin/a749c1140eb2f049d9d70f7f6076ce82.php 第 197 行.
NOTIC: [8] Undefined index: num /home/wwwroot/cxg/Application/Runtime/Cache/Admin/a749c1140eb2f049d9d70f7f6076ce82.php 第 197 行.
NOTIC: [8] Undefined index: num /home/wwwroot/cxg/Application/Runtime/Cache/Admin/a749c1140eb2f049d9d70f7f6076ce82.php 第 197 行.
NOTIC: [8] Undefined index: num /home/wwwroot/cxg/Application/Runtime/Cache/Admin/a749c1140eb2f049d9d70f7f6076ce82.php 第 197 行.
NOTIC: [8] Undefined index: num /home/wwwroot/cxg/Application/Runtime/Cache/Admin/a749c1140eb2f049d9d70f7f6076ce82.php 第 197 行.
NOTIC: [8] Undefined index: num /home/wwwroot/cxg/Application/Runtime/Cache/Admin/a749c1140eb2f049d9d70f7f6076ce82.php 第 197 行.
NOTIC: [8] Undefined index: num /home/wwwroot/cxg/Application/Runtime/Cache/Admin/a749c1140eb2f049d9d70f7f6076ce82.php 第 197 行.
NOTIC: [8] Undefined index: num /home/wwwroot/cxg/Application/Runtime/Cache/Admin/a749c1140eb2f049d9d70f7f6076ce82.php 第 197 行.
NOTIC: [8] Undefined index: num /home/wwwroot/cxg/Application/Runtime/Cache/Admin/a749c1140eb2f049d9d70f7f6076ce82.php 第 197 行.
NOTIC: [8] Undefined index: num /home/wwwroot/cxg/Application/Runtime/Cache/Admin/a749c1140eb2f049d9d70f7f6076ce82.php 第 197 行.
NOTIC: [8] Undefined index: num /home/wwwroot/cxg/Application/Runtime/Cache/Admin/a749c1140eb2f049d9d70f7f6076ce82.php 第 197 行.
NOTIC: [8] Undefined index: num /home/wwwroot/cxg/Application/Runtime/Cache/Admin/a749c1140eb2f049d9d70f7f6076ce82.php 第 197 行.
NOTIC: [8] Undefined index: num /home/wwwroot/cxg/Application/Runtime/Cache/Admin/a749c1140eb2f049d9d70f7f6076ce82.php 第 197 行.
NOTIC: [8] Undefined index: num /home/wwwroot/cxg/Application/Runtime/Cache/Admin/a749c1140eb2f049d9d70f7f6076ce82.php 第 197 行.
NOTIC: [8] Undefined index: num /home/wwwroot/cxg/Application/Runtime/Cache/Admin/a749c1140eb2f049d9d70f7f6076ce82.php 第 197 行.
NOTIC: [8] Undefined index: num /home/wwwroot/cxg/Application/Runtime/Cache/Admin/a749c1140eb2f049d9d70f7f6076ce82.php 第 197 行.
NOTIC: [8] Undefined index: num /home/wwwroot/cxg/Application/Runtime/Cache/Admin/a749c1140eb2f049d9d70f7f6076ce82.php 第 197 行.
NOTIC: [8] Undefined index: num /home/wwwroot/cxg/Application/Runtime/Cache/Admin/a749c1140eb2f049d9d70f7f6076ce82.php 第 197 行.
NOTIC: [8] Undefined index: num /home/wwwroot/cxg/Application/Runtime/Cache/Admin/a749c1140eb2f049d9d70f7f6076ce82.php 第 197 行.
NOTIC: [8] Undefined index: num /home/wwwroot/cxg/Application/Runtime/Cache/Admin/a749c1140eb2f049d9d70f7f6076ce82.php 第 197 行.
NOTIC: [8] Undefined index: num /home/wwwroot/cxg/Application/Runtime/Cache/Admin/a749c1140eb2f049d9d70f7f6076ce82.php 第 197 行.
NOTIC: [8] Undefined index: num /home/wwwroot/cxg/Application/Runtime/Cache/Admin/a749c1140eb2f049d9d70f7f6076ce82.php 第 197 行.
NOTIC: [8] Undefined index: num /home/wwwroot/cxg/Application/Runtime/Cache/Admin/a749c1140eb2f049d9d70f7f6076ce82.php 第 197 行.
NOTIC: [8] Undefined index: num /home/wwwroot/cxg/Application/Runtime/Cache/Admin/a749c1140eb2f049d9d70f7f6076ce82.php 第 197 行.
NOTIC: [8] Undefined index: num /home/wwwroot/cxg/Application/Runtime/Cache/Admin/a749c1140eb2f049d9d70f7f6076ce82.php 第 197 行.
NOTIC: [8] Undefined index: num /home/wwwroot/cxg/Application/Runtime/Cache/Admin/a749c1140eb2f049d9d70f7f6076ce82.php 第 197 行.
NOTIC: [8] Undefined index: num /home/wwwroot/cxg/Application/Runtime/Cache/Admin/a749c1140eb2f049d9d70f7f6076ce82.php 第 197 行.
NOTIC: [8] Undefined index: num /home/wwwroot/cxg/Application/Runtime/Cache/Admin/a749c1140eb2f049d9d70f7f6076ce82.php 第 197 行.
NOTIC: [8] Undefined index: num /home/wwwroot/cxg/Application/Runtime/Cache/Admin/a749c1140eb2f049d9d70f7f6076ce82.php 第 197 行.
NOTIC: [8] Undefined index: num /home/wwwroot/cxg/Application/Runtime/Cache/Admin/a749c1140eb2f049d9d70f7f6076ce82.php 第 197 行.
NOTIC: [8] Undefined index: num /home/wwwroot/cxg/Application/Runtime/Cache/Admin/a749c1140eb2f049d9d70f7f6076ce82.php 第 197 行.
NOTIC: [8] Undefined index: num /home/wwwroot/cxg/Application/Runtime/Cache/Admin/a749c1140eb2f049d9d70f7f6076ce82.php 第 197 行.
NOTIC: [8] Undefined index: num /home/wwwroot/cxg/Application/Runtime/Cache/Admin/a749c1140eb2f049d9d70f7f6076ce82.php 第 197 行.
NOTIC: [8] Undefined index: num /home/wwwroot/cxg/Application/Runtime/Cache/Admin/a749c1140eb2f049d9d70f7f6076ce82.php 第 197 行.
NOTIC: [8] Undefined index: num /home/wwwroot/cxg/Application/Runtime/Cache/Admin/a749c1140eb2f049d9d70f7f6076ce82.php 第 197 行.
NOTIC: [8] Undefined index: num /home/wwwroot/cxg/Application/Runtime/Cache/Admin/a749c1140eb2f049d9d70f7f6076ce82.php 第 197 行.
NOTIC: [8] Undefined index: num /home/wwwroot/cxg/Application/Runtime/Cache/Admin/a749c1140eb2f049d9d70f7f6076ce82.php 第 197 行.
NOTIC: [8] Undefined index: num /home/wwwroot/cxg/Application/Runtime/Cache/Admin/a749c1140eb2f049d9d70f7f6076ce82.php 第 197 行.
NOTIC: [8] Undefined index: num /home/wwwroot/cxg/Application/Runtime/Cache/Admin/a749c1140eb2f049d9d70f7f6076ce82.php 第 197 行.
NOTIC: [8] Undefined index: num /home/wwwroot/cxg/Application/Runtime/Cache/Admin/a749c1140eb2f049d9d70f7f6076ce82.php 第 197 行.
NOTIC: [8] Undefined index: num /home/wwwroot/cxg/Application/Runtime/Cache/Admin/a749c1140eb2f049d9d70f7f6076ce82.php 第 197 行.
NOTIC: [8] Undefined index: num /home/wwwroot/cxg/Application/Runtime/Cache/Admin/a749c1140eb2f049d9d70f7f6076ce82.php 第 197 行.
NOTIC: [8] Undefined index: num /home/wwwroot/cxg/Application/Runtime/Cache/Admin/a749c1140eb2f049d9d70f7f6076ce82.php 第 197 行.
NOTIC: [8] Undefined index: num /home/wwwroot/cxg/Application/Runtime/Cache/Admin/a749c1140eb2f049d9d70f7f6076ce82.php 第 197 行.
NOTIC: [8] Undefined index: num /home/wwwroot/cxg/Application/Runtime/Cache/Admin/a749c1140eb2f049d9d70f7f6076ce82.php 第 197 行.
NOTIC: [8] Undefined index: num /home/wwwroot/cxg/Application/Runtime/Cache/Admin/a749c1140eb2f049d9d70f7f6076ce82.php 第 197 行.
NOTIC: [8] Undefined index: num /home/wwwroot/cxg/Application/Runtime/Cache/Admin/a749c1140eb2f049d9d70f7f6076ce82.php 第 197 行.
NOTIC: [8] Undefined index: num /home/wwwroot/cxg/Application/Runtime/Cache/Admin/a749c1140eb2f049d9d70f7f6076ce82.php 第 197 行.
INFO: Run Behavior\ParseTemplate [ RunTime:0.036047s ]
INFO: [ view_parse ] --END-- [ RunTime:0.036126s ]
INFO: [ view_filter ] --START--
INFO: Run Behavior\WriteHtmlCache [ RunTime:0.000161s ]
INFO: [ view_filter ] --END-- [ RunTime:0.000246s ]
INFO: [ app_end ] --START--
INFO: Run Behavior\ShowPageTrace [ RunTime:0.000212s ]
INFO: [ app_end ] --END-- [ RunTime:0.000334s ]

[ 2018-08-07T17:41:15+08:00 ] 192.168.1.101 /cxg/index.php?m=Admin&c=Setting&a=index&id=7.29
INFO: [ app_begin ] --START--
INFO: Run Behavior\ReadHtmlCache [ RunTime:0.000169s ]
INFO: [ app_begin ] --END-- [ RunTime:0.000290s ]
NOTIC: [8192] mysql_connect(): The mysql extension is deprecated and will be removed in the future: use mysqli or PDO instead /home/wwwroot/cxg/ThinkPHP/Library/Think/Db/Driver/Mysql.class.php 第 52 行.
SQL: SHOW COLUMNS FROM `menu` [ RunTime:0.001583s ]
SQL: SHOW COLUMNS FROM `menu` [ RunTime:0.001334s ]
SQL: SELECT * FROM `menu` WHERE ( `parent_id` = 7 ) AND ( `type` = 2 ) LIMIT 0,100   [ RunTime:0.000424s ]
SQL: SELECT * FROM `menu` WHERE ( `id` = 29 ) AND ( `type` = 2 ) LIMIT 0,100   [ RunTime:0.000387s ]
SQL: SHOW COLUMNS FROM `menu` [ RunTime:0.001389s ]
SQL: SELECT * FROM `menu` WHERE ( `parent_id` = 0 ) AND ( `show` = 1 ) AND ( `type` = 2 ) ORDER BY `id` ASC  [ RunTime:0.000441s ]
SQL: SELECT * FROM `menu` WHERE ( `parent_id` = 7 ) AND ( `show` = 1 ) ORDER BY `id` ASC  [ RunTime:0.000449s ]
SQL: SELECT * FROM `menu` WHERE ( `parent_id` = 14 ) AND ( `show` = 1 ) ORDER BY `id` ASC  [ RunTime:0.000427s ]
SQL: SELECT * FROM `menu` WHERE ( `parent_id` = 15 ) AND ( `show` = 1 ) ORDER BY `id` ASC  [ RunTime:0.000438s ]
SQL: SELECT * FROM `menu` WHERE ( `parent_id` = 16 ) AND ( `show` = 1 ) ORDER BY `id` ASC  [ RunTime:0.000450s ]
SQL: SELECT * FROM `menu` WHERE ( `parent_id` = 17 ) AND ( `show` = 1 ) ORDER BY `id` ASC  [ RunTime:0.000423s ]
SQL: SELECT * FROM `menu` WHERE ( `parent_id` = 18 ) AND ( `show` = 1 ) ORDER BY `id` ASC  [ RunTime:0.000417s ]
SQL: SELECT * FROM `menu` WHERE ( `parent_id` = 19 ) AND ( `show` = 1 ) ORDER BY `id` ASC  [ RunTime:0.000433s ]
SQL: SELECT * FROM `menu` WHERE ( `parent_id` = 20 ) AND ( `show` = 1 ) ORDER BY `id` ASC  [ RunTime:0.000439s ]
SQL: SELECT * FROM `menu` WHERE ( `parent_id` = 40 ) AND ( `show` = 1 ) ORDER BY `id` ASC  [ RunTime:0.000423s ]
SQL: SELECT * FROM `menu` WHERE ( `parent_id` = 60 ) AND ( `show` = 1 ) ORDER BY `id` ASC  [ RunTime:0.000415s ]
SQL: SELECT * FROM `menu` WHERE ( `parent_id` = 61 ) AND ( `show` = 1 ) ORDER BY `id` ASC  [ RunTime:0.000421s ]
SQL: SELECT * FROM `menu` WHERE ( `parent_id` = 75 ) AND ( `show` = 1 ) ORDER BY `id` ASC  [ RunTime:0.000434s ]
SQL: SHOW COLUMNS FROM `hostel` [ RunTime:0.001534s ]
SQL: SELECT * FROM `hostel` ORDER BY `build` asc,`floor` asc,`no` asc LIMIT 0,100   [ RunTime:0.000643s ]
SQL: SHOW COLUMNS FROM `build_type` [ RunTime:0.001457s ]
SQL: SELECT * FROM `build_type`  [ RunTime:0.000336s ]
SQL: SHOW COLUMNS FROM `student` [ RunTime:0.001597s ]
SQL: SELECT `dormitory_id`,count(*) as num FROM `student` GROUP BY dormitory_id  [ RunTime:0.001117s ]
INFO: [ view_parse ] --START--
INFO: [ template_filter ] --START--
INFO: Run Behavior\ContentReplace [ RunTime:0.000104s ]
INFO: [ template_filter ] --END-- [ RunTime:0.000155s ]
NOTIC: [8] Undefined index: num /home/wwwroot/cxg/Application/Runtime/Cache/Admin/a749c1140eb2f049d9d70f7f6076ce82.php 第 197 行.
NOTIC: [8] Undefined index: num /home/wwwroot/cxg/Application/Runtime/Cache/Admin/a749c1140eb2f049d9d70f7f6076ce82.php 第 197 行.
NOTIC: [8] Undefined index: num /home/wwwroot/cxg/Application/Runtime/Cache/Admin/a749c1140eb2f049d9d70f7f6076ce82.php 第 197 行.
NOTIC: [8] Undefined index: num /home/wwwroot/cxg/Application/Runtime/Cache/Admin/a749c1140eb2f049d9d70f7f6076ce82.php 第 197 行.
NOTIC: [8] Undefined index: num /home/wwwroot/cxg/Application/Runtime/Cache/Admin/a749c1140eb2f049d9d70f7f6076ce82.php 第 197 行.
NOTIC: [8] Undefined index: num /home/wwwroot/cxg/Application/Runtime/Cache/Admin/a749c1140eb2f049d9d70f7f6076ce82.php 第 197 行.
NOTIC: [8] Undefined index: num /home/wwwroot/cxg/Application/Runtime/Cache/Admin/a749c1140eb2f049d9d70f7f6076ce82.php 第 197 行.
NOTIC: [8] Undefined index: num /home/wwwroot/cxg/Application/Runtime/Cache/Admin/a749c1140eb2f049d9d70f7f6076ce82.php 第 197 行.
NOTIC: [8] Undefined index: num /home/wwwroot/cxg/Application/Runtime/Cache/Admin/a749c1140eb2f049d9d70f7f6076ce82.php 第 197 行.
NOTIC: [8] Undefined index: num /home/wwwroot/cxg/Application/Runtime/Cache/Admin/a749c1140eb2f049d9d70f7f6076ce82.php 第 197 行.
NOTIC: [8] Undefined index: num /home/wwwroot/cxg/Application/Runtime/Cache/Admin/a749c1140eb2f049d9d70f7f6076ce82.php 第 197 行.
NOTIC: [8] Undefined index: num /home/wwwroot/cxg/Application/Runtime/Cache/Admin/a749c1140eb2f049d9d70f7f6076ce82.php 第 197 行.
NOTIC: [8] Undefined index: num /home/wwwroot/cxg/Application/Runtime/Cache/Admin/a749c1140eb2f049d9d70f7f6076ce82.php 第 197 行.
NOTIC: [8] Undefined index: num /home/wwwroot/cxg/Application/Runtime/Cache/Admin/a749c1140eb2f049d9d70f7f6076ce82.php 第 197 行.
NOTIC: [8] Undefined index: num /home/wwwroot/cxg/Application/Runtime/Cache/Admin/a749c1140eb2f049d9d70f7f6076ce82.php 第 197 行.
NOTIC: [8] Undefined index: num /home/wwwroot/cxg/Application/Runtime/Cache/Admin/a749c1140eb2f049d9d70f7f6076ce82.php 第 197 行.
NOTIC: [8] Undefined index: num /home/wwwroot/cxg/Application/Runtime/Cache/Admin/a749c1140eb2f049d9d70f7f6076ce82.php 第 197 行.
NOTIC: [8] Undefined index: num /home/wwwroot/cxg/Application/Runtime/Cache/Admin/a749c1140eb2f049d9d70f7f6076ce82.php 第 197 行.
NOTIC: [8] Undefined index: num /home/wwwroot/cxg/Application/Runtime/Cache/Admin/a749c1140eb2f049d9d70f7f6076ce82.php 第 197 行.
NOTIC: [8] Undefined index: num /home/wwwroot/cxg/Application/Runtime/Cache/Admin/a749c1140eb2f049d9d70f7f6076ce82.php 第 197 行.
NOTIC: [8] Undefined index: num /home/wwwroot/cxg/Application/Runtime/Cache/Admin/a749c1140eb2f049d9d70f7f6076ce82.php 第 197 行.
NOTIC: [8] Undefined index: num /home/wwwroot/cxg/Application/Runtime/Cache/Admin/a749c1140eb2f049d9d70f7f6076ce82.php 第 197 行.
NOTIC: [8] Undefined index: num /home/wwwroot/cxg/Application/Runtime/Cache/Admin/a749c1140eb2f049d9d70f7f6076ce82.php 第 197 行.
NOTIC: [8] Undefined index: num /home/wwwroot/cxg/Application/Runtime/Cache/Admin/a749c1140eb2f049d9d70f7f6076ce82.php 第 197 行.
NOTIC: [8] Undefined index: num /home/wwwroot/cxg/Application/Runtime/Cache/Admin/a749c1140eb2f049d9d70f7f6076ce82.php 第 197 行.
NOTIC: [8] Undefined index: num /home/wwwroot/cxg/Application/Runtime/Cache/Admin/a749c1140eb2f049d9d70f7f6076ce82.php 第 197 行.
NOTIC: [8] Undefined index: num /home/wwwroot/cxg/Application/Runtime/Cache/Admin/a749c1140eb2f049d9d70f7f6076ce82.php 第 197 行.
NOTIC: [8] Undefined index: num /home/wwwroot/cxg/Application/Runtime/Cache/Admin/a749c1140eb2f049d9d70f7f6076ce82.php 第 197 行.
NOTIC: [8] Undefined index: num /home/wwwroot/cxg/Application/Runtime/Cache/Admin/a749c1140eb2f049d9d70f7f6076ce82.php 第 197 行.
NOTIC: [8] Undefined index: num /home/wwwroot/cxg/Application/Runtime/Cache/Admin/a749c1140eb2f049d9d70f7f6076ce82.php 第 197 行.
NOTIC: [8] Undefined index: num /home/wwwroot/cxg/Application/Runtime/Cache/Admin/a749c1140eb2f049d9d70f7f6076ce82.php 第 197 行.
NOTIC: [8] Undefined index: num /home/wwwroot/cxg/Application/Runtime/Cache/Admin/a749c1140eb2f049d9d70f7f6076ce82.php 第 197 行.
NOTIC: [8] Undefined index: num /home/wwwroot/cxg/Application/Runtime/Cache/Admin/a749c1140eb2f049d9d70f7f6076ce82.php 第 197 行.
NOTIC: [8] Undefined index: num /home/wwwroot/cxg/Application/Runtime/Cache/Admin/a749c1140eb2f049d9d70f7f6076ce82.php 第 197 行.
NOTIC: [8] Undefined index: num /home/wwwroot/cxg/Application/Runtime/Cache/Admin/a749c1140eb2f049d9d70f7f6076ce82.php 第 197 行.
NOTIC: [8] Undefined index: num /home/wwwroot/cxg/Application/Runtime/Cache/Admin/a749c1140eb2f049d9d70f7f6076ce82.php 第 197 行.
NOTIC: [8] Undefined index: num /home/wwwroot/cxg/Application/Runtime/Cache/Admin/a749c1140eb2f049d9d70f7f6076ce82.php 第 197 行.
NOTIC: [8] Undefined index: num /home/wwwroot/cxg/Application/Runtime/Cache/Admin/a749c1140eb2f049d9d70f7f6076ce82.php 第 197 行.
NOTIC: [8] Undefined index: num /home/wwwroot/cxg/Application/Runtime/Cache/Admin/a749c1140eb2f049d9d70f7f6076ce82.php 第 197 行.
NOTIC: [8] Undefined index: num /home/wwwroot/cxg/Application/Runtime/Cache/Admin/a749c1140eb2f049d9d70f7f6076ce82.php 第 197 行.
NOTIC: [8] Undefined index: num /home/wwwroot/cxg/Application/Runtime/Cache/Admin/a749c1140eb2f049d9d70f7f6076ce82.php 第 197 行.
NOTIC: [8] Undefined index: num /home/wwwroot/cxg/Application/Runtime/Cache/Admin/a749c1140eb2f049d9d70f7f6076ce82.php 第 197 行.
NOTIC: [8] Undefined index: num /home/wwwroot/cxg/Application/Runtime/Cache/Admin/a749c1140eb2f049d9d70f7f6076ce82.php 第 197 行.
NOTIC: [8] Undefined index: num /home/wwwroot/cxg/Application/Runtime/Cache/Admin/a749c1140eb2f049d9d70f7f6076ce82.php 第 197 行.
NOTIC: [8] Undefined index: num /home/wwwroot/cxg/Application/Runtime/Cache/Admin/a749c1140eb2f049d9d70f7f6076ce82.php 第 197 行.
NOTIC: [8] Undefined index: num /home/wwwroot/cxg/Application/Runtime/Cache/Admin/a749c1140eb2f049d9d70f7f6076ce82.php 第 197 行.
NOTIC: [8] Undefined index: num /home/wwwroot/cxg/Application/Runtime/Cache/Admin/a749c1140eb2f049d9d70f7f6076ce82.php 第 197 行.
NOTIC: [8] Undefined index: num /home/wwwroot/cxg/Application/Runtime/Cache/Admin/a749c1140eb2f049d9d70f7f6076ce82.php 第 197 行.
NOTIC: [8] Undefined index: num /home/wwwroot/cxg/Application/Runtime/Cache/Admin/a749c1140eb2f049d9d70f7f6076ce82.php 第 197 行.
NOTIC: [8] Undefined index: num /home/wwwroot/cxg/Application/Runtime/Cache/Admin/a749c1140eb2f049d9d70f7f6076ce82.php 第 197 行.
NOTIC: [8] Undefined index: num /home/wwwroot/cxg/Application/Runtime/Cache/Admin/a749c1140eb2f049d9d70f7f6076ce82.php 第 197 行.
NOTIC: [8] Undefined index: num /home/wwwroot/cxg/Application/Runtime/Cache/Admin/a749c1140eb2f049d9d70f7f6076ce82.php 第 197 行.
NOTIC: [8] Undefined index: num /home/wwwroot/cxg/Application/Runtime/Cache/Admin/a749c1140eb2f049d9d70f7f6076ce82.php 第 197 行.
NOTIC: [8] Undefined index: num /home/wwwroot/cxg/Application/Runtime/Cache/Admin/a749c1140eb2f049d9d70f7f6076ce82.php 第 197 行.
NOTIC: [8] Undefined index: num /home/wwwroot/cxg/Application/Runtime/Cache/Admin/a749c1140eb2f049d9d70f7f6076ce82.php 第 197 行.
NOTIC: [8] Undefined index: num /home/wwwroot/cxg/Application/Runtime/Cache/Admin/a749c1140eb2f049d9d70f7f6076ce82.php 第 197 行.
NOTIC: [8] Undefined index: num /home/wwwroot/cxg/Application/Runtime/Cache/Admin/a749c1140eb2f049d9d70f7f6076ce82.php 第 197 行.
NOTIC: [8] Undefined index: num /home/wwwroot/cxg/Application/Runtime/Cache/Admin/a749c1140eb2f049d9d70f7f6076ce82.php 第 197 行.
NOTIC: [8] Undefined index: num /home/wwwroot/cxg/Application/Runtime/Cache/Admin/a749c1140eb2f049d9d70f7f6076ce82.php 第 197 行.
NOTIC: [8] Undefined index: num /home/wwwroot/cxg/Application/Runtime/Cache/Admin/a749c1140eb2f049d9d70f7f6076ce82.php 第 197 行.
NOTIC: [8] Undefined index: num /home/wwwroot/cxg/Application/Runtime/Cache/Admin/a749c1140eb2f049d9d70f7f6076ce82.php 第 197 行.
NOTIC: [8] Undefined index: num /home/wwwroot/cxg/Application/Runtime/Cache/Admin/a749c1140eb2f049d9d70f7f6076ce82.php 第 197 行.
NOTIC: [8] Undefined index: num /home/wwwroot/cxg/Application/Runtime/Cache/Admin/a749c1140eb2f049d9d70f7f6076ce82.php 第 197 行.
NOTIC: [8] Undefined index: num /home/wwwroot/cxg/Application/Runtime/Cache/Admin/a749c1140eb2f049d9d70f7f6076ce82.php 第 197 行.
NOTIC: [8] Undefined index: num /home/wwwroot/cxg/Application/Runtime/Cache/Admin/a749c1140eb2f049d9d70f7f6076ce82.php 第 197 行.
NOTIC: [8] Undefined index: num /home/wwwroot/cxg/Application/Runtime/Cache/Admin/a749c1140eb2f049d9d70f7f6076ce82.php 第 197 行.
NOTIC: [8] Undefined index: num /home/wwwroot/cxg/Application/Runtime/Cache/Admin/a749c1140eb2f049d9d70f7f6076ce82.php 第 197 行.
NOTIC: [8] Undefined index: num /home/wwwroot/cxg/Application/Runtime/Cache/Admin/a749c1140eb2f049d9d70f7f6076ce82.php 第 197 行.
NOTIC: [8] Undefined index: num /home/wwwroot/cxg/Application/Runtime/Cache/Admin/a749c1140eb2f049d9d70f7f6076ce82.php 第 197 行.
NOTIC: [8] Undefined index: num /home/wwwroot/cxg/Application/Runtime/Cache/Admin/a749c1140eb2f049d9d70f7f6076ce82.php 第 197 行.
NOTIC: [8] Undefined index: num /home/wwwroot/cxg/Application/Runtime/Cache/Admin/a749c1140eb2f049d9d70f7f6076ce82.php 第 197 行.
NOTIC: [8] Undefined index: num /home/wwwroot/cxg/Application/Runtime/Cache/Admin/a749c1140eb2f049d9d70f7f6076ce82.php 第 197 行.
NOTIC: [8] Undefined index: num /home/wwwroot/cxg/Application/Runtime/Cache/Admin/a749c1140eb2f049d9d70f7f6076ce82.php 第 197 行.
NOTIC: [8] Undefined index: num /home/wwwroot/cxg/Application/Runtime/Cache/Admin/a749c1140eb2f049d9d70f7f6076ce82.php 第 197 行.
NOTIC: [8] Undefined index: num /home/wwwroot/cxg/Application/Runtime/Cache/Admin/a749c1140eb2f049d9d70f7f6076ce82.php 第 197 行.
NOTIC: [8] Undefined index: num /home/wwwroot/cxg/Application/Runtime/Cache/Admin/a749c1140eb2f049d9d70f7f6076ce82.php 第 197 行.
NOTIC: [8] Undefined index: num /home/wwwroot/cxg/Application/Runtime/Cache/Admin/a749c1140eb2f049d9d70f7f6076ce82.php 第 197 行.
NOTIC: [8] Undefined index: num /home/wwwroot/cxg/Application/Runtime/Cache/Admin/a749c1140eb2f049d9d70f7f6076ce82.php 第 197 行.
NOTIC: [8] Undefined index: num /home/wwwroot/cxg/Application/Runtime/Cache/Admin/a749c1140eb2f049d9d70f7f6076ce82.php 第 197 行.
NOTIC: [8] Undefined index: num /home/wwwroot/cxg/Application/Runtime/Cache/Admin/a749c1140eb2f049d9d70f7f6076ce82.php 第 197 行.
NOTIC: [8] Undefined index: num /home/wwwroot/cxg/Application/Runtime/Cache/Admin/a749c1140eb2f049d9d70f7f6076ce82.php 第 197 行.
NOTIC: [8] Undefined index: num /home/wwwroot/cxg/Application/Runtime/Cache/Admin/a749c1140eb2f049d9d70f7f6076ce82.php 第 197 行.
NOTIC: [8] Undefined index: num /home/wwwroot/cxg/Application/Runtime/Cache/Admin/a749c1140eb2f049d9d70f7f6076ce82.php 第 197 行.
NOTIC: [8] Undefined index: num /home/wwwroot/cxg/Application/Runtime/Cache/Admin/a749c1140eb2f049d9d70f7f6076ce82.php 第 197 行.
NOTIC: [8] Undefined index: num /home/wwwroot/cxg/Application/Runtime/Cache/Admin/a749c1140eb2f049d9d70f7f6076ce82.php 第 197 行.
NOTIC: [8] Undefined index: num /home/wwwroot/cxg/Application/Runtime/Cache/Admin/a749c1140eb2f049d9d70f7f6076ce82.php 第 197 行.
NOTIC: [8] Undefined index: num /home/wwwroot/cxg/Application/Runtime/Cache/Admin/a749c1140eb2f049d9d70f7f6076ce82.php 第 197 行.
NOTIC: [8] Undefined index: num /home/wwwroot/cxg/Application/Runtime/Cache/Admin/a749c1140eb2f049d9d70f7f6076ce82.php 第 197 行.
NOTIC: [8] Undefined index: num /home/wwwroot/cxg/Application/Runtime/Cache/Admin/a749c1140eb2f049d9d70f7f6076ce82.php 第 197 行.
NOTIC: [8] Undefined index: num /home/wwwroot/cxg/Application/Runtime/Cache/Admin/a749c1140eb2f049d9d70f7f6076ce82.php 第 197 行.
NOTIC: [8] Undefined index: num /home/wwwroot/cxg/Application/Runtime/Cache/Admin/a749c1140eb2f049d9d70f7f6076ce82.php 第 197 行.
NOTIC: [8] Undefined index: num /home/wwwroot/cxg/Application/Runtime/Cache/Admin/a749c1140eb2f049d9d70f7f6076ce82.php 第 197 行.
NOTIC: [8] Undefined index: num /home/wwwroot/cxg/Application/Runtime/Cache/Admin/a749c1140eb2f049d9d70f7f6076ce82.php 第 197 行.
NOTIC: [8] Undefined index: num /home/wwwroot/cxg/Application/Runtime/Cache/Admin/a749c1140eb2f049d9d70f7f6076ce82.php 第 197 行.
NOTIC: [8] Undefined index: num /home/wwwroot/cxg/Application/Runtime/Cache/Admin/a749c1140eb2f049d9d70f7f6076ce82.php 第 197 行.
NOTIC: [8] Undefined index: num /home/wwwroot/cxg/Application/Runtime/Cache/Admin/a749c1140eb2f049d9d70f7f6076ce82.php 第 197 行.
NOTIC: [8] Undefined index: num /home/wwwroot/cxg/Application/Runtime/Cache/Admin/a749c1140eb2f049d9d70f7f6076ce82.php 第 197 行.
NOTIC: [8] Undefined index: num /home/wwwroot/cxg/Application/Runtime/Cache/Admin/a749c1140eb2f049d9d70f7f6076ce82.php 第 197 行.
NOTIC: [8] Undefined index: num /home/wwwroot/cxg/Application/Runtime/Cache/Admin/a749c1140eb2f049d9d70f7f6076ce82.php 第 197 行.
NOTIC: [8] Undefined index: num /home/wwwroot/cxg/Application/Runtime/Cache/Admin/a749c1140eb2f049d9d70f7f6076ce82.php 第 197 行.
NOTIC: [8] Undefined index: num /home/wwwroot/cxg/Application/Runtime/Cache/Admin/a749c1140eb2f049d9d70f7f6076ce82.php 第 197 行.
NOTIC: [8] Undefined index: num /home/wwwroot/cxg/Application/Runtime/Cache/Admin/a749c1140eb2f049d9d70f7f6076ce82.php 第 197 行.
NOTIC: [8] Undefined index: num /home/wwwroot/cxg/Application/Runtime/Cache/Admin/a749c1140eb2f049d9d70f7f6076ce82.php 第 197 行.
NOTIC: [8] Undefined index: num /home/wwwroot/cxg/Application/Runtime/Cache/Admin/a749c1140eb2f049d9d70f7f6076ce82.php 第 197 行.
NOTIC: [8] Undefined index: num /home/wwwroot/cxg/Application/Runtime/Cache/Admin/a749c1140eb2f049d9d70f7f6076ce82.php 第 197 行.
NOTIC: [8] Undefined index: num /home/wwwroot/cxg/Application/Runtime/Cache/Admin/a749c1140eb2f049d9d70f7f6076ce82.php 第 197 行.
NOTIC: [8] Undefined index: num /home/wwwroot/cxg/Application/Runtime/Cache/Admin/a749c1140eb2f049d9d70f7f6076ce82.php 第 197 行.
NOTIC: [8] Undefined index: num /home/wwwroot/cxg/Application/Runtime/Cache/Admin/a749c1140eb2f049d9d70f7f6076ce82.php 第 197 行.
NOTIC: [8] Undefined index: num /home/wwwroot/cxg/Application/Runtime/Cache/Admin/a749c1140eb2f049d9d70f7f6076ce82.php 第 197 行.
NOTIC: [8] Undefined index: num /home/wwwroot/cxg/Application/Runtime/Cache/Admin/a749c1140eb2f049d9d70f7f6076ce82.php 第 197 行.
NOTIC: [8] Undefined index: num /home/wwwroot/cxg/Application/Runtime/Cache/Admin/a749c1140eb2f049d9d70f7f6076ce82.php 第 197 行.
NOTIC: [8] Undefined index: num /home/wwwroot/cxg/Application/Runtime/Cache/Admin/a749c1140eb2f049d9d70f7f6076ce82.php 第 197 行.
NOTIC: [8] Undefined index: num /home/wwwroot/cxg/Application/Runtime/Cache/Admin/a749c1140eb2f049d9d70f7f6076ce82.php 第 197 行.
NOTIC: [8] Undefined index: num /home/wwwroot/cxg/Application/Runtime/Cache/Admin/a749c1140eb2f049d9d70f7f6076ce82.php 第 197 行.
NOTIC: [8] Undefined index: num /home/wwwroot/cxg/Application/Runtime/Cache/Admin/a749c1140eb2f049d9d70f7f6076ce82.php 第 197 行.
NOTIC: [8] Undefined index: num /home/wwwroot/cxg/Application/Runtime/Cache/Admin/a749c1140eb2f049d9d70f7f6076ce82.php 第 197 行.
NOTIC: [8] Undefined index: num /home/wwwroot/cxg/Application/Runtime/Cache/Admin/a749c1140eb2f049d9d70f7f6076ce82.php 第 197 行.
NOTIC: [8] Undefined index: num /home/wwwroot/cxg/Application/Runtime/Cache/Admin/a749c1140eb2f049d9d70f7f6076ce82.php 第 197 行.
NOTIC: [8] Undefined index: num /home/wwwroot/cxg/Application/Runtime/Cache/Admin/a749c1140eb2f049d9d70f7f6076ce82.php 第 197 行.
NOTIC: [8] Undefined index: num /home/wwwroot/cxg/Application/Runtime/Cache/Admin/a749c1140eb2f049d9d70f7f6076ce82.php 第 197 行.
NOTIC: [8] Undefined index: num /home/wwwroot/cxg/Application/Runtime/Cache/Admin/a749c1140eb2f049d9d70f7f6076ce82.php 第 197 行.
NOTIC: [8] Undefined index: num /home/wwwroot/cxg/Application/Runtime/Cache/Admin/a749c1140eb2f049d9d70f7f6076ce82.php 第 197 行.
NOTIC: [8] Undefined index: num /home/wwwroot/cxg/Application/Runtime/Cache/Admin/a749c1140eb2f049d9d70f7f6076ce82.php 第 197 行.
NOTIC: [8] Undefined index: num /home/wwwroot/cxg/Application/Runtime/Cache/Admin/a749c1140eb2f049d9d70f7f6076ce82.php 第 197 行.
NOTIC: [8] Undefined index: num /home/wwwroot/cxg/Application/Runtime/Cache/Admin/a749c1140eb2f049d9d70f7f6076ce82.php 第 197 行.
NOTIC: [8] Undefined index: num /home/wwwroot/cxg/Application/Runtime/Cache/Admin/a749c1140eb2f049d9d70f7f6076ce82.php 第 197 行.
NOTIC: [8] Undefined index: num /home/wwwroot/cxg/Application/Runtime/Cache/Admin/a749c1140eb2f049d9d70f7f6076ce82.php 第 197 行.
NOTIC: [8] Undefined index: num /home/wwwroot/cxg/Application/Runtime/Cache/Admin/a749c1140eb2f049d9d70f7f6076ce82.php 第 197 行.
INFO: Run Behavior\ParseTemplate [ RunTime:0.015555s ]
INFO: [ view_parse ] --END-- [ RunTime:0.015614s ]
INFO: [ view_filter ] --START--
INFO: Run Behavior\WriteHtmlCache [ RunTime:0.000098s ]
INFO: [ view_filter ] --END-- [ RunTime:0.000143s ]
INFO: [ app_end ] --START--
INFO: Run Behavior\ShowPageTrace [ RunTime:0.000108s ]
INFO: [ app_end ] --END-- [ RunTime:0.000159s ]

