[ 2018-09-25T08:50:52+08:00 ] 192.168.1.103 /cxg/
INFO: [ app_begin ] --START--
INFO: Run Behavior\ReadHtmlCache [ RunTime:0.001096s ]
INFO: [ app_begin ] --END-- [ RunTime:0.002267s ]
INFO: [ view_parse ] --START--
INFO: [ template_filter ] --START--
INFO: Run Behavior\ContentReplace [ RunTime:0.000083s ]
INFO: [ template_filter ] --END-- [ RunTime:0.000254s ]
INFO: Run Behavior\ParseTemplate [ RunTime:0.011974s ]
INFO: [ view_parse ] --END-- [ RunTime:0.012027s ]
INFO: [ view_filter ] --START--
INFO: Run Behavior\WriteHtmlCache [ RunTime:0.001105s ]
INFO: [ view_filter ] --END-- [ RunTime:0.001145s ]

[ 2018-09-25T10:53:43+08:00 ] 192.168.1.108 /cxg/index.php?m=Home&c=Android&a=getTeacherLeaveList&types=json&userId=1
INFO: [ app_begin ] --START--
INFO: Run Behavior\ReadHtmlCache [ RunTime:0.000061s ]
INFO: [ app_begin ] --END-- [ RunTime:0.000150s ]
NOTIC: [8192] mysql_connect(): The mysql extension is deprecated and will be removed in the future: use mysqli or PDO instead /home/wwwroot/cxg/ThinkPHP/Library/Think/Db/Driver/Mysql.class.php 第 52 行.
SQL: SHOW COLUMNS FROM `member` [ RunTime:0.007262s ]
SQL: SHOW COLUMNS FROM `leader` [ RunTime:0.002764s ]
SQL: SHOW COLUMNS FROM `class_year` [ RunTime:0.002085s ]
SQL: SHOW COLUMNS FROM `teacher_leave` [ RunTime:0.001088s ]
SQL: SELECT * FROM `member` WHERE ( `id` = 1 ) LIMIT 0,100   [ RunTime:0.000893s ]
SQL: SELECT * FROM `teacher_leave` ORDER BY `status` ASC,`id` DESC LIMIT 0,20   [ RunTime:0.000241s ]
SQL: SELECT * FROM `leader` WHERE ( `id` IN ('7','5','1','4','3','2') ) LIMIT 0,100   [ RunTime:0.004270s ]
INFO: [ app_end ] --START--
INFO: Run Behavior\ShowPageTrace [ RunTime:0.001396s ]
INFO: [ app_end ] --END-- [ RunTime:0.001435s ]

[ 2018-09-25T11:38:52+08:00 ] 192.168.1.103 /cxg/index.php?m=Admin&c=Setting&a=index&id=7.79
INFO: [ app_begin ] --START--
INFO: Run Behavior\ReadHtmlCache [ RunTime:0.000627s ]
INFO: [ app_begin ] --END-- [ RunTime:0.001200s ]

[ 2018-09-25T11:38:52+08:00 ] 192.168.1.103 /cxg/index.php?m=Admin
INFO: [ app_begin ] --START--
INFO: Run Behavior\ReadHtmlCache [ RunTime:0.000050s ]
INFO: [ app_begin ] --END-- [ RunTime:0.000129s ]
INFO: [ view_parse ] --START--
INFO: [ template_filter ] --START--
INFO: Run Behavior\ContentReplace [ RunTime:0.000024s ]
INFO: [ template_filter ] --END-- [ RunTime:0.000058s ]
INFO: Run Behavior\ParseTemplate [ RunTime:0.008623s ]
INFO: [ view_parse ] --END-- [ RunTime:0.008669s ]
INFO: [ view_filter ] --START--
INFO: Run Behavior\WriteHtmlCache [ RunTime:0.000467s ]
INFO: [ view_filter ] --END-- [ RunTime:0.000491s ]

[ 2018-09-25T11:38:55+08:00 ] 192.168.1.103 /cxg/index.php?m=Admin&c=Log&a=dolog
INFO: [ app_begin ] --START--
INFO: Run Behavior\ReadHtmlCache [ RunTime:0.000132s ]
INFO: [ app_begin ] --END-- [ RunTime:0.000258s ]
NOTIC: [8192] mysql_connect(): The mysql extension is deprecated and will be removed in the future: use mysqli or PDO instead /home/wwwroot/cxg/ThinkPHP/Library/Think/Db/Driver/Mysql.class.php 第 52 行.
SQL: SHOW COLUMNS FROM `manage` [ RunTime:0.009010s ]
SQL: SELECT * FROM `manage` WHERE ( `name` = 'admin' ) AND ( `password` = '21232f297a57a5a743894a0e4a801fc3' ) LIMIT 0,100   [ RunTime:0.003018s ]

[ 2018-09-25T11:38:55+08:00 ] 192.168.1.103 /cxg/index.php?m=Admin
INFO: [ app_begin ] --START--
INFO: Run Behavior\ReadHtmlCache [ RunTime:0.000052s ]
INFO: [ app_begin ] --END-- [ RunTime:0.000108s ]
NOTIC: [8] Undefined index: act /home/wwwroot/cxg/Application/Admin/Controller/IndexController.class.php 第 18 行.
NOTIC: [8192] mysql_connect(): The mysql extension is deprecated and will be removed in the future: use mysqli or PDO instead /home/wwwroot/cxg/ThinkPHP/Library/Think/Db/Driver/Mysql.class.php 第 52 行.
SQL: SHOW COLUMNS FROM `menu` [ RunTime:0.001319s ]
SQL: SELECT * FROM `menu` WHERE ( `parent_id` = 0 ) AND ( `show` = 1 ) AND ( `type` = 2 ) ORDER BY `id` ASC  [ RunTime:0.001000s ]
SQL: SELECT * FROM `menu` WHERE ( `parent_id` = 7 ) AND ( `show` = 1 ) ORDER BY `id` ASC  [ RunTime:0.000194s ]
SQL: SELECT * FROM `menu` WHERE ( `parent_id` = 14 ) AND ( `show` = 1 ) ORDER BY `id` ASC  [ RunTime:0.000163s ]
SQL: SELECT * FROM `menu` WHERE ( `parent_id` = 15 ) AND ( `show` = 1 ) ORDER BY `id` ASC  [ RunTime:0.000163s ]
SQL: SELECT * FROM `menu` WHERE ( `parent_id` = 16 ) AND ( `show` = 1 ) ORDER BY `id` ASC  [ RunTime:0.000149s ]
SQL: SELECT * FROM `menu` WHERE ( `parent_id` = 17 ) AND ( `show` = 1 ) ORDER BY `id` ASC  [ RunTime:0.000147s ]
SQL: SELECT * FROM `menu` WHERE ( `parent_id` = 18 ) AND ( `show` = 1 ) ORDER BY `id` ASC  [ RunTime:0.000145s ]
SQL: SELECT * FROM `menu` WHERE ( `parent_id` = 19 ) AND ( `show` = 1 ) ORDER BY `id` ASC  [ RunTime:0.000149s ]
SQL: SELECT * FROM `menu` WHERE ( `parent_id` = 20 ) AND ( `show` = 1 ) ORDER BY `id` ASC  [ RunTime:0.000150s ]
SQL: SELECT * FROM `menu` WHERE ( `parent_id` = 40 ) AND ( `show` = 1 ) ORDER BY `id` ASC  [ RunTime:0.000144s ]
SQL: SELECT * FROM `menu` WHERE ( `parent_id` = 77 ) AND ( `show` = 1 ) ORDER BY `id` ASC  [ RunTime:0.000148s ]
SQL: SELECT * FROM `menu` WHERE ( `parent_id` = 60 ) AND ( `show` = 1 ) ORDER BY `id` ASC  [ RunTime:0.000145s ]
SQL: SELECT * FROM `menu` WHERE ( `parent_id` = 61 ) AND ( `show` = 1 ) ORDER BY `id` ASC  [ RunTime:0.000214s ]
SQL: SELECT * FROM `menu` WHERE ( `parent_id` = 75 ) AND ( `show` = 1 ) ORDER BY `id` ASC  [ RunTime:0.000144s ]
INFO: [ view_parse ] --START--
INFO: [ template_filter ] --START--
INFO: Run Behavior\ContentReplace [ RunTime:0.000042s ]
INFO: [ template_filter ] --END-- [ RunTime:0.000086s ]
INFO: Run Behavior\ParseTemplate [ RunTime:0.007787s ]
INFO: [ view_parse ] --END-- [ RunTime:0.007831s ]
INFO: [ view_filter ] --START--
INFO: Run Behavior\WriteHtmlCache [ RunTime:0.000063s ]
INFO: [ view_filter ] --END-- [ RunTime:0.000086s ]
INFO: [ app_end ] --START--
INFO: Run Behavior\ShowPageTrace [ RunTime:0.001289s ]
INFO: [ app_end ] --END-- [ RunTime:0.001327s ]

[ 2018-09-25T11:38:55+08:00 ] 192.168.1.103 /cxg/index.php?m=Admin&c=Index&a=getInfo
INFO: [ app_begin ] --START--
INFO: Run Behavior\ReadHtmlCache [ RunTime:0.000126s ]
INFO: [ app_begin ] --END-- [ RunTime:0.000238s ]
NOTIC: [8192] mysql_connect(): The mysql extension is deprecated and will be removed in the future: use mysqli or PDO instead /home/wwwroot/cxg/ThinkPHP/Library/Think/Db/Driver/Mysql.class.php 第 52 行.
SQL: SHOW COLUMNS FROM `manage` [ RunTime:0.000339s ]
SQL: SELECT * FROM `manage` WHERE ( `id` = 1 ) LIMIT 0,100   [ RunTime:0.000205s ]
SQL: SHOW COLUMNS FROM `class_year` [ RunTime:0.001734s ]
SQL: SELECT * FROM `class_year` WHERE ( `director_id` = 1 ) LIMIT 0,100   [ RunTime:0.000211s ]
SQL: SHOW COLUMNS FROM `student_leave` [ RunTime:0.002741s ]
SQL: SELECT COUNT(*) AS tp_count FROM `student_leave` WHERE ( `status` IN (3,4) ) LIMIT 1   [ RunTime:0.001279s ]

[ 2018-09-25T11:39:05+08:00 ] 192.168.1.103 /cxg/index.php?m=Admin&c=Index&a=index&act=7.58
INFO: [ app_begin ] --START--
INFO: Run Behavior\ReadHtmlCache [ RunTime:0.000127s ]
INFO: [ app_begin ] --END-- [ RunTime:0.000239s ]
NOTIC: [8192] mysql_connect(): The mysql extension is deprecated and will be removed in the future: use mysqli or PDO instead /home/wwwroot/cxg/ThinkPHP/Library/Think/Db/Driver/Mysql.class.php 第 52 行.
SQL: SHOW COLUMNS FROM `menu` [ RunTime:0.000318s ]
SQL: SELECT * FROM `menu` WHERE ( `parent_id` = 0 ) AND ( `show` = 1 ) AND ( `type` = 2 ) ORDER BY `id` ASC  [ RunTime:0.000168s ]
SQL: SELECT * FROM `menu` WHERE ( `parent_id` = 7 ) AND ( `show` = 1 ) ORDER BY `id` ASC  [ RunTime:0.000121s ]
SQL: SELECT * FROM `menu` WHERE ( `parent_id` = 14 ) AND ( `show` = 1 ) ORDER BY `id` ASC  [ RunTime:0.000111s ]
SQL: SELECT * FROM `menu` WHERE ( `parent_id` = 15 ) AND ( `show` = 1 ) ORDER BY `id` ASC  [ RunTime:0.000115s ]
SQL: SELECT * FROM `menu` WHERE ( `parent_id` = 16 ) AND ( `show` = 1 ) ORDER BY `id` ASC  [ RunTime:0.000107s ]
SQL: SELECT * FROM `menu` WHERE ( `parent_id` = 17 ) AND ( `show` = 1 ) ORDER BY `id` ASC  [ RunTime:0.000107s ]
SQL: SELECT * FROM `menu` WHERE ( `parent_id` = 18 ) AND ( `show` = 1 ) ORDER BY `id` ASC  [ RunTime:0.000105s ]
SQL: SELECT * FROM `menu` WHERE ( `parent_id` = 19 ) AND ( `show` = 1 ) ORDER BY `id` ASC  [ RunTime:0.000110s ]
SQL: SELECT * FROM `menu` WHERE ( `parent_id` = 20 ) AND ( `show` = 1 ) ORDER BY `id` ASC  [ RunTime:0.000109s ]
SQL: SELECT * FROM `menu` WHERE ( `parent_id` = 40 ) AND ( `show` = 1 ) ORDER BY `id` ASC  [ RunTime:0.000105s ]
SQL: SELECT * FROM `menu` WHERE ( `parent_id` = 77 ) AND ( `show` = 1 ) ORDER BY `id` ASC  [ RunTime:0.000105s ]
SQL: SELECT * FROM `menu` WHERE ( `parent_id` = 60 ) AND ( `show` = 1 ) ORDER BY `id` ASC  [ RunTime:0.000104s ]
SQL: SELECT * FROM `menu` WHERE ( `parent_id` = 61 ) AND ( `show` = 1 ) ORDER BY `id` ASC  [ RunTime:0.000106s ]
SQL: SELECT * FROM `menu` WHERE ( `parent_id` = 75 ) AND ( `show` = 1 ) ORDER BY `id` ASC  [ RunTime:0.000100s ]
INFO: [ view_parse ] --START--
INFO: [ template_filter ] --START--
INFO: Run Behavior\ContentReplace [ RunTime:0.000027s ]
INFO: [ template_filter ] --END-- [ RunTime:0.000050s ]
INFO: Run Behavior\ParseTemplate [ RunTime:0.002732s ]
INFO: [ view_parse ] --END-- [ RunTime:0.002757s ]
INFO: [ view_filter ] --START--
INFO: Run Behavior\WriteHtmlCache [ RunTime:0.000041s ]
INFO: [ view_filter ] --END-- [ RunTime:0.000057s ]
INFO: [ app_end ] --START--
INFO: Run Behavior\ShowPageTrace [ RunTime:0.000064s ]
INFO: [ app_end ] --END-- [ RunTime:0.000090s ]

[ 2018-09-25T11:39:05+08:00 ] 192.168.1.103 /cxg/index.php?m=Admin&c=Setting&a=index&id=7.58
INFO: [ app_begin ] --START--
INFO: Run Behavior\ReadHtmlCache [ RunTime:0.000038s ]
INFO: [ app_begin ] --END-- [ RunTime:0.000076s ]
NOTIC: [8192] mysql_connect(): The mysql extension is deprecated and will be removed in the future: use mysqli or PDO instead /home/wwwroot/cxg/ThinkPHP/Library/Think/Db/Driver/Mysql.class.php 第 52 行.
SQL: SHOW COLUMNS FROM `menu` [ RunTime:0.000285s ]
SQL: SHOW COLUMNS FROM `menu` [ RunTime:0.000205s ]
SQL: SELECT * FROM `menu` WHERE ( `parent_id` = 7 ) AND ( `type` = 2 ) LIMIT 0,100   [ RunTime:0.000137s ]
SQL: SELECT * FROM `menu` WHERE ( `id` = 58 ) AND ( `type` = 2 ) LIMIT 0,100   [ RunTime:0.000089s ]
SQL: SHOW COLUMNS FROM `menu` [ RunTime:0.000212s ]
SQL: SELECT * FROM `menu` WHERE ( `parent_id` = 0 ) AND ( `show` = 1 ) AND ( `type` = 2 ) ORDER BY `id` ASC  [ RunTime:0.000123s ]
SQL: SELECT * FROM `menu` WHERE ( `parent_id` = 7 ) AND ( `show` = 1 ) ORDER BY `id` ASC  [ RunTime:0.000115s ]
SQL: SELECT * FROM `menu` WHERE ( `parent_id` = 14 ) AND ( `show` = 1 ) ORDER BY `id` ASC  [ RunTime:0.000110s ]
SQL: SELECT * FROM `menu` WHERE ( `parent_id` = 15 ) AND ( `show` = 1 ) ORDER BY `id` ASC  [ RunTime:0.000109s ]
SQL: SELECT * FROM `menu` WHERE ( `parent_id` = 16 ) AND ( `show` = 1 ) ORDER BY `id` ASC  [ RunTime:0.000148s ]
SQL: SELECT * FROM `menu` WHERE ( `parent_id` = 17 ) AND ( `show` = 1 ) ORDER BY `id` ASC  [ RunTime:0.000124s ]
SQL: SELECT * FROM `menu` WHERE ( `parent_id` = 18 ) AND ( `show` = 1 ) ORDER BY `id` ASC  [ RunTime:0.000107s ]
SQL: SELECT * FROM `menu` WHERE ( `parent_id` = 19 ) AND ( `show` = 1 ) ORDER BY `id` ASC  [ RunTime:0.000108s ]
SQL: SELECT * FROM `menu` WHERE ( `parent_id` = 20 ) AND ( `show` = 1 ) ORDER BY `id` ASC  [ RunTime:0.000108s ]
SQL: SELECT * FROM `menu` WHERE ( `parent_id` = 40 ) AND ( `show` = 1 ) ORDER BY `id` ASC  [ RunTime:0.000104s ]
SQL: SELECT * FROM `menu` WHERE ( `parent_id` = 77 ) AND ( `show` = 1 ) ORDER BY `id` ASC  [ RunTime:0.000106s ]
SQL: SELECT * FROM `menu` WHERE ( `parent_id` = 60 ) AND ( `show` = 1 ) ORDER BY `id` ASC  [ RunTime:0.000104s ]
SQL: SELECT * FROM `menu` WHERE ( `parent_id` = 61 ) AND ( `show` = 1 ) ORDER BY `id` ASC  [ RunTime:0.000106s ]
SQL: SELECT * FROM `menu` WHERE ( `parent_id` = 75 ) AND ( `show` = 1 ) ORDER BY `id` ASC  [ RunTime:0.000101s ]
SQL: SHOW COLUMNS FROM `class_year` [ RunTime:0.000219s ]
SQL: SELECT * FROM `class_year` LIMIT 0,100   [ RunTime:0.000094s ]
INFO: [ view_parse ] --START--
INFO: [ template_filter ] --START--
INFO: Run Behavior\ContentReplace [ RunTime:0.000046s ]
INFO: [ template_filter ] --END-- [ RunTime:0.000079s ]
INFO: Run Behavior\ParseTemplate [ RunTime:0.007300s ]
INFO: [ view_parse ] --END-- [ RunTime:0.007353s ]
INFO: [ view_filter ] --START--
INFO: Run Behavior\WriteHtmlCache [ RunTime:0.000057s ]
INFO: [ view_filter ] --END-- [ RunTime:0.000077s ]
INFO: [ app_end ] --START--
INFO: Run Behavior\ShowPageTrace [ RunTime:0.000054s ]
INFO: [ app_end ] --END-- [ RunTime:0.000075s ]

[ 2018-09-25T11:39:05+08:00 ] 192.168.1.103 /cxg/index.php?m=Admin&c=Setting&a=getTeacherList
INFO: [ app_begin ] --START--
INFO: Run Behavior\ReadHtmlCache [ RunTime:0.000141s ]
INFO: [ app_begin ] --END-- [ RunTime:0.000270s ]
NOTIC: [8192] mysql_connect(): The mysql extension is deprecated and will be removed in the future: use mysqli or PDO instead /home/wwwroot/cxg/ThinkPHP/Library/Think/Db/Driver/Mysql.class.php 第 52 行.
SQL: SHOW COLUMNS FROM `class_year` [ RunTime:0.000314s ]
SQL: SELECT * FROM `class_year`  [ RunTime:0.000110s ]
SQL: SHOW COLUMNS FROM `leader` [ RunTime:0.001724s ]
SQL: SELECT * FROM `leader` ORDER BY `year_id` asc LIMIT 0,100   [ RunTime:0.012043s ]
SQL: SHOW COLUMNS FROM `manage` [ RunTime:0.000356s ]
SQL: SELECT * FROM `manage` WHERE ( `id` = 1 ) LIMIT 0,100   [ RunTime:0.000106s ]

[ 2018-09-25T11:39:11+08:00 ] 192.168.1.103 /cxg/index.php?m=Admin&c=Index&a=index&act=7.35
INFO: [ app_begin ] --START--
INFO: Run Behavior\ReadHtmlCache [ RunTime:0.000046s ]
INFO: [ app_begin ] --END-- [ RunTime:0.000092s ]
NOTIC: [8192] mysql_connect(): The mysql extension is deprecated and will be removed in the future: use mysqli or PDO instead /home/wwwroot/cxg/ThinkPHP/Library/Think/Db/Driver/Mysql.class.php 第 52 行.
SQL: SHOW COLUMNS FROM `menu` [ RunTime:0.000395s ]
SQL: SELECT * FROM `menu` WHERE ( `parent_id` = 0 ) AND ( `show` = 1 ) AND ( `type` = 2 ) ORDER BY `id` ASC  [ RunTime:0.000227s ]
SQL: SELECT * FROM `menu` WHERE ( `parent_id` = 7 ) AND ( `show` = 1 ) ORDER BY `id` ASC  [ RunTime:0.000162s ]
SQL: SELECT * FROM `menu` WHERE ( `parent_id` = 14 ) AND ( `show` = 1 ) ORDER BY `id` ASC  [ RunTime:0.000151s ]
SQL: SELECT * FROM `menu` WHERE ( `parent_id` = 15 ) AND ( `show` = 1 ) ORDER BY `id` ASC  [ RunTime:0.000150s ]
SQL: SELECT * FROM `menu` WHERE ( `parent_id` = 16 ) AND ( `show` = 1 ) ORDER BY `id` ASC  [ RunTime:0.000147s ]
SQL: SELECT * FROM `menu` WHERE ( `parent_id` = 17 ) AND ( `show` = 1 ) ORDER BY `id` ASC  [ RunTime:0.000149s ]
SQL: SELECT * FROM `menu` WHERE ( `parent_id` = 18 ) AND ( `show` = 1 ) ORDER BY `id` ASC  [ RunTime:0.000145s ]
SQL: SELECT * FROM `menu` WHERE ( `parent_id` = 19 ) AND ( `show` = 1 ) ORDER BY `id` ASC  [ RunTime:0.000149s ]
SQL: SELECT * FROM `menu` WHERE ( `parent_id` = 20 ) AND ( `show` = 1 ) ORDER BY `id` ASC  [ RunTime:0.000154s ]
SQL: SELECT * FROM `menu` WHERE ( `parent_id` = 40 ) AND ( `show` = 1 ) ORDER BY `id` ASC  [ RunTime:0.000106s ]
SQL: SELECT * FROM `menu` WHERE ( `parent_id` = 77 ) AND ( `show` = 1 ) ORDER BY `id` ASC  [ RunTime:0.000106s ]
SQL: SELECT * FROM `menu` WHERE ( `parent_id` = 60 ) AND ( `show` = 1 ) ORDER BY `id` ASC  [ RunTime:0.000106s ]
SQL: SELECT * FROM `menu` WHERE ( `parent_id` = 61 ) AND ( `show` = 1 ) ORDER BY `id` ASC  [ RunTime:0.000106s ]
SQL: SELECT * FROM `menu` WHERE ( `parent_id` = 75 ) AND ( `show` = 1 ) ORDER BY `id` ASC  [ RunTime:0.000102s ]
INFO: [ view_parse ] --START--
INFO: [ template_filter ] --START--
INFO: Run Behavior\ContentReplace [ RunTime:0.000028s ]
INFO: [ template_filter ] --END-- [ RunTime:0.000053s ]
INFO: Run Behavior\ParseTemplate [ RunTime:0.002893s ]
INFO: [ view_parse ] --END-- [ RunTime:0.002918s ]
INFO: [ view_filter ] --START--
INFO: Run Behavior\WriteHtmlCache [ RunTime:0.000043s ]
INFO: [ view_filter ] --END-- [ RunTime:0.000058s ]
INFO: [ app_end ] --START--
INFO: Run Behavior\ShowPageTrace [ RunTime:0.000044s ]
INFO: [ app_end ] --END-- [ RunTime:0.000063s ]

[ 2018-09-25T11:39:11+08:00 ] 192.168.1.103 /cxg/index.php?m=Admin&c=Setting&a=index&id=7.35
INFO: [ app_begin ] --START--
INFO: Run Behavior\ReadHtmlCache [ RunTime:0.000039s ]
INFO: [ app_begin ] --END-- [ RunTime:0.000078s ]
NOTIC: [8192] mysql_connect(): The mysql extension is deprecated and will be removed in the future: use mysqli or PDO instead /home/wwwroot/cxg/ThinkPHP/Library/Think/Db/Driver/Mysql.class.php 第 52 行.
SQL: SHOW COLUMNS FROM `menu` [ RunTime:0.000309s ]
SQL: SHOW COLUMNS FROM `menu` [ RunTime:0.000206s ]
SQL: SELECT * FROM `menu` WHERE ( `parent_id` = 7 ) AND ( `type` = 2 ) LIMIT 0,100   [ RunTime:0.000140s ]
SQL: SELECT * FROM `menu` WHERE ( `id` = 35 ) AND ( `type` = 2 ) LIMIT 0,100   [ RunTime:0.000087s ]
SQL: SHOW COLUMNS FROM `menu` [ RunTime:0.000211s ]
SQL: SELECT * FROM `menu` WHERE ( `parent_id` = 0 ) AND ( `show` = 1 ) AND ( `type` = 2 ) ORDER BY `id` ASC  [ RunTime:0.000124s ]
SQL: SELECT * FROM `menu` WHERE ( `parent_id` = 7 ) AND ( `show` = 1 ) ORDER BY `id` ASC  [ RunTime:0.000116s ]
SQL: SELECT * FROM `menu` WHERE ( `parent_id` = 14 ) AND ( `show` = 1 ) ORDER BY `id` ASC  [ RunTime:0.000110s ]
SQL: SELECT * FROM `menu` WHERE ( `parent_id` = 15 ) AND ( `show` = 1 ) ORDER BY `id` ASC  [ RunTime:0.000110s ]
SQL: SELECT * FROM `menu` WHERE ( `parent_id` = 16 ) AND ( `show` = 1 ) ORDER BY `id` ASC  [ RunTime:0.000106s ]
SQL: SELECT * FROM `menu` WHERE ( `parent_id` = 17 ) AND ( `show` = 1 ) ORDER BY `id` ASC  [ RunTime:0.000105s ]
SQL: SELECT * FROM `menu` WHERE ( `parent_id` = 18 ) AND ( `show` = 1 ) ORDER BY `id` ASC  [ RunTime:0.000107s ]
SQL: SELECT * FROM `menu` WHERE ( `parent_id` = 19 ) AND ( `show` = 1 ) ORDER BY `id` ASC  [ RunTime:0.000109s ]
SQL: SELECT * FROM `menu` WHERE ( `parent_id` = 20 ) AND ( `show` = 1 ) ORDER BY `id` ASC  [ RunTime:0.000113s ]
SQL: SELECT * FROM `menu` WHERE ( `parent_id` = 40 ) AND ( `show` = 1 ) ORDER BY `id` ASC  [ RunTime:0.000105s ]
SQL: SELECT * FROM `menu` WHERE ( `parent_id` = 77 ) AND ( `show` = 1 ) ORDER BY `id` ASC  [ RunTime:0.000107s ]
SQL: SELECT * FROM `menu` WHERE ( `parent_id` = 60 ) AND ( `show` = 1 ) ORDER BY `id` ASC  [ RunTime:0.000104s ]
SQL: SELECT * FROM `menu` WHERE ( `parent_id` = 61 ) AND ( `show` = 1 ) ORDER BY `id` ASC  [ RunTime:0.000106s ]
SQL: SELECT * FROM `menu` WHERE ( `parent_id` = 75 ) AND ( `show` = 1 ) ORDER BY `id` ASC  [ RunTime:0.000102s ]
INFO: [ view_parse ] --START--
INFO: [ template_filter ] --START--
INFO: Run Behavior\ContentReplace [ RunTime:0.000033s ]
INFO: [ template_filter ] --END-- [ RunTime:0.000067s ]
INFO: Run Behavior\ParseTemplate [ RunTime:0.019805s ]
INFO: [ view_parse ] --END-- [ RunTime:0.019829s ]
INFO: [ view_filter ] --START--
INFO: Run Behavior\WriteHtmlCache [ RunTime:0.000042s ]
INFO: [ view_filter ] --END-- [ RunTime:0.000058s ]
INFO: [ app_end ] --START--
INFO: Run Behavior\ShowPageTrace [ RunTime:0.000044s ]
INFO: [ app_end ] --END-- [ RunTime:0.000066s ]

[ 2018-09-25T11:39:11+08:00 ] 192.168.1.103 /cxg/index.php?m=Admin&c=Setting&a=getSubjectList
INFO: [ app_begin ] --START--
INFO: Run Behavior\ReadHtmlCache [ RunTime:0.000114s ]
INFO: [ app_begin ] --END-- [ RunTime:0.000215s ]
NOTIC: [8192] mysql_connect(): The mysql extension is deprecated and will be removed in the future: use mysqli or PDO instead /home/wwwroot/cxg/ThinkPHP/Library/Think/Db/Driver/Mysql.class.php 第 52 行.
SQL: SHOW COLUMNS FROM `subject` [ RunTime:0.002364s ]
SQL: SELECT * FROM `subject` LIMIT 0,100   [ RunTime:0.000182s ]
SQL: SHOW COLUMNS FROM `manage` [ RunTime:0.000851s ]
SQL: SELECT * FROM `manage` WHERE ( `id` = 1 ) LIMIT 0,100   [ RunTime:0.000151s ]

[ 2018-09-25T11:39:16+08:00 ] 192.168.1.103 /cxg/index.php?m=Admin&c=Index&a=index&act=7.78
INFO: [ app_begin ] --START--
INFO: Run Behavior\ReadHtmlCache [ RunTime:0.000116s ]
INFO: [ app_begin ] --END-- [ RunTime:0.000222s ]
NOTIC: [8192] mysql_connect(): The mysql extension is deprecated and will be removed in the future: use mysqli or PDO instead /home/wwwroot/cxg/ThinkPHP/Library/Think/Db/Driver/Mysql.class.php 第 52 行.
SQL: SHOW COLUMNS FROM `menu` [ RunTime:0.001711s ]
SQL: SELECT * FROM `menu` WHERE ( `parent_id` = 0 ) AND ( `show` = 1 ) AND ( `type` = 2 ) ORDER BY `id` ASC  [ RunTime:0.000467s ]
SQL: SELECT * FROM `menu` WHERE ( `parent_id` = 7 ) AND ( `show` = 1 ) ORDER BY `id` ASC  [ RunTime:0.000390s ]
SQL: SELECT * FROM `menu` WHERE ( `parent_id` = 14 ) AND ( `show` = 1 ) ORDER BY `id` ASC  [ RunTime:0.000362s ]
SQL: SELECT * FROM `menu` WHERE ( `parent_id` = 15 ) AND ( `show` = 1 ) ORDER BY `id` ASC  [ RunTime:0.000359s ]
SQL: SELECT * FROM `menu` WHERE ( `parent_id` = 16 ) AND ( `show` = 1 ) ORDER BY `id` ASC  [ RunTime:0.000349s ]
SQL: SELECT * FROM `menu` WHERE ( `parent_id` = 17 ) AND ( `show` = 1 ) ORDER BY `id` ASC  [ RunTime:0.000347s ]
SQL: SELECT * FROM `menu` WHERE ( `parent_id` = 18 ) AND ( `show` = 1 ) ORDER BY `id` ASC  [ RunTime:0.000340s ]
SQL: SELECT * FROM `menu` WHERE ( `parent_id` = 19 ) AND ( `show` = 1 ) ORDER BY `id` ASC  [ RunTime:0.000355s ]
SQL: SELECT * FROM `menu` WHERE ( `parent_id` = 20 ) AND ( `show` = 1 ) ORDER BY `id` ASC  [ RunTime:0.000352s ]
SQL: SELECT * FROM `menu` WHERE ( `parent_id` = 40 ) AND ( `show` = 1 ) ORDER BY `id` ASC  [ RunTime:0.000313s ]
SQL: SELECT * FROM `menu` WHERE ( `parent_id` = 77 ) AND ( `show` = 1 ) ORDER BY `id` ASC  [ RunTime:0.000325s ]
SQL: SELECT * FROM `menu` WHERE ( `parent_id` = 60 ) AND ( `show` = 1 ) ORDER BY `id` ASC  [ RunTime:0.000312s ]
SQL: SELECT * FROM `menu` WHERE ( `parent_id` = 61 ) AND ( `show` = 1 ) ORDER BY `id` ASC  [ RunTime:0.000314s ]
SQL: SELECT * FROM `menu` WHERE ( `parent_id` = 75 ) AND ( `show` = 1 ) ORDER BY `id` ASC  [ RunTime:0.000303s ]
INFO: [ view_parse ] --START--
INFO: [ template_filter ] --START--
INFO: Run Behavior\ContentReplace [ RunTime:0.000058s ]
INFO: [ template_filter ] --END-- [ RunTime:0.000109s ]
INFO: Run Behavior\ParseTemplate [ RunTime:0.006863s ]
INFO: [ view_parse ] --END-- [ RunTime:0.006920s ]
INFO: [ view_filter ] --START--
INFO: Run Behavior\WriteHtmlCache [ RunTime:0.000089s ]
INFO: [ view_filter ] --END-- [ RunTime:0.000123s ]
INFO: [ app_end ] --START--
INFO: Run Behavior\ShowPageTrace [ RunTime:0.000096s ]
INFO: [ app_end ] --END-- [ RunTime:0.000142s ]

[ 2018-09-25T11:39:16+08:00 ] 192.168.1.103 /cxg/index.php?m=Admin&c=Setting&a=index&id=7.78
INFO: [ app_begin ] --START--
INFO: Run Behavior\ReadHtmlCache [ RunTime:0.000055s ]
INFO: [ app_begin ] --END-- [ RunTime:0.000106s ]
NOTIC: [8192] mysql_connect(): The mysql extension is deprecated and will be removed in the future: use mysqli or PDO instead /home/wwwroot/cxg/ThinkPHP/Library/Think/Db/Driver/Mysql.class.php 第 52 行.
SQL: SHOW COLUMNS FROM `menu` [ RunTime:0.000391s ]
SQL: SHOW COLUMNS FROM `menu` [ RunTime:0.000250s ]
SQL: SELECT * FROM `menu` WHERE ( `parent_id` = 7 ) AND ( `type` = 2 ) LIMIT 0,100   [ RunTime:0.000165s ]
SQL: SELECT * FROM `menu` WHERE ( `id` = 78 ) AND ( `type` = 2 ) LIMIT 0,100   [ RunTime:0.000108s ]
SQL: SHOW COLUMNS FROM `menu` [ RunTime:0.000256s ]
SQL: SELECT * FROM `menu` WHERE ( `parent_id` = 0 ) AND ( `show` = 1 ) AND ( `type` = 2 ) ORDER BY `id` ASC  [ RunTime:0.000149s ]
SQL: SELECT * FROM `menu` WHERE ( `parent_id` = 7 ) AND ( `show` = 1 ) ORDER BY `id` ASC  [ RunTime:0.000143s ]
SQL: SELECT * FROM `menu` WHERE ( `parent_id` = 14 ) AND ( `show` = 1 ) ORDER BY `id` ASC  [ RunTime:0.000135s ]
SQL: SELECT * FROM `menu` WHERE ( `parent_id` = 15 ) AND ( `show` = 1 ) ORDER BY `id` ASC  [ RunTime:0.000132s ]
SQL: SELECT * FROM `menu` WHERE ( `parent_id` = 16 ) AND ( `show` = 1 ) ORDER BY `id` ASC  [ RunTime:0.000128s ]
SQL: SELECT * FROM `menu` WHERE ( `parent_id` = 17 ) AND ( `show` = 1 ) ORDER BY `id` ASC  [ RunTime:0.000130s ]
SQL: SELECT * FROM `menu` WHERE ( `parent_id` = 18 ) AND ( `show` = 1 ) ORDER BY `id` ASC  [ RunTime:0.000128s ]
SQL: SELECT * FROM `menu` WHERE ( `parent_id` = 19 ) AND ( `show` = 1 ) ORDER BY `id` ASC  [ RunTime:0.000132s ]
SQL: SELECT * FROM `menu` WHERE ( `parent_id` = 20 ) AND ( `show` = 1 ) ORDER BY `id` ASC  [ RunTime:0.000132s ]
SQL: SELECT * FROM `menu` WHERE ( `parent_id` = 40 ) AND ( `show` = 1 ) ORDER BY `id` ASC  [ RunTime:0.000127s ]
SQL: SELECT * FROM `menu` WHERE ( `parent_id` = 77 ) AND ( `show` = 1 ) ORDER BY `id` ASC  [ RunTime:0.000130s ]
SQL: SELECT * FROM `menu` WHERE ( `parent_id` = 60 ) AND ( `show` = 1 ) ORDER BY `id` ASC  [ RunTime:0.000128s ]
SQL: SELECT * FROM `menu` WHERE ( `parent_id` = 61 ) AND ( `show` = 1 ) ORDER BY `id` ASC  [ RunTime:0.000133s ]
SQL: SELECT * FROM `menu` WHERE ( `parent_id` = 75 ) AND ( `show` = 1 ) ORDER BY `id` ASC  [ RunTime:0.000123s ]
INFO: [ view_parse ] --START--
INFO: [ template_filter ] --START--
INFO: Run Behavior\ContentReplace [ RunTime:0.000030s ]
INFO: [ template_filter ] --END-- [ RunTime:0.000062s ]
INFO: Run Behavior\ParseTemplate [ RunTime:0.014292s ]
INFO: [ view_parse ] --END-- [ RunTime:0.014319s ]
INFO: [ view_filter ] --START--
INFO: Run Behavior\WriteHtmlCache [ RunTime:0.000041s ]
INFO: [ view_filter ] --END-- [ RunTime:0.000057s ]
INFO: [ app_end ] --START--
INFO: Run Behavior\ShowPageTrace [ RunTime:0.000043s ]
INFO: [ app_end ] --END-- [ RunTime:0.000063s ]

[ 2018-09-25T11:39:16+08:00 ] 192.168.1.103 /cxg/index.php?m=Admin&c=Setting&a=getEntryRecordList
INFO: [ app_begin ] --START--
INFO: Run Behavior\ReadHtmlCache [ RunTime:0.000114s ]
INFO: [ app_begin ] --END-- [ RunTime:0.000217s ]
NOTIC: [8192] mysql_connect(): The mysql extension is deprecated and will be removed in the future: use mysqli or PDO instead /home/wwwroot/cxg/ThinkPHP/Library/Think/Db/Driver/Mysql.class.php 第 52 行.
SQL: SHOW COLUMNS FROM `entry_record` [ RunTime:0.002424s ]
SQL: SHOW COLUMNS FROM `member` [ RunTime:0.000488s ]
SQL: SELECT * FROM `member`  [ RunTime:0.000152s ]
SQL: SELECT * FROM `entry_record` ORDER BY `id` DESC LIMIT 0,100   [ RunTime:0.000144s ]
NOTIC: [8] Undefined offset: 10 /home/wwwroot/cxg/Application/Admin/Controller/SettingController.class.php 第 3451 行.
NOTIC: [8] Undefined offset: 10 /home/wwwroot/cxg/Application/Admin/Controller/SettingController.class.php 第 3451 行.
NOTIC: [8] Undefined offset: 10 /home/wwwroot/cxg/Application/Admin/Controller/SettingController.class.php 第 3451 行.
NOTIC: [8] Undefined offset: 10 /home/wwwroot/cxg/Application/Admin/Controller/SettingController.class.php 第 3451 行.
NOTIC: [8] Undefined offset: 10 /home/wwwroot/cxg/Application/Admin/Controller/SettingController.class.php 第 3451 行.
NOTIC: [8] Undefined offset: 10 /home/wwwroot/cxg/Application/Admin/Controller/SettingController.class.php 第 3451 行.
NOTIC: [8] Undefined offset: 10 /home/wwwroot/cxg/Application/Admin/Controller/SettingController.class.php 第 3451 行.
NOTIC: [8] Undefined offset: 10 /home/wwwroot/cxg/Application/Admin/Controller/SettingController.class.php 第 3451 行.
NOTIC: [8] Undefined offset: 10 /home/wwwroot/cxg/Application/Admin/Controller/SettingController.class.php 第 3451 行.
NOTIC: [8] Undefined offset: 10 /home/wwwroot/cxg/Application/Admin/Controller/SettingController.class.php 第 3451 行.

[ 2018-09-25T11:39:22+08:00 ] 192.168.1.103 /cxg/index.php?m=Admin&c=Index&a=index&act=7.79
INFO: [ app_begin ] --START--
INFO: Run Behavior\ReadHtmlCache [ RunTime:0.000057s ]
INFO: [ app_begin ] --END-- [ RunTime:0.000133s ]
NOTIC: [8192] mysql_connect(): The mysql extension is deprecated and will be removed in the future: use mysqli or PDO instead /home/wwwroot/cxg/ThinkPHP/Library/Think/Db/Driver/Mysql.class.php 第 52 行.
SQL: SHOW COLUMNS FROM `menu` [ RunTime:0.000323s ]
SQL: SELECT * FROM `menu` WHERE ( `parent_id` = 0 ) AND ( `show` = 1 ) AND ( `type` = 2 ) ORDER BY `id` ASC  [ RunTime:0.000175s ]
SQL: SELECT * FROM `menu` WHERE ( `parent_id` = 7 ) AND ( `show` = 1 ) ORDER BY `id` ASC  [ RunTime:0.000121s ]
SQL: SELECT * FROM `menu` WHERE ( `parent_id` = 14 ) AND ( `show` = 1 ) ORDER BY `id` ASC  [ RunTime:0.000111s ]
SQL: SELECT * FROM `menu` WHERE ( `parent_id` = 15 ) AND ( `show` = 1 ) ORDER BY `id` ASC  [ RunTime:0.000110s ]
SQL: SELECT * FROM `menu` WHERE ( `parent_id` = 16 ) AND ( `show` = 1 ) ORDER BY `id` ASC  [ RunTime:0.000108s ]
SQL: SELECT * FROM `menu` WHERE ( `parent_id` = 17 ) AND ( `show` = 1 ) ORDER BY `id` ASC  [ RunTime:0.000107s ]
SQL: SELECT * FROM `menu` WHERE ( `parent_id` = 18 ) AND ( `show` = 1 ) ORDER BY `id` ASC  [ RunTime:0.000106s ]
SQL: SELECT * FROM `menu` WHERE ( `parent_id` = 19 ) AND ( `show` = 1 ) ORDER BY `id` ASC  [ RunTime:0.000108s ]
SQL: SELECT * FROM `menu` WHERE ( `parent_id` = 20 ) AND ( `show` = 1 ) ORDER BY `id` ASC  [ RunTime:0.000109s ]
SQL: SELECT * FROM `menu` WHERE ( `parent_id` = 40 ) AND ( `show` = 1 ) ORDER BY `id` ASC  [ RunTime:0.000107s ]
SQL: SELECT * FROM `menu` WHERE ( `parent_id` = 77 ) AND ( `show` = 1 ) ORDER BY `id` ASC  [ RunTime:0.000107s ]
SQL: SELECT * FROM `menu` WHERE ( `parent_id` = 60 ) AND ( `show` = 1 ) ORDER BY `id` ASC  [ RunTime:0.000105s ]
SQL: SELECT * FROM `menu` WHERE ( `parent_id` = 61 ) AND ( `show` = 1 ) ORDER BY `id` ASC  [ RunTime:0.000105s ]
SQL: SELECT * FROM `menu` WHERE ( `parent_id` = 75 ) AND ( `show` = 1 ) ORDER BY `id` ASC  [ RunTime:0.000106s ]
INFO: [ view_parse ] --START--
INFO: [ template_filter ] --START--
INFO: Run Behavior\ContentReplace [ RunTime:0.000027s ]
INFO: [ template_filter ] --END-- [ RunTime:0.000051s ]
INFO: Run Behavior\ParseTemplate [ RunTime:0.002948s ]
INFO: [ view_parse ] --END-- [ RunTime:0.002974s ]
INFO: [ view_filter ] --START--
INFO: Run Behavior\WriteHtmlCache [ RunTime:0.000045s ]
INFO: [ view_filter ] --END-- [ RunTime:0.000061s ]
INFO: [ app_end ] --START--
INFO: Run Behavior\ShowPageTrace [ RunTime:0.000048s ]
INFO: [ app_end ] --END-- [ RunTime:0.000070s ]

[ 2018-09-25T11:39:22+08:00 ] 192.168.1.103 /cxg/index.php?m=Admin&c=Setting&a=index&id=7.79
INFO: [ app_begin ] --START--
INFO: Run Behavior\ReadHtmlCache [ RunTime:0.000039s ]
INFO: [ app_begin ] --END-- [ RunTime:0.000079s ]
NOTIC: [8192] mysql_connect(): The mysql extension is deprecated and will be removed in the future: use mysqli or PDO instead /home/wwwroot/cxg/ThinkPHP/Library/Think/Db/Driver/Mysql.class.php 第 52 行.
SQL: SHOW COLUMNS FROM `menu` [ RunTime:0.000296s ]
SQL: SHOW COLUMNS FROM `menu` [ RunTime:0.000207s ]
SQL: SELECT * FROM `menu` WHERE ( `parent_id` = 7 ) AND ( `type` = 2 ) LIMIT 0,100   [ RunTime:0.000136s ]
SQL: SELECT * FROM `menu` WHERE ( `id` = 79 ) AND ( `type` = 2 ) LIMIT 0,100   [ RunTime:0.000087s ]
SQL: SHOW COLUMNS FROM `menu` [ RunTime:0.000255s ]
SQL: SELECT * FROM `menu` WHERE ( `parent_id` = 0 ) AND ( `show` = 1 ) AND ( `type` = 2 ) ORDER BY `id` ASC  [ RunTime:0.000124s ]
SQL: SELECT * FROM `menu` WHERE ( `parent_id` = 7 ) AND ( `show` = 1 ) ORDER BY `id` ASC  [ RunTime:0.000117s ]
SQL: SELECT * FROM `menu` WHERE ( `parent_id` = 14 ) AND ( `show` = 1 ) ORDER BY `id` ASC  [ RunTime:0.000109s ]
SQL: SELECT * FROM `menu` WHERE ( `parent_id` = 15 ) AND ( `show` = 1 ) ORDER BY `id` ASC  [ RunTime:0.000108s ]
SQL: SELECT * FROM `menu` WHERE ( `parent_id` = 16 ) AND ( `show` = 1 ) ORDER BY `id` ASC  [ RunTime:0.000106s ]
SQL: SELECT * FROM `menu` WHERE ( `parent_id` = 17 ) AND ( `show` = 1 ) ORDER BY `id` ASC  [ RunTime:0.000105s ]
SQL: SELECT * FROM `menu` WHERE ( `parent_id` = 18 ) AND ( `show` = 1 ) ORDER BY `id` ASC  [ RunTime:0.000103s ]
SQL: SELECT * FROM `menu` WHERE ( `parent_id` = 19 ) AND ( `show` = 1 ) ORDER BY `id` ASC  [ RunTime:0.000107s ]
SQL: SELECT * FROM `menu` WHERE ( `parent_id` = 20 ) AND ( `show` = 1 ) ORDER BY `id` ASC  [ RunTime:0.000109s ]
SQL: SELECT * FROM `menu` WHERE ( `parent_id` = 40 ) AND ( `show` = 1 ) ORDER BY `id` ASC  [ RunTime:0.000105s ]
SQL: SELECT * FROM `menu` WHERE ( `parent_id` = 77 ) AND ( `show` = 1 ) ORDER BY `id` ASC  [ RunTime:0.000106s ]
SQL: SELECT * FROM `menu` WHERE ( `parent_id` = 60 ) AND ( `show` = 1 ) ORDER BY `id` ASC  [ RunTime:0.000103s ]
SQL: SELECT * FROM `menu` WHERE ( `parent_id` = 61 ) AND ( `show` = 1 ) ORDER BY `id` ASC  [ RunTime:0.000104s ]
SQL: SELECT * FROM `menu` WHERE ( `parent_id` = 75 ) AND ( `show` = 1 ) ORDER BY `id` ASC  [ RunTime:0.000100s ]
INFO: [ view_parse ] --START--
INFO: [ template_filter ] --START--
INFO: Run Behavior\ContentReplace [ RunTime:0.000031s ]
INFO: [ template_filter ] --END-- [ RunTime:0.000065s ]
INFO: Run Behavior\ParseTemplate [ RunTime:0.012423s ]
INFO: [ view_parse ] --END-- [ RunTime:0.012447s ]
INFO: [ view_filter ] --START--
INFO: Run Behavior\WriteHtmlCache [ RunTime:0.000042s ]
INFO: [ view_filter ] --END-- [ RunTime:0.000058s ]
INFO: [ app_end ] --START--
INFO: Run Behavior\ShowPageTrace [ RunTime:0.000045s ]
INFO: [ app_end ] --END-- [ RunTime:0.000066s ]

[ 2018-09-25T11:39:22+08:00 ] 192.168.1.103 /cxg/index.php?m=Admin&c=Setting&a=getMainEntranceRecordList
INFO: [ app_begin ] --START--
INFO: Run Behavior\ReadHtmlCache [ RunTime:0.000115s ]
INFO: [ app_begin ] --END-- [ RunTime:0.000218s ]
NOTIC: [8192] mysql_connect(): The mysql extension is deprecated and will be removed in the future: use mysqli or PDO instead /home/wwwroot/cxg/ThinkPHP/Library/Think/Db/Driver/Mysql.class.php 第 52 行.
SQL: SHOW COLUMNS FROM `member` [ RunTime:0.000875s ]
SQL: SELECT * FROM `member`  [ RunTime:0.000380s ]
SQL: SHOW COLUMNS FROM `main_entrance_record` [ RunTime:0.004105s ]
SQL: SELECT * FROM `main_entrance_record` ORDER BY `id` DESC LIMIT 0,100   [ RunTime:0.000499s ]

[ 2018-09-25T11:39:32+08:00 ] 192.168.1.103 /cxg/index.php?m=Admin&c=Index&a=index&act=7.78
INFO: [ app_begin ] --START--
INFO: Run Behavior\ReadHtmlCache [ RunTime:0.000117s ]
INFO: [ app_begin ] --END-- [ RunTime:0.000221s ]
NOTIC: [8192] mysql_connect(): The mysql extension is deprecated and will be removed in the future: use mysqli or PDO instead /home/wwwroot/cxg/ThinkPHP/Library/Think/Db/Driver/Mysql.class.php 第 52 行.
SQL: SHOW COLUMNS FROM `menu` [ RunTime:0.000829s ]
SQL: SELECT * FROM `menu` WHERE ( `parent_id` = 0 ) AND ( `show` = 1 ) AND ( `type` = 2 ) ORDER BY `id` ASC  [ RunTime:0.000485s ]
SQL: SELECT * FROM `menu` WHERE ( `parent_id` = 7 ) AND ( `show` = 1 ) ORDER BY `id` ASC  [ RunTime:0.000384s ]
SQL: SELECT * FROM `menu` WHERE ( `parent_id` = 14 ) AND ( `show` = 1 ) ORDER BY `id` ASC  [ RunTime:0.000358s ]
SQL: SELECT * FROM `menu` WHERE ( `parent_id` = 15 ) AND ( `show` = 1 ) ORDER BY `id` ASC  [ RunTime:0.000324s ]
SQL: SELECT * FROM `menu` WHERE ( `parent_id` = 16 ) AND ( `show` = 1 ) ORDER BY `id` ASC  [ RunTime:0.000333s ]
SQL: SELECT * FROM `menu` WHERE ( `parent_id` = 17 ) AND ( `show` = 1 ) ORDER BY `id` ASC  [ RunTime:0.000317s ]
SQL: SELECT * FROM `menu` WHERE ( `parent_id` = 18 ) AND ( `show` = 1 ) ORDER BY `id` ASC  [ RunTime:0.000311s ]
SQL: SELECT * FROM `menu` WHERE ( `parent_id` = 19 ) AND ( `show` = 1 ) ORDER BY `id` ASC  [ RunTime:0.000321s ]
SQL: SELECT * FROM `menu` WHERE ( `parent_id` = 20 ) AND ( `show` = 1 ) ORDER BY `id` ASC  [ RunTime:0.000320s ]
SQL: SELECT * FROM `menu` WHERE ( `parent_id` = 40 ) AND ( `show` = 1 ) ORDER BY `id` ASC  [ RunTime:0.000310s ]
SQL: SELECT * FROM `menu` WHERE ( `parent_id` = 77 ) AND ( `show` = 1 ) ORDER BY `id` ASC  [ RunTime:0.000315s ]
SQL: SELECT * FROM `menu` WHERE ( `parent_id` = 60 ) AND ( `show` = 1 ) ORDER BY `id` ASC  [ RunTime:0.000331s ]
SQL: SELECT * FROM `menu` WHERE ( `parent_id` = 61 ) AND ( `show` = 1 ) ORDER BY `id` ASC  [ RunTime:0.000317s ]
SQL: SELECT * FROM `menu` WHERE ( `parent_id` = 75 ) AND ( `show` = 1 ) ORDER BY `id` ASC  [ RunTime:0.000305s ]
INFO: [ view_parse ] --START--
INFO: [ template_filter ] --START--
INFO: Run Behavior\ContentReplace [ RunTime:0.000057s ]
INFO: [ template_filter ] --END-- [ RunTime:0.000107s ]
INFO: Run Behavior\ParseTemplate [ RunTime:0.006727s ]
INFO: [ view_parse ] --END-- [ RunTime:0.006784s ]
INFO: [ view_filter ] --START--
INFO: Run Behavior\WriteHtmlCache [ RunTime:0.000089s ]
INFO: [ view_filter ] --END-- [ RunTime:0.000123s ]
INFO: [ app_end ] --START--
INFO: Run Behavior\ShowPageTrace [ RunTime:0.000181s ]
INFO: [ app_end ] --END-- [ RunTime:0.000239s ]

[ 2018-09-25T11:39:32+08:00 ] 192.168.1.103 /cxg/index.php?m=Admin&c=Setting&a=index&id=7.78
INFO: [ app_begin ] --START--
INFO: Run Behavior\ReadHtmlCache [ RunTime:0.000054s ]
INFO: [ app_begin ] --END-- [ RunTime:0.000105s ]
NOTIC: [8192] mysql_connect(): The mysql extension is deprecated and will be removed in the future: use mysqli or PDO instead /home/wwwroot/cxg/ThinkPHP/Library/Think/Db/Driver/Mysql.class.php 第 52 行.
SQL: SHOW COLUMNS FROM `menu` [ RunTime:0.000408s ]
SQL: SHOW COLUMNS FROM `menu` [ RunTime:0.000297s ]
SQL: SELECT * FROM `menu` WHERE ( `parent_id` = 7 ) AND ( `type` = 2 ) LIMIT 0,100   [ RunTime:0.000190s ]
SQL: SELECT * FROM `menu` WHERE ( `id` = 78 ) AND ( `type` = 2 ) LIMIT 0,100   [ RunTime:0.000110s ]
SQL: SHOW COLUMNS FROM `menu` [ RunTime:0.000257s ]
SQL: SELECT * FROM `menu` WHERE ( `parent_id` = 0 ) AND ( `show` = 1 ) AND ( `type` = 2 ) ORDER BY `id` ASC  [ RunTime:0.000149s ]
SQL: SELECT * FROM `menu` WHERE ( `parent_id` = 7 ) AND ( `show` = 1 ) ORDER BY `id` ASC  [ RunTime:0.000141s ]
SQL: SELECT * FROM `menu` WHERE ( `parent_id` = 14 ) AND ( `show` = 1 ) ORDER BY `id` ASC  [ RunTime:0.000137s ]
SQL: SELECT * FROM `menu` WHERE ( `parent_id` = 15 ) AND ( `show` = 1 ) ORDER BY `id` ASC  [ RunTime:0.000132s ]
SQL: SELECT * FROM `menu` WHERE ( `parent_id` = 16 ) AND ( `show` = 1 ) ORDER BY `id` ASC  [ RunTime:0.000129s ]
SQL: SELECT * FROM `menu` WHERE ( `parent_id` = 17 ) AND ( `show` = 1 ) ORDER BY `id` ASC  [ RunTime:0.000143s ]
SQL: SELECT * FROM `menu` WHERE ( `parent_id` = 18 ) AND ( `show` = 1 ) ORDER BY `id` ASC  [ RunTime:0.000130s ]
SQL: SELECT * FROM `menu` WHERE ( `parent_id` = 19 ) AND ( `show` = 1 ) ORDER BY `id` ASC  [ RunTime:0.000133s ]
SQL: SELECT * FROM `menu` WHERE ( `parent_id` = 20 ) AND ( `show` = 1 ) ORDER BY `id` ASC  [ RunTime:0.000133s ]
SQL: SELECT * FROM `menu` WHERE ( `parent_id` = 40 ) AND ( `show` = 1 ) ORDER BY `id` ASC  [ RunTime:0.000126s ]
SQL: SELECT * FROM `menu` WHERE ( `parent_id` = 77 ) AND ( `show` = 1 ) ORDER BY `id` ASC  [ RunTime:0.000130s ]
SQL: SELECT * FROM `menu` WHERE ( `parent_id` = 60 ) AND ( `show` = 1 ) ORDER BY `id` ASC  [ RunTime:0.000129s ]
SQL: SELECT * FROM `menu` WHERE ( `parent_id` = 61 ) AND ( `show` = 1 ) ORDER BY `id` ASC  [ RunTime:0.000129s ]
SQL: SELECT * FROM `menu` WHERE ( `parent_id` = 75 ) AND ( `show` = 1 ) ORDER BY `id` ASC  [ RunTime:0.000125s ]
INFO: [ view_parse ] --START--
INFO: [ template_filter ] --START--
INFO: Run Behavior\ContentReplace [ RunTime:0.000032s ]
INFO: [ template_filter ] --END-- [ RunTime:0.000056s ]
INFO: Run Behavior\ParseTemplate [ RunTime:0.003046s ]
INFO: [ view_parse ] --END-- [ RunTime:0.003073s ]
INFO: [ view_filter ] --START--
INFO: Run Behavior\WriteHtmlCache [ RunTime:0.000044s ]
INFO: [ view_filter ] --END-- [ RunTime:0.000061s ]
INFO: [ app_end ] --START--
INFO: Run Behavior\ShowPageTrace [ RunTime:0.000045s ]
INFO: [ app_end ] --END-- [ RunTime:0.000067s ]

[ 2018-09-25T11:39:32+08:00 ] 192.168.1.103 /cxg/index.php?m=Admin&c=Setting&a=getEntryRecordList
INFO: [ app_begin ] --START--
INFO: Run Behavior\ReadHtmlCache [ RunTime:0.000114s ]
INFO: [ app_begin ] --END-- [ RunTime:0.000224s ]
NOTIC: [8192] mysql_connect(): The mysql extension is deprecated and will be removed in the future: use mysqli or PDO instead /home/wwwroot/cxg/ThinkPHP/Library/Think/Db/Driver/Mysql.class.php 第 52 行.
SQL: SHOW COLUMNS FROM `entry_record` [ RunTime:0.000361s ]
SQL: SHOW COLUMNS FROM `member` [ RunTime:0.000221s ]
SQL: SELECT * FROM `member`  [ RunTime:0.000131s ]
SQL: SELECT * FROM `entry_record` ORDER BY `id` DESC LIMIT 0,100   [ RunTime:0.000117s ]
NOTIC: [8] Undefined offset: 10 /home/wwwroot/cxg/Application/Admin/Controller/SettingController.class.php 第 3451 行.
NOTIC: [8] Undefined offset: 10 /home/wwwroot/cxg/Application/Admin/Controller/SettingController.class.php 第 3451 行.
NOTIC: [8] Undefined offset: 10 /home/wwwroot/cxg/Application/Admin/Controller/SettingController.class.php 第 3451 行.
NOTIC: [8] Undefined offset: 10 /home/wwwroot/cxg/Application/Admin/Controller/SettingController.class.php 第 3451 行.
NOTIC: [8] Undefined offset: 10 /home/wwwroot/cxg/Application/Admin/Controller/SettingController.class.php 第 3451 行.
NOTIC: [8] Undefined offset: 10 /home/wwwroot/cxg/Application/Admin/Controller/SettingController.class.php 第 3451 行.
NOTIC: [8] Undefined offset: 10 /home/wwwroot/cxg/Application/Admin/Controller/SettingController.class.php 第 3451 行.
NOTIC: [8] Undefined offset: 10 /home/wwwroot/cxg/Application/Admin/Controller/SettingController.class.php 第 3451 行.
NOTIC: [8] Undefined offset: 10 /home/wwwroot/cxg/Application/Admin/Controller/SettingController.class.php 第 3451 行.
NOTIC: [8] Undefined offset: 10 /home/wwwroot/cxg/Application/Admin/Controller/SettingController.class.php 第 3451 行.

[ 2018-09-25T11:39:35+08:00 ] 192.168.1.103 /cxg/index.php?m=Admin&c=Index&a=index&act=7.79
INFO: [ app_begin ] --START--
INFO: Run Behavior\ReadHtmlCache [ RunTime:0.000099s ]
INFO: [ app_begin ] --END-- [ RunTime:0.000187s ]
NOTIC: [8192] mysql_connect(): The mysql extension is deprecated and will be removed in the future: use mysqli or PDO instead /home/wwwroot/cxg/ThinkPHP/Library/Think/Db/Driver/Mysql.class.php 第 52 行.
SQL: SHOW COLUMNS FROM `menu` [ RunTime:0.000690s ]
SQL: SELECT * FROM `menu` WHERE ( `parent_id` = 0 ) AND ( `show` = 1 ) AND ( `type` = 2 ) ORDER BY `id` ASC  [ RunTime:0.000373s ]
SQL: SELECT * FROM `menu` WHERE ( `parent_id` = 7 ) AND ( `show` = 1 ) ORDER BY `id` ASC  [ RunTime:0.000319s ]
SQL: SELECT * FROM `menu` WHERE ( `parent_id` = 14 ) AND ( `show` = 1 ) ORDER BY `id` ASC  [ RunTime:0.000299s ]
SQL: SELECT * FROM `menu` WHERE ( `parent_id` = 15 ) AND ( `show` = 1 ) ORDER BY `id` ASC  [ RunTime:0.000305s ]
SQL: SELECT * FROM `menu` WHERE ( `parent_id` = 16 ) AND ( `show` = 1 ) ORDER BY `id` ASC  [ RunTime:0.000307s ]
SQL: SELECT * FROM `menu` WHERE ( `parent_id` = 17 ) AND ( `show` = 1 ) ORDER BY `id` ASC  [ RunTime:0.000290s ]
SQL: SELECT * FROM `menu` WHERE ( `parent_id` = 18 ) AND ( `show` = 1 ) ORDER BY `id` ASC  [ RunTime:0.000283s ]
SQL: SELECT * FROM `menu` WHERE ( `parent_id` = 19 ) AND ( `show` = 1 ) ORDER BY `id` ASC  [ RunTime:0.000295s ]
SQL: SELECT * FROM `menu` WHERE ( `parent_id` = 20 ) AND ( `show` = 1 ) ORDER BY `id` ASC  [ RunTime:0.000294s ]
SQL: SELECT * FROM `menu` WHERE ( `parent_id` = 40 ) AND ( `show` = 1 ) ORDER BY `id` ASC  [ RunTime:0.000284s ]
SQL: SELECT * FROM `menu` WHERE ( `parent_id` = 77 ) AND ( `show` = 1 ) ORDER BY `id` ASC  [ RunTime:0.000286s ]
SQL: SELECT * FROM `menu` WHERE ( `parent_id` = 60 ) AND ( `show` = 1 ) ORDER BY `id` ASC  [ RunTime:0.000403s ]
SQL: SELECT * FROM `menu` WHERE ( `parent_id` = 61 ) AND ( `show` = 1 ) ORDER BY `id` ASC  [ RunTime:0.000295s ]
SQL: SELECT * FROM `menu` WHERE ( `parent_id` = 75 ) AND ( `show` = 1 ) ORDER BY `id` ASC  [ RunTime:0.000277s ]
INFO: [ view_parse ] --START--
INFO: [ template_filter ] --START--
INFO: Run Behavior\ContentReplace [ RunTime:0.000068s ]
INFO: [ template_filter ] --END-- [ RunTime:0.000131s ]
INFO: Run Behavior\ParseTemplate [ RunTime:0.006873s ]
INFO: [ view_parse ] --END-- [ RunTime:0.006926s ]
INFO: [ view_filter ] --START--
INFO: Run Behavior\WriteHtmlCache [ RunTime:0.000083s ]
INFO: [ view_filter ] --END-- [ RunTime:0.000114s ]
INFO: [ app_end ] --START--
INFO: Run Behavior\ShowPageTrace [ RunTime:0.000093s ]
INFO: [ app_end ] --END-- [ RunTime:0.000143s ]

[ 2018-09-25T11:39:35+08:00 ] 192.168.1.103 /cxg/index.php?m=Admin&c=Setting&a=index&id=7.79
INFO: [ app_begin ] --START--
INFO: Run Behavior\ReadHtmlCache [ RunTime:0.000061s ]
INFO: [ app_begin ] --END-- [ RunTime:0.000121s ]
NOTIC: [8192] mysql_connect(): The mysql extension is deprecated and will be removed in the future: use mysqli or PDO instead /home/wwwroot/cxg/ThinkPHP/Library/Think/Db/Driver/Mysql.class.php 第 52 行.
SQL: SHOW COLUMNS FROM `menu` [ RunTime:0.000442s ]
SQL: SHOW COLUMNS FROM `menu` [ RunTime:0.000335s ]
SQL: SELECT * FROM `menu` WHERE ( `parent_id` = 7 ) AND ( `type` = 2 ) LIMIT 0,100   [ RunTime:0.000212s ]
SQL: SELECT * FROM `menu` WHERE ( `id` = 79 ) AND ( `type` = 2 ) LIMIT 0,100   [ RunTime:0.000176s ]
SQL: SHOW COLUMNS FROM `menu` [ RunTime:0.000344s ]
SQL: SELECT * FROM `menu` WHERE ( `parent_id` = 0 ) AND ( `show` = 1 ) AND ( `type` = 2 ) ORDER BY `id` ASC  [ RunTime:0.000263s ]
SQL: SELECT * FROM `menu` WHERE ( `parent_id` = 7 ) AND ( `show` = 1 ) ORDER BY `id` ASC  [ RunTime:0.000219s ]
SQL: SELECT * FROM `menu` WHERE ( `parent_id` = 14 ) AND ( `show` = 1 ) ORDER BY `id` ASC  [ RunTime:0.000182s ]
SQL: SELECT * FROM `menu` WHERE ( `parent_id` = 15 ) AND ( `show` = 1 ) ORDER BY `id` ASC  [ RunTime:0.000182s ]
SQL: SELECT * FROM `menu` WHERE ( `parent_id` = 16 ) AND ( `show` = 1 ) ORDER BY `id` ASC  [ RunTime:0.000176s ]
SQL: SELECT * FROM `menu` WHERE ( `parent_id` = 17 ) AND ( `show` = 1 ) ORDER BY `id` ASC  [ RunTime:0.000182s ]
SQL: SELECT * FROM `menu` WHERE ( `parent_id` = 18 ) AND ( `show` = 1 ) ORDER BY `id` ASC  [ RunTime:0.000174s ]
SQL: SELECT * FROM `menu` WHERE ( `parent_id` = 19 ) AND ( `show` = 1 ) ORDER BY `id` ASC  [ RunTime:0.000180s ]
SQL: SELECT * FROM `menu` WHERE ( `parent_id` = 20 ) AND ( `show` = 1 ) ORDER BY `id` ASC  [ RunTime:0.000180s ]
SQL: SELECT * FROM `menu` WHERE ( `parent_id` = 40 ) AND ( `show` = 1 ) ORDER BY `id` ASC  [ RunTime:0.000174s ]
SQL: SELECT * FROM `menu` WHERE ( `parent_id` = 77 ) AND ( `show` = 1 ) ORDER BY `id` ASC  [ RunTime:0.000177s ]
SQL: SELECT * FROM `menu` WHERE ( `parent_id` = 60 ) AND ( `show` = 1 ) ORDER BY `id` ASC  [ RunTime:0.000173s ]
SQL: SELECT * FROM `menu` WHERE ( `parent_id` = 61 ) AND ( `show` = 1 ) ORDER BY `id` ASC  [ RunTime:0.000176s ]
SQL: SELECT * FROM `menu` WHERE ( `parent_id` = 75 ) AND ( `show` = 1 ) ORDER BY `id` ASC  [ RunTime:0.000177s ]
INFO: [ view_parse ] --START--
INFO: [ template_filter ] --START--
INFO: Run Behavior\ContentReplace [ RunTime:0.000045s ]
INFO: [ template_filter ] --END-- [ RunTime:0.000083s ]
INFO: Run Behavior\ParseTemplate [ RunTime:0.004363s ]
INFO: [ view_parse ] --END-- [ RunTime:0.004402s ]
INFO: [ view_filter ] --START--
INFO: Run Behavior\WriteHtmlCache [ RunTime:0.000067s ]
INFO: [ view_filter ] --END-- [ RunTime:0.000093s ]
INFO: [ app_end ] --START--
INFO: Run Behavior\ShowPageTrace [ RunTime:0.000070s ]
INFO: [ app_end ] --END-- [ RunTime:0.000102s ]

[ 2018-09-25T11:39:36+08:00 ] 192.168.1.103 /cxg/index.php?m=Admin&c=Setting&a=getMainEntranceRecordList
INFO: [ app_begin ] --START--
INFO: Run Behavior\ReadHtmlCache [ RunTime:0.000127s ]
INFO: [ app_begin ] --END-- [ RunTime:0.000226s ]
NOTIC: [8192] mysql_connect(): The mysql extension is deprecated and will be removed in the future: use mysqli or PDO instead /home/wwwroot/cxg/ThinkPHP/Library/Think/Db/Driver/Mysql.class.php 第 52 行.
SQL: SHOW COLUMNS FROM `member` [ RunTime:0.000334s ]
SQL: SELECT * FROM `member`  [ RunTime:0.000139s ]
SQL: SHOW COLUMNS FROM `main_entrance_record` [ RunTime:0.000219s ]
SQL: SELECT * FROM `main_entrance_record` ORDER BY `id` DESC LIMIT 0,100   [ RunTime:0.000134s ]

[ 2018-09-25T11:40:25+08:00 ] 192.168.1.103 /cxg/index.php?m=Admin&c=Index&a=index&act=7.78
INFO: [ app_begin ] --START--
INFO: Run Behavior\ReadHtmlCache [ RunTime:0.000111s ]
INFO: [ app_begin ] --END-- [ RunTime:0.000220s ]
NOTIC: [8192] mysql_connect(): The mysql extension is deprecated and will be removed in the future: use mysqli or PDO instead /home/wwwroot/cxg/ThinkPHP/Library/Think/Db/Driver/Mysql.class.php 第 52 行.
SQL: SHOW COLUMNS FROM `menu` [ RunTime:0.000347s ]
SQL: SELECT * FROM `menu` WHERE ( `parent_id` = 0 ) AND ( `show` = 1 ) AND ( `type` = 2 ) ORDER BY `id` ASC  [ RunTime:0.000183s ]
SQL: SELECT * FROM `menu` WHERE ( `parent_id` = 7 ) AND ( `show` = 1 ) ORDER BY `id` ASC  [ RunTime:0.000141s ]
SQL: SELECT * FROM `menu` WHERE ( `parent_id` = 14 ) AND ( `show` = 1 ) ORDER BY `id` ASC  [ RunTime:0.000114s ]
SQL: SELECT * FROM `menu` WHERE ( `parent_id` = 15 ) AND ( `show` = 1 ) ORDER BY `id` ASC  [ RunTime:0.000111s ]
SQL: SELECT * FROM `menu` WHERE ( `parent_id` = 16 ) AND ( `show` = 1 ) ORDER BY `id` ASC  [ RunTime:0.000108s ]
SQL: SELECT * FROM `menu` WHERE ( `parent_id` = 17 ) AND ( `show` = 1 ) ORDER BY `id` ASC  [ RunTime:0.000106s ]
SQL: SELECT * FROM `menu` WHERE ( `parent_id` = 18 ) AND ( `show` = 1 ) ORDER BY `id` ASC  [ RunTime:0.000106s ]
SQL: SELECT * FROM `menu` WHERE ( `parent_id` = 19 ) AND ( `show` = 1 ) ORDER BY `id` ASC  [ RunTime:0.000117s ]
SQL: SELECT * FROM `menu` WHERE ( `parent_id` = 20 ) AND ( `show` = 1 ) ORDER BY `id` ASC  [ RunTime:0.000110s ]
SQL: SELECT * FROM `menu` WHERE ( `parent_id` = 40 ) AND ( `show` = 1 ) ORDER BY `id` ASC  [ RunTime:0.000205s ]
SQL: SELECT * FROM `menu` WHERE ( `parent_id` = 77 ) AND ( `show` = 1 ) ORDER BY `id` ASC  [ RunTime:0.000110s ]
SQL: SELECT * FROM `menu` WHERE ( `parent_id` = 60 ) AND ( `show` = 1 ) ORDER BY `id` ASC  [ RunTime:0.000105s ]
SQL: SELECT * FROM `menu` WHERE ( `parent_id` = 61 ) AND ( `show` = 1 ) ORDER BY `id` ASC  [ RunTime:0.000107s ]
SQL: SELECT * FROM `menu` WHERE ( `parent_id` = 75 ) AND ( `show` = 1 ) ORDER BY `id` ASC  [ RunTime:0.000102s ]
INFO: [ view_parse ] --START--
INFO: [ template_filter ] --START--
INFO: Run Behavior\ContentReplace [ RunTime:0.000027s ]
INFO: [ template_filter ] --END-- [ RunTime:0.000050s ]
INFO: Run Behavior\ParseTemplate [ RunTime:0.002759s ]
INFO: [ view_parse ] --END-- [ RunTime:0.002784s ]
INFO: [ view_filter ] --START--
INFO: Run Behavior\WriteHtmlCache [ RunTime:0.000048s ]
INFO: [ view_filter ] --END-- [ RunTime:0.000063s ]
INFO: [ app_end ] --START--
INFO: Run Behavior\ShowPageTrace [ RunTime:0.000050s ]
INFO: [ app_end ] --END-- [ RunTime:0.000069s ]

[ 2018-09-25T11:40:25+08:00 ] 192.168.1.103 /cxg/index.php?m=Admin&c=Setting&a=index&id=7.78
INFO: [ app_begin ] --START--
INFO: Run Behavior\ReadHtmlCache [ RunTime:0.000038s ]
INFO: [ app_begin ] --END-- [ RunTime:0.000074s ]
NOTIC: [8192] mysql_connect(): The mysql extension is deprecated and will be removed in the future: use mysqli or PDO instead /home/wwwroot/cxg/ThinkPHP/Library/Think/Db/Driver/Mysql.class.php 第 52 行.
SQL: SHOW COLUMNS FROM `menu` [ RunTime:0.000288s ]
SQL: SHOW COLUMNS FROM `menu` [ RunTime:0.000206s ]
SQL: SELECT * FROM `menu` WHERE ( `parent_id` = 7 ) AND ( `type` = 2 ) LIMIT 0,100   [ RunTime:0.000119s ]
SQL: SELECT * FROM `menu` WHERE ( `id` = 78 ) AND ( `type` = 2 ) LIMIT 0,100   [ RunTime:0.000104s ]
SQL: SHOW COLUMNS FROM `menu` [ RunTime:0.000214s ]
SQL: SELECT * FROM `menu` WHERE ( `parent_id` = 0 ) AND ( `show` = 1 ) AND ( `type` = 2 ) ORDER BY `id` ASC  [ RunTime:0.000113s ]
SQL: SELECT * FROM `menu` WHERE ( `parent_id` = 7 ) AND ( `show` = 1 ) ORDER BY `id` ASC  [ RunTime:0.000117s ]
SQL: SELECT * FROM `menu` WHERE ( `parent_id` = 14 ) AND ( `show` = 1 ) ORDER BY `id` ASC  [ RunTime:0.000112s ]
SQL: SELECT * FROM `menu` WHERE ( `parent_id` = 15 ) AND ( `show` = 1 ) ORDER BY `id` ASC  [ RunTime:0.000110s ]
SQL: SELECT * FROM `menu` WHERE ( `parent_id` = 16 ) AND ( `show` = 1 ) ORDER BY `id` ASC  [ RunTime:0.000137s ]
SQL: SELECT * FROM `menu` WHERE ( `parent_id` = 17 ) AND ( `show` = 1 ) ORDER BY `id` ASC  [ RunTime:0.000111s ]
SQL: SELECT * FROM `menu` WHERE ( `parent_id` = 18 ) AND ( `show` = 1 ) ORDER BY `id` ASC  [ RunTime:0.000107s ]
SQL: SELECT * FROM `menu` WHERE ( `parent_id` = 19 ) AND ( `show` = 1 ) ORDER BY `id` ASC  [ RunTime:0.000110s ]
SQL: SELECT * FROM `menu` WHERE ( `parent_id` = 20 ) AND ( `show` = 1 ) ORDER BY `id` ASC  [ RunTime:0.000110s ]
SQL: SELECT * FROM `menu` WHERE ( `parent_id` = 40 ) AND ( `show` = 1 ) ORDER BY `id` ASC  [ RunTime:0.000111s ]
SQL: SELECT * FROM `menu` WHERE ( `parent_id` = 77 ) AND ( `show` = 1 ) ORDER BY `id` ASC  [ RunTime:0.000108s ]
SQL: SELECT * FROM `menu` WHERE ( `parent_id` = 60 ) AND ( `show` = 1 ) ORDER BY `id` ASC  [ RunTime:0.000106s ]
SQL: SELECT * FROM `menu` WHERE ( `parent_id` = 61 ) AND ( `show` = 1 ) ORDER BY `id` ASC  [ RunTime:0.000106s ]
SQL: SELECT * FROM `menu` WHERE ( `parent_id` = 75 ) AND ( `show` = 1 ) ORDER BY `id` ASC  [ RunTime:0.000102s ]
INFO: [ view_parse ] --START--
INFO: [ template_filter ] --START--
INFO: Run Behavior\ContentReplace [ RunTime:0.000029s ]
INFO: [ template_filter ] --END-- [ RunTime:0.000052s ]
INFO: Run Behavior\ParseTemplate [ RunTime:0.002728s ]
INFO: [ view_parse ] --END-- [ RunTime:0.002753s ]
INFO: [ view_filter ] --START--
INFO: Run Behavior\WriteHtmlCache [ RunTime:0.000042s ]
INFO: [ view_filter ] --END-- [ RunTime:0.000058s ]
INFO: [ app_end ] --START--
INFO: Run Behavior\ShowPageTrace [ RunTime:0.000043s ]
INFO: [ app_end ] --END-- [ RunTime:0.000063s ]

[ 2018-09-25T11:40:25+08:00 ] 192.168.1.103 /cxg/index.php?m=Admin&c=Setting&a=getEntryRecordList
INFO: [ app_begin ] --START--
INFO: Run Behavior\ReadHtmlCache [ RunTime:0.000213s ]
INFO: [ app_begin ] --END-- [ RunTime:0.000320s ]
NOTIC: [8192] mysql_connect(): The mysql extension is deprecated and will be removed in the future: use mysqli or PDO instead /home/wwwroot/cxg/ThinkPHP/Library/Think/Db/Driver/Mysql.class.php 第 52 行.
SQL: SHOW COLUMNS FROM `entry_record` [ RunTime:0.000335s ]
SQL: SHOW COLUMNS FROM `member` [ RunTime:0.000223s ]
SQL: SELECT * FROM `member`  [ RunTime:0.000129s ]
SQL: SELECT * FROM `entry_record` ORDER BY `id` DESC LIMIT 0,100   [ RunTime:0.000115s ]
NOTIC: [8] Undefined offset: 10 /home/wwwroot/cxg/Application/Admin/Controller/SettingController.class.php 第 3451 行.
NOTIC: [8] Undefined offset: 10 /home/wwwroot/cxg/Application/Admin/Controller/SettingController.class.php 第 3451 行.
NOTIC: [8] Undefined offset: 10 /home/wwwroot/cxg/Application/Admin/Controller/SettingController.class.php 第 3451 行.
NOTIC: [8] Undefined offset: 10 /home/wwwroot/cxg/Application/Admin/Controller/SettingController.class.php 第 3451 行.
NOTIC: [8] Undefined offset: 10 /home/wwwroot/cxg/Application/Admin/Controller/SettingController.class.php 第 3451 行.
NOTIC: [8] Undefined offset: 10 /home/wwwroot/cxg/Application/Admin/Controller/SettingController.class.php 第 3451 行.
NOTIC: [8] Undefined offset: 10 /home/wwwroot/cxg/Application/Admin/Controller/SettingController.class.php 第 3451 行.
NOTIC: [8] Undefined offset: 10 /home/wwwroot/cxg/Application/Admin/Controller/SettingController.class.php 第 3451 行.
NOTIC: [8] Undefined offset: 10 /home/wwwroot/cxg/Application/Admin/Controller/SettingController.class.php 第 3451 行.
NOTIC: [8] Undefined offset: 10 /home/wwwroot/cxg/Application/Admin/Controller/SettingController.class.php 第 3451 行.

[ 2018-09-25T14:08:25+08:00 ] 192.168.1.103 /cxg/index.php?m=Admin&c=Setting&a=index&id=7.78
INFO: [ app_begin ] --START--
INFO: Run Behavior\ReadHtmlCache [ RunTime:0.000772s ]
INFO: [ app_begin ] --END-- [ RunTime:0.001470s ]
NOTIC: [8192] mysql_connect(): The mysql extension is deprecated and will be removed in the future: use mysqli or PDO instead /home/wwwroot/cxg/ThinkPHP/Library/Think/Db/Driver/Mysql.class.php 第 52 行.
SQL: SHOW COLUMNS FROM `menu` [ RunTime:0.011430s ]
SQL: SHOW COLUMNS FROM `menu` [ RunTime:0.000313s ]
SQL: SELECT * FROM `menu` WHERE ( `parent_id` = 7 ) AND ( `type` = 2 ) LIMIT 0,100   [ RunTime:0.008541s ]
SQL: SELECT * FROM `menu` WHERE ( `id` = 78 ) AND ( `type` = 2 ) LIMIT 0,100   [ RunTime:0.000258s ]
SQL: SHOW COLUMNS FROM `menu` [ RunTime:0.000316s ]
SQL: SELECT * FROM `menu` WHERE ( `parent_id` = 0 ) AND ( `show` = 1 ) AND ( `type` = 2 ) ORDER BY `id` ASC  [ RunTime:0.000139s ]
SQL: SELECT * FROM `menu` WHERE ( `parent_id` = 7 ) AND ( `show` = 1 ) ORDER BY `id` ASC  [ RunTime:0.000122s ]
SQL: SELECT * FROM `menu` WHERE ( `parent_id` = 14 ) AND ( `show` = 1 ) ORDER BY `id` ASC  [ RunTime:0.000116s ]
SQL: SELECT * FROM `menu` WHERE ( `parent_id` = 15 ) AND ( `show` = 1 ) ORDER BY `id` ASC  [ RunTime:0.000112s ]
SQL: SELECT * FROM `menu` WHERE ( `parent_id` = 16 ) AND ( `show` = 1 ) ORDER BY `id` ASC  [ RunTime:0.000109s ]
SQL: SELECT * FROM `menu` WHERE ( `parent_id` = 17 ) AND ( `show` = 1 ) ORDER BY `id` ASC  [ RunTime:0.000108s ]
SQL: SELECT * FROM `menu` WHERE ( `parent_id` = 18 ) AND ( `show` = 1 ) ORDER BY `id` ASC  [ RunTime:0.000106s ]
SQL: SELECT * FROM `menu` WHERE ( `parent_id` = 19 ) AND ( `show` = 1 ) ORDER BY `id` ASC  [ RunTime:0.000109s ]
SQL: SELECT * FROM `menu` WHERE ( `parent_id` = 20 ) AND ( `show` = 1 ) ORDER BY `id` ASC  [ RunTime:0.000115s ]
SQL: SELECT * FROM `menu` WHERE ( `parent_id` = 40 ) AND ( `show` = 1 ) ORDER BY `id` ASC  [ RunTime:0.000106s ]
SQL: SELECT * FROM `menu` WHERE ( `parent_id` = 77 ) AND ( `show` = 1 ) ORDER BY `id` ASC  [ RunTime:0.000107s ]
SQL: SELECT * FROM `menu` WHERE ( `parent_id` = 60 ) AND ( `show` = 1 ) ORDER BY `id` ASC  [ RunTime:0.000106s ]
SQL: SELECT * FROM `menu` WHERE ( `parent_id` = 61 ) AND ( `show` = 1 ) ORDER BY `id` ASC  [ RunTime:0.000106s ]
SQL: SELECT * FROM `menu` WHERE ( `parent_id` = 75 ) AND ( `show` = 1 ) ORDER BY `id` ASC  [ RunTime:0.000103s ]
INFO: [ view_parse ] --START--
INFO: [ template_filter ] --START--
INFO: Run Behavior\ContentReplace [ RunTime:0.000076s ]
INFO: [ template_filter ] --END-- [ RunTime:0.000112s ]
INFO: Run Behavior\ParseTemplate [ RunTime:0.011040s ]
INFO: [ view_parse ] --END-- [ RunTime:0.011072s ]
INFO: [ view_filter ] --START--
INFO: Run Behavior\WriteHtmlCache [ RunTime:0.000546s ]
INFO: [ view_filter ] --END-- [ RunTime:0.000572s ]
INFO: [ app_end ] --START--
INFO: Run Behavior\ShowPageTrace [ RunTime:0.000864s ]
INFO: [ app_end ] --END-- [ RunTime:0.000895s ]

[ 2018-09-25T14:08:26+08:00 ] 192.168.1.103 /cxg/index.php?m=Admin&c=Setting&a=getEntryRecordList
INFO: [ app_begin ] --START--
INFO: Run Behavior\ReadHtmlCache [ RunTime:0.000079s ]
INFO: [ app_begin ] --END-- [ RunTime:0.000165s ]
NOTIC: [8192] mysql_connect(): The mysql extension is deprecated and will be removed in the future: use mysqli or PDO instead /home/wwwroot/cxg/ThinkPHP/Library/Think/Db/Driver/Mysql.class.php 第 52 行.
SQL: SHOW COLUMNS FROM `entry_record` [ RunTime:0.009064s ]
SQL: SHOW COLUMNS FROM `member` [ RunTime:0.000858s ]
SQL: SELECT * FROM `member`  [ RunTime:0.000149s ]
SQL: SELECT * FROM `entry_record` ORDER BY `id` DESC LIMIT 0,100   [ RunTime:0.000122s ]
NOTIC: [8] Undefined offset: 10 /home/wwwroot/cxg/Application/Admin/Controller/SettingController.class.php 第 3451 行.
NOTIC: [8] Undefined offset: 10 /home/wwwroot/cxg/Application/Admin/Controller/SettingController.class.php 第 3451 行.
NOTIC: [8] Undefined offset: 10 /home/wwwroot/cxg/Application/Admin/Controller/SettingController.class.php 第 3451 行.
NOTIC: [8] Undefined offset: 10 /home/wwwroot/cxg/Application/Admin/Controller/SettingController.class.php 第 3451 行.
NOTIC: [8] Undefined offset: 10 /home/wwwroot/cxg/Application/Admin/Controller/SettingController.class.php 第 3451 行.
NOTIC: [8] Undefined offset: 10 /home/wwwroot/cxg/Application/Admin/Controller/SettingController.class.php 第 3451 行.
NOTIC: [8] Undefined offset: 10 /home/wwwroot/cxg/Application/Admin/Controller/SettingController.class.php 第 3451 行.
NOTIC: [8] Undefined offset: 10 /home/wwwroot/cxg/Application/Admin/Controller/SettingController.class.php 第 3451 行.
NOTIC: [8] Undefined offset: 10 /home/wwwroot/cxg/Application/Admin/Controller/SettingController.class.php 第 3451 行.
NOTIC: [8] Undefined offset: 10 /home/wwwroot/cxg/Application/Admin/Controller/SettingController.class.php 第 3451 行.

[ 2018-09-25T15:40:19+08:00 ] 192.168.1.103 /cxg/index.php?m=Admin&c=Index&a=index&act=7.78
INFO: [ app_begin ] --START--
INFO: Run Behavior\ReadHtmlCache [ RunTime:0.000847s ]
INFO: [ app_begin ] --END-- [ RunTime:0.001920s ]
NOTIC: [8192] mysql_connect(): The mysql extension is deprecated and will be removed in the future: use mysqli or PDO instead /home/wwwroot/cxg/ThinkPHP/Library/Think/Db/Driver/Mysql.class.php 第 52 行.
SQL: SHOW COLUMNS FROM `menu` [ RunTime:0.011180s ]
SQL: SELECT * FROM `menu` WHERE ( `parent_id` = 0 ) AND ( `show` = 1 ) AND ( `type` = 2 ) ORDER BY `id` ASC  [ RunTime:0.002830s ]
SQL: SELECT * FROM `menu` WHERE ( `parent_id` = 7 ) AND ( `show` = 1 ) ORDER BY `id` ASC  [ RunTime:0.000218s ]
SQL: SELECT * FROM `menu` WHERE ( `parent_id` = 14 ) AND ( `show` = 1 ) ORDER BY `id` ASC  [ RunTime:0.000116s ]
SQL: SELECT * FROM `menu` WHERE ( `parent_id` = 15 ) AND ( `show` = 1 ) ORDER BY `id` ASC  [ RunTime:0.000112s ]
SQL: SELECT * FROM `menu` WHERE ( `parent_id` = 16 ) AND ( `show` = 1 ) ORDER BY `id` ASC  [ RunTime:0.000110s ]
SQL: SELECT * FROM `menu` WHERE ( `parent_id` = 17 ) AND ( `show` = 1 ) ORDER BY `id` ASC  [ RunTime:0.000119s ]
SQL: SELECT * FROM `menu` WHERE ( `parent_id` = 18 ) AND ( `show` = 1 ) ORDER BY `id` ASC  [ RunTime:0.000106s ]
SQL: SELECT * FROM `menu` WHERE ( `parent_id` = 19 ) AND ( `show` = 1 ) ORDER BY `id` ASC  [ RunTime:0.000109s ]
SQL: SELECT * FROM `menu` WHERE ( `parent_id` = 20 ) AND ( `show` = 1 ) ORDER BY `id` ASC  [ RunTime:0.000110s ]
SQL: SELECT * FROM `menu` WHERE ( `parent_id` = 40 ) AND ( `show` = 1 ) ORDER BY `id` ASC  [ RunTime:0.000106s ]
SQL: SELECT * FROM `menu` WHERE ( `parent_id` = 77 ) AND ( `show` = 1 ) ORDER BY `id` ASC  [ RunTime:0.000107s ]
SQL: SELECT * FROM `menu` WHERE ( `parent_id` = 60 ) AND ( `show` = 1 ) ORDER BY `id` ASC  [ RunTime:0.000106s ]
SQL: SELECT * FROM `menu` WHERE ( `parent_id` = 61 ) AND ( `show` = 1 ) ORDER BY `id` ASC  [ RunTime:0.000107s ]
SQL: SELECT * FROM `menu` WHERE ( `parent_id` = 75 ) AND ( `show` = 1 ) ORDER BY `id` ASC  [ RunTime:0.000241s ]
INFO: [ view_parse ] --START--
INFO: [ template_filter ] --START--
INFO: Run Behavior\ContentReplace [ RunTime:0.000031s ]
INFO: [ template_filter ] --END-- [ RunTime:0.000065s ]
INFO: Run Behavior\ParseTemplate [ RunTime:0.014631s ]
INFO: [ view_parse ] --END-- [ RunTime:0.014667s ]
INFO: [ view_filter ] --START--
INFO: Run Behavior\WriteHtmlCache [ RunTime:0.001217s ]
INFO: [ view_filter ] --END-- [ RunTime:0.001255s ]
INFO: [ app_end ] --START--
INFO: Run Behavior\ShowPageTrace [ RunTime:0.001334s ]
INFO: [ app_end ] --END-- [ RunTime:0.001375s ]

[ 2018-09-25T15:40:19+08:00 ] 192.168.1.103 /cxg/index.php?m=Admin&c=Setting&a=index&id=7.78
INFO: [ app_begin ] --START--
INFO: Run Behavior\ReadHtmlCache [ RunTime:0.000050s ]
INFO: [ app_begin ] --END-- [ RunTime:0.000132s ]
NOTIC: [8192] mysql_connect(): The mysql extension is deprecated and will be removed in the future: use mysqli or PDO instead /home/wwwroot/cxg/ThinkPHP/Library/Think/Db/Driver/Mysql.class.php 第 52 行.
SQL: SHOW COLUMNS FROM `menu` [ RunTime:0.000464s ]
SQL: SHOW COLUMNS FROM `menu` [ RunTime:0.000257s ]
SQL: SELECT * FROM `menu` WHERE ( `parent_id` = 7 ) AND ( `type` = 2 ) LIMIT 0,100   [ RunTime:0.000148s ]
SQL: SELECT * FROM `menu` WHERE ( `id` = 78 ) AND ( `type` = 2 ) LIMIT 0,100   [ RunTime:0.000363s ]
SQL: SHOW COLUMNS FROM `menu` [ RunTime:0.000265s ]
SQL: SELECT * FROM `menu` WHERE ( `parent_id` = 0 ) AND ( `show` = 1 ) AND ( `type` = 2 ) ORDER BY `id` ASC  [ RunTime:0.000128s ]
SQL: SELECT * FROM `menu` WHERE ( `parent_id` = 7 ) AND ( `show` = 1 ) ORDER BY `id` ASC  [ RunTime:0.000119s ]
SQL: SELECT * FROM `menu` WHERE ( `parent_id` = 14 ) AND ( `show` = 1 ) ORDER BY `id` ASC  [ RunTime:0.000111s ]
SQL: SELECT * FROM `menu` WHERE ( `parent_id` = 15 ) AND ( `show` = 1 ) ORDER BY `id` ASC  [ RunTime:0.000111s ]
SQL: SELECT * FROM `menu` WHERE ( `parent_id` = 16 ) AND ( `show` = 1 ) ORDER BY `id` ASC  [ RunTime:0.000114s ]
SQL: SELECT * FROM `menu` WHERE ( `parent_id` = 17 ) AND ( `show` = 1 ) ORDER BY `id` ASC  [ RunTime:0.000108s ]
SQL: SELECT * FROM `menu` WHERE ( `parent_id` = 18 ) AND ( `show` = 1 ) ORDER BY `id` ASC  [ RunTime:0.000106s ]
SQL: SELECT * FROM `menu` WHERE ( `parent_id` = 19 ) AND ( `show` = 1 ) ORDER BY `id` ASC  [ RunTime:0.000113s ]
SQL: SELECT * FROM `menu` WHERE ( `parent_id` = 20 ) AND ( `show` = 1 ) ORDER BY `id` ASC  [ RunTime:0.000110s ]
SQL: SELECT * FROM `menu` WHERE ( `parent_id` = 40 ) AND ( `show` = 1 ) ORDER BY `id` ASC  [ RunTime:0.000106s ]
SQL: SELECT * FROM `menu` WHERE ( `parent_id` = 77 ) AND ( `show` = 1 ) ORDER BY `id` ASC  [ RunTime:0.000107s ]
SQL: SELECT * FROM `menu` WHERE ( `parent_id` = 60 ) AND ( `show` = 1 ) ORDER BY `id` ASC  [ RunTime:0.000106s ]
SQL: SELECT * FROM `menu` WHERE ( `parent_id` = 61 ) AND ( `show` = 1 ) ORDER BY `id` ASC  [ RunTime:0.000108s ]
SQL: SELECT * FROM `menu` WHERE ( `parent_id` = 75 ) AND ( `show` = 1 ) ORDER BY `id` ASC  [ RunTime:0.000103s ]
INFO: [ view_parse ] --START--
INFO: [ template_filter ] --START--
INFO: Run Behavior\ContentReplace [ RunTime:0.000035s ]
INFO: [ template_filter ] --END-- [ RunTime:0.000069s ]
INFO: Run Behavior\ParseTemplate [ RunTime:0.005839s ]
INFO: [ view_parse ] --END-- [ RunTime:0.005871s ]
INFO: [ view_filter ] --START--
INFO: Run Behavior\WriteHtmlCache [ RunTime:0.000075s ]
INFO: [ view_filter ] --END-- [ RunTime:0.000095s ]
INFO: [ app_end ] --START--
INFO: Run Behavior\ShowPageTrace [ RunTime:0.000057s ]
INFO: [ app_end ] --END-- [ RunTime:0.000082s ]

[ 2018-09-25T15:40:19+08:00 ] 192.168.1.103 /cxg/index.php?m=Admin&c=Setting&a=getEntryRecordList
INFO: [ app_begin ] --START--
INFO: Run Behavior\ReadHtmlCache [ RunTime:0.000058s ]
INFO: [ app_begin ] --END-- [ RunTime:0.000137s ]
NOTIC: [8192] mysql_connect(): The mysql extension is deprecated and will be removed in the future: use mysqli or PDO instead /home/wwwroot/cxg/ThinkPHP/Library/Think/Db/Driver/Mysql.class.php 第 52 行.
SQL: SHOW COLUMNS FROM `entry_record` [ RunTime:0.002578s ]
SQL: SHOW COLUMNS FROM `member` [ RunTime:0.000645s ]
SQL: SELECT * FROM `member`  [ RunTime:0.000133s ]
SQL: SELECT * FROM `entry_record` ORDER BY `id` DESC LIMIT 0,100   [ RunTime:0.000119s ]
NOTIC: [8] Undefined offset: 10 /home/wwwroot/cxg/Application/Admin/Controller/SettingController.class.php 第 3451 行.
NOTIC: [8] Undefined offset: 10 /home/wwwroot/cxg/Application/Admin/Controller/SettingController.class.php 第 3451 行.
NOTIC: [8] Undefined offset: 10 /home/wwwroot/cxg/Application/Admin/Controller/SettingController.class.php 第 3451 行.
NOTIC: [8] Undefined offset: 10 /home/wwwroot/cxg/Application/Admin/Controller/SettingController.class.php 第 3451 行.
NOTIC: [8] Undefined offset: 10 /home/wwwroot/cxg/Application/Admin/Controller/SettingController.class.php 第 3451 行.
NOTIC: [8] Undefined offset: 10 /home/wwwroot/cxg/Application/Admin/Controller/SettingController.class.php 第 3451 行.
NOTIC: [8] Undefined offset: 10 /home/wwwroot/cxg/Application/Admin/Controller/SettingController.class.php 第 3451 行.
NOTIC: [8] Undefined offset: 10 /home/wwwroot/cxg/Application/Admin/Controller/SettingController.class.php 第 3451 行.
NOTIC: [8] Undefined offset: 10 /home/wwwroot/cxg/Application/Admin/Controller/SettingController.class.php 第 3451 行.
NOTIC: [8] Undefined offset: 10 /home/wwwroot/cxg/Application/Admin/Controller/SettingController.class.php 第 3451 行.

[ 2018-09-25T15:40:24+08:00 ] 192.168.1.103 /cxg/index.php?m=Admin&c=Setting&a=index&id=7.78
INFO: [ app_begin ] --START--
INFO: Run Behavior\ReadHtmlCache [ RunTime:0.000152s ]
INFO: [ app_begin ] --END-- [ RunTime:0.000297s ]
NOTIC: [8192] mysql_connect(): The mysql extension is deprecated and will be removed in the future: use mysqli or PDO instead /home/wwwroot/cxg/ThinkPHP/Library/Think/Db/Driver/Mysql.class.php 第 52 行.
SQL: SHOW COLUMNS FROM `menu` [ RunTime:0.001015s ]
SQL: SHOW COLUMNS FROM `menu` [ RunTime:0.000317s ]
SQL: SELECT * FROM `menu` WHERE ( `parent_id` = 7 ) AND ( `type` = 2 ) LIMIT 0,100   [ RunTime:0.000149s ]
SQL: SELECT * FROM `menu` WHERE ( `id` = 78 ) AND ( `type` = 2 ) LIMIT 0,100   [ RunTime:0.000089s ]
SQL: SHOW COLUMNS FROM `menu` [ RunTime:0.000258s ]
SQL: SELECT * FROM `menu` WHERE ( `parent_id` = 0 ) AND ( `show` = 1 ) AND ( `type` = 2 ) ORDER BY `id` ASC  [ RunTime:0.000134s ]
SQL: SELECT * FROM `menu` WHERE ( `parent_id` = 7 ) AND ( `show` = 1 ) ORDER BY `id` ASC  [ RunTime:0.000121s ]
SQL: SELECT * FROM `menu` WHERE ( `parent_id` = 14 ) AND ( `show` = 1 ) ORDER BY `id` ASC  [ RunTime:0.000111s ]
SQL: SELECT * FROM `menu` WHERE ( `parent_id` = 15 ) AND ( `show` = 1 ) ORDER BY `id` ASC  [ RunTime:0.000109s ]
SQL: SELECT * FROM `menu` WHERE ( `parent_id` = 16 ) AND ( `show` = 1 ) ORDER BY `id` ASC  [ RunTime:0.000107s ]
SQL: SELECT * FROM `menu` WHERE ( `parent_id` = 17 ) AND ( `show` = 1 ) ORDER BY `id` ASC  [ RunTime:0.000106s ]
SQL: SELECT * FROM `menu` WHERE ( `parent_id` = 18 ) AND ( `show` = 1 ) ORDER BY `id` ASC  [ RunTime:0.000105s ]
SQL: SELECT * FROM `menu` WHERE ( `parent_id` = 19 ) AND ( `show` = 1 ) ORDER BY `id` ASC  [ RunTime:0.000160s ]
SQL: SELECT * FROM `menu` WHERE ( `parent_id` = 20 ) AND ( `show` = 1 ) ORDER BY `id` ASC  [ RunTime:0.000128s ]
SQL: SELECT * FROM `menu` WHERE ( `parent_id` = 40 ) AND ( `show` = 1 ) ORDER BY `id` ASC  [ RunTime:0.000107s ]
SQL: SELECT * FROM `menu` WHERE ( `parent_id` = 77 ) AND ( `show` = 1 ) ORDER BY `id` ASC  [ RunTime:0.000107s ]
SQL: SELECT * FROM `menu` WHERE ( `parent_id` = 60 ) AND ( `show` = 1 ) ORDER BY `id` ASC  [ RunTime:0.000104s ]
SQL: SELECT * FROM `menu` WHERE ( `parent_id` = 61 ) AND ( `show` = 1 ) ORDER BY `id` ASC  [ RunTime:0.000106s ]
SQL: SELECT * FROM `menu` WHERE ( `parent_id` = 75 ) AND ( `show` = 1 ) ORDER BY `id` ASC  [ RunTime:0.000102s ]
INFO: [ view_parse ] --START--
INFO: [ template_filter ] --START--
INFO: Run Behavior\ContentReplace [ RunTime:0.000030s ]
INFO: [ template_filter ] --END-- [ RunTime:0.000052s ]
INFO: Run Behavior\ParseTemplate [ RunTime:0.002874s ]
INFO: [ view_parse ] --END-- [ RunTime:0.002903s ]
INFO: [ view_filter ] --START--
INFO: Run Behavior\WriteHtmlCache [ RunTime:0.000042s ]
INFO: [ view_filter ] --END-- [ RunTime:0.000058s ]
INFO: [ app_end ] --START--
INFO: Run Behavior\ShowPageTrace [ RunTime:0.000044s ]
INFO: [ app_end ] --END-- [ RunTime:0.000066s ]

[ 2018-09-25T15:40:25+08:00 ] 192.168.1.103 /cxg/index.php?m=Admin&c=Setting&a=getEntryRecordList
INFO: [ app_begin ] --START--
INFO: Run Behavior\ReadHtmlCache [ RunTime:0.000129s ]
INFO: [ app_begin ] --END-- [ RunTime:0.000261s ]
NOTIC: [8192] mysql_connect(): The mysql extension is deprecated and will be removed in the future: use mysqli or PDO instead /home/wwwroot/cxg/ThinkPHP/Library/Think/Db/Driver/Mysql.class.php 第 52 行.
SQL: SHOW COLUMNS FROM `entry_record` [ RunTime:0.001238s ]
SQL: SHOW COLUMNS FROM `member` [ RunTime:0.000921s ]
SQL: SELECT * FROM `member`  [ RunTime:0.000384s ]
SQL: SELECT * FROM `entry_record` ORDER BY `id` DESC LIMIT 0,100   [ RunTime:0.000355s ]
NOTIC: [8] Undefined offset: 10 /home/wwwroot/cxg/Application/Admin/Controller/SettingController.class.php 第 3451 行.
NOTIC: [8] Undefined offset: 10 /home/wwwroot/cxg/Application/Admin/Controller/SettingController.class.php 第 3451 行.
NOTIC: [8] Undefined offset: 10 /home/wwwroot/cxg/Application/Admin/Controller/SettingController.class.php 第 3451 行.
NOTIC: [8] Undefined offset: 10 /home/wwwroot/cxg/Application/Admin/Controller/SettingController.class.php 第 3451 行.
NOTIC: [8] Undefined offset: 10 /home/wwwroot/cxg/Application/Admin/Controller/SettingController.class.php 第 3451 行.
NOTIC: [8] Undefined offset: 10 /home/wwwroot/cxg/Application/Admin/Controller/SettingController.class.php 第 3451 行.
NOTIC: [8] Undefined offset: 10 /home/wwwroot/cxg/Application/Admin/Controller/SettingController.class.php 第 3451 行.
NOTIC: [8] Undefined offset: 10 /home/wwwroot/cxg/Application/Admin/Controller/SettingController.class.php 第 3451 行.
NOTIC: [8] Undefined offset: 10 /home/wwwroot/cxg/Application/Admin/Controller/SettingController.class.php 第 3451 行.
NOTIC: [8] Undefined offset: 10 /home/wwwroot/cxg/Application/Admin/Controller/SettingController.class.php 第 3451 行.

[ 2018-09-25T15:46:59+08:00 ] 192.168.1.103 /cxg/index.php?m=Admin&c=Setting&a=index&id=7.78
INFO: [ app_begin ] --START--
INFO: Run Behavior\ReadHtmlCache [ RunTime:0.000169s ]
INFO: [ app_begin ] --END-- [ RunTime:0.000335s ]
NOTIC: [8192] mysql_connect(): The mysql extension is deprecated and will be removed in the future: use mysqli or PDO instead /home/wwwroot/cxg/ThinkPHP/Library/Think/Db/Driver/Mysql.class.php 第 52 行.
SQL: SHOW COLUMNS FROM `menu` [ RunTime:0.001338s ]
SQL: SHOW COLUMNS FROM `menu` [ RunTime:0.000876s ]
SQL: SELECT * FROM `menu` WHERE ( `parent_id` = 7 ) AND ( `type` = 2 ) LIMIT 0,100   [ RunTime:0.000399s ]
SQL: SELECT * FROM `menu` WHERE ( `id` = 78 ) AND ( `type` = 2 ) LIMIT 0,100   [ RunTime:0.000375s ]
SQL: SHOW COLUMNS FROM `menu` [ RunTime:0.001031s ]
SQL: SELECT * FROM `menu` WHERE ( `parent_id` = 0 ) AND ( `show` = 1 ) AND ( `type` = 2 ) ORDER BY `id` ASC  [ RunTime:0.000432s ]
SQL: SELECT * FROM `menu` WHERE ( `parent_id` = 7 ) AND ( `show` = 1 ) ORDER BY `id` ASC  [ RunTime:0.000452s ]
SQL: SELECT * FROM `menu` WHERE ( `parent_id` = 14 ) AND ( `show` = 1 ) ORDER BY `id` ASC  [ RunTime:0.000396s ]
SQL: SELECT * FROM `menu` WHERE ( `parent_id` = 15 ) AND ( `show` = 1 ) ORDER BY `id` ASC  [ RunTime:0.000390s ]
SQL: SELECT * FROM `menu` WHERE ( `parent_id` = 16 ) AND ( `show` = 1 ) ORDER BY `id` ASC  [ RunTime:0.000398s ]
SQL: SELECT * FROM `menu` WHERE ( `parent_id` = 17 ) AND ( `show` = 1 ) ORDER BY `id` ASC  [ RunTime:0.000379s ]
SQL: SELECT * FROM `menu` WHERE ( `parent_id` = 18 ) AND ( `show` = 1 ) ORDER BY `id` ASC  [ RunTime:0.000393s ]
SQL: SELECT * FROM `menu` WHERE ( `parent_id` = 19 ) AND ( `show` = 1 ) ORDER BY `id` ASC  [ RunTime:0.000397s ]
SQL: SELECT * FROM `menu` WHERE ( `parent_id` = 20 ) AND ( `show` = 1 ) ORDER BY `id` ASC  [ RunTime:0.000402s ]
SQL: SELECT * FROM `menu` WHERE ( `parent_id` = 40 ) AND ( `show` = 1 ) ORDER BY `id` ASC  [ RunTime:0.000370s ]
SQL: SELECT * FROM `menu` WHERE ( `parent_id` = 77 ) AND ( `show` = 1 ) ORDER BY `id` ASC  [ RunTime:0.000405s ]
SQL: SELECT * FROM `menu` WHERE ( `parent_id` = 60 ) AND ( `show` = 1 ) ORDER BY `id` ASC  [ RunTime:0.000336s ]
SQL: SELECT * FROM `menu` WHERE ( `parent_id` = 61 ) AND ( `show` = 1 ) ORDER BY `id` ASC  [ RunTime:0.000338s ]
SQL: SELECT * FROM `menu` WHERE ( `parent_id` = 75 ) AND ( `show` = 1 ) ORDER BY `id` ASC  [ RunTime:0.000322s ]
INFO: [ view_parse ] --START--
INFO: [ template_filter ] --START--
INFO: Run Behavior\ContentReplace [ RunTime:0.000064s ]
INFO: [ template_filter ] --END-- [ RunTime:0.000118s ]
INFO: Run Behavior\ParseTemplate [ RunTime:0.007108s ]
INFO: [ view_parse ] --END-- [ RunTime:0.007166s ]
INFO: [ view_filter ] --START--
INFO: Run Behavior\WriteHtmlCache [ RunTime:0.000086s ]
INFO: [ view_filter ] --END-- [ RunTime:0.000115s ]
INFO: [ app_end ] --START--
INFO: Run Behavior\ShowPageTrace [ RunTime:0.000089s ]
INFO: [ app_end ] --END-- [ RunTime:0.000126s ]

[ 2018-09-25T15:47:00+08:00 ] 192.168.1.103 /cxg/index.php?m=Admin&c=Setting&a=getEntryRecordList
INFO: [ app_begin ] --START--
INFO: Run Behavior\ReadHtmlCache [ RunTime:0.000157s ]
INFO: [ app_begin ] --END-- [ RunTime:0.000241s ]
NOTIC: [8192] mysql_connect(): The mysql extension is deprecated and will be removed in the future: use mysqli or PDO instead /home/wwwroot/cxg/ThinkPHP/Library/Think/Db/Driver/Mysql.class.php 第 52 行.
SQL: SHOW COLUMNS FROM `entry_record` [ RunTime:0.000712s ]
SQL: SHOW COLUMNS FROM `member` [ RunTime:0.000571s ]
SQL: SELECT * FROM `member`  [ RunTime:0.000265s ]
SQL: SELECT * FROM `entry_record` ORDER BY `id` DESC LIMIT 0,100   [ RunTime:0.000253s ]

[ 2018-09-25T15:47:19+08:00 ] 192.168.1.103 /cxg/index.php?m=Admin&c=Index&a=index&act=7.79
INFO: [ app_begin ] --START--
INFO: Run Behavior\ReadHtmlCache [ RunTime:0.000119s ]
INFO: [ app_begin ] --END-- [ RunTime:0.000230s ]
NOTIC: [8192] mysql_connect(): The mysql extension is deprecated and will be removed in the future: use mysqli or PDO instead /home/wwwroot/cxg/ThinkPHP/Library/Think/Db/Driver/Mysql.class.php 第 52 行.
SQL: SHOW COLUMNS FROM `menu` [ RunTime:0.000371s ]
SQL: SELECT * FROM `menu` WHERE ( `parent_id` = 0 ) AND ( `show` = 1 ) AND ( `type` = 2 ) ORDER BY `id` ASC  [ RunTime:0.000165s ]
SQL: SELECT * FROM `menu` WHERE ( `parent_id` = 7 ) AND ( `show` = 1 ) ORDER BY `id` ASC  [ RunTime:0.000125s ]
SQL: SELECT * FROM `menu` WHERE ( `parent_id` = 14 ) AND ( `show` = 1 ) ORDER BY `id` ASC  [ RunTime:0.000161s ]
SQL: SELECT * FROM `menu` WHERE ( `parent_id` = 15 ) AND ( `show` = 1 ) ORDER BY `id` ASC  [ RunTime:0.000112s ]
SQL: SELECT * FROM `menu` WHERE ( `parent_id` = 16 ) AND ( `show` = 1 ) ORDER BY `id` ASC  [ RunTime:0.000385s ]
SQL: SELECT * FROM `menu` WHERE ( `parent_id` = 17 ) AND ( `show` = 1 ) ORDER BY `id` ASC  [ RunTime:0.000113s ]
SQL: SELECT * FROM `menu` WHERE ( `parent_id` = 18 ) AND ( `show` = 1 ) ORDER BY `id` ASC  [ RunTime:0.000108s ]
SQL: SELECT * FROM `menu` WHERE ( `parent_id` = 19 ) AND ( `show` = 1 ) ORDER BY `id` ASC  [ RunTime:0.000115s ]
SQL: SELECT * FROM `menu` WHERE ( `parent_id` = 20 ) AND ( `show` = 1 ) ORDER BY `id` ASC  [ RunTime:0.000110s ]
SQL: SELECT * FROM `menu` WHERE ( `parent_id` = 40 ) AND ( `show` = 1 ) ORDER BY `id` ASC  [ RunTime:0.000107s ]
SQL: SELECT * FROM `menu` WHERE ( `parent_id` = 77 ) AND ( `show` = 1 ) ORDER BY `id` ASC  [ RunTime:0.000107s ]
SQL: SELECT * FROM `menu` WHERE ( `parent_id` = 60 ) AND ( `show` = 1 ) ORDER BY `id` ASC  [ RunTime:0.000106s ]
SQL: SELECT * FROM `menu` WHERE ( `parent_id` = 61 ) AND ( `show` = 1 ) ORDER BY `id` ASC  [ RunTime:0.000107s ]
SQL: SELECT * FROM `menu` WHERE ( `parent_id` = 75 ) AND ( `show` = 1 ) ORDER BY `id` ASC  [ RunTime:0.000103s ]
INFO: [ view_parse ] --START--
INFO: [ template_filter ] --START--
INFO: Run Behavior\ContentReplace [ RunTime:0.000029s ]
INFO: [ template_filter ] --END-- [ RunTime:0.000055s ]
INFO: Run Behavior\ParseTemplate [ RunTime:0.002927s ]
INFO: [ view_parse ] --END-- [ RunTime:0.002954s ]
INFO: [ view_filter ] --START--
INFO: Run Behavior\WriteHtmlCache [ RunTime:0.000042s ]
INFO: [ view_filter ] --END-- [ RunTime:0.000058s ]
INFO: [ app_end ] --START--
INFO: Run Behavior\ShowPageTrace [ RunTime:0.000044s ]
INFO: [ app_end ] --END-- [ RunTime:0.000063s ]

[ 2018-09-25T15:47:19+08:00 ] 192.168.1.103 /cxg/index.php?m=Admin&c=Setting&a=index&id=7.79
INFO: [ app_begin ] --START--
INFO: Run Behavior\ReadHtmlCache [ RunTime:0.000039s ]
INFO: [ app_begin ] --END-- [ RunTime:0.000074s ]
NOTIC: [8192] mysql_connect(): The mysql extension is deprecated and will be removed in the future: use mysqli or PDO instead /home/wwwroot/cxg/ThinkPHP/Library/Think/Db/Driver/Mysql.class.php 第 52 行.
SQL: SHOW COLUMNS FROM `menu` [ RunTime:0.000340s ]
SQL: SHOW COLUMNS FROM `menu` [ RunTime:0.000247s ]
SQL: SELECT * FROM `menu` WHERE ( `parent_id` = 7 ) AND ( `type` = 2 ) LIMIT 0,100   [ RunTime:0.000137s ]
SQL: SELECT * FROM `menu` WHERE ( `id` = 79 ) AND ( `type` = 2 ) LIMIT 0,100   [ RunTime:0.000085s ]
SQL: SHOW COLUMNS FROM `menu` [ RunTime:0.000253s ]
SQL: SELECT * FROM `menu` WHERE ( `parent_id` = 0 ) AND ( `show` = 1 ) AND ( `type` = 2 ) ORDER BY `id` ASC  [ RunTime:0.000121s ]
SQL: SELECT * FROM `menu` WHERE ( `parent_id` = 7 ) AND ( `show` = 1 ) ORDER BY `id` ASC  [ RunTime:0.000115s ]
SQL: SELECT * FROM `menu` WHERE ( `parent_id` = 14 ) AND ( `show` = 1 ) ORDER BY `id` ASC  [ RunTime:0.000109s ]
SQL: SELECT * FROM `menu` WHERE ( `parent_id` = 15 ) AND ( `show` = 1 ) ORDER BY `id` ASC  [ RunTime:0.000108s ]
SQL: SELECT * FROM `menu` WHERE ( `parent_id` = 16 ) AND ( `show` = 1 ) ORDER BY `id` ASC  [ RunTime:0.000106s ]
SQL: SELECT * FROM `menu` WHERE ( `parent_id` = 17 ) AND ( `show` = 1 ) ORDER BY `id` ASC  [ RunTime:0.000105s ]
SQL: SELECT * FROM `menu` WHERE ( `parent_id` = 18 ) AND ( `show` = 1 ) ORDER BY `id` ASC  [ RunTime:0.000144s ]
SQL: SELECT * FROM `menu` WHERE ( `parent_id` = 19 ) AND ( `show` = 1 ) ORDER BY `id` ASC  [ RunTime:0.000108s ]
SQL: SELECT * FROM `menu` WHERE ( `parent_id` = 20 ) AND ( `show` = 1 ) ORDER BY `id` ASC  [ RunTime:0.000109s ]
SQL: SELECT * FROM `menu` WHERE ( `parent_id` = 40 ) AND ( `show` = 1 ) ORDER BY `id` ASC  [ RunTime:0.000107s ]
SQL: SELECT * FROM `menu` WHERE ( `parent_id` = 77 ) AND ( `show` = 1 ) ORDER BY `id` ASC  [ RunTime:0.000106s ]
SQL: SELECT * FROM `menu` WHERE ( `parent_id` = 60 ) AND ( `show` = 1 ) ORDER BY `id` ASC  [ RunTime:0.000104s ]
SQL: SELECT * FROM `menu` WHERE ( `parent_id` = 61 ) AND ( `show` = 1 ) ORDER BY `id` ASC  [ RunTime:0.000105s ]
SQL: SELECT * FROM `menu` WHERE ( `parent_id` = 75 ) AND ( `show` = 1 ) ORDER BY `id` ASC  [ RunTime:0.000102s ]
INFO: [ view_parse ] --START--
INFO: [ template_filter ] --START--
INFO: Run Behavior\ContentReplace [ RunTime:0.000032s ]
INFO: [ template_filter ] --END-- [ RunTime:0.000065s ]
INFO: Run Behavior\ParseTemplate [ RunTime:0.014777s ]
INFO: [ view_parse ] --END-- [ RunTime:0.014810s ]
INFO: [ view_filter ] --START--
INFO: Run Behavior\WriteHtmlCache [ RunTime:0.000081s ]
INFO: [ view_filter ] --END-- [ RunTime:0.000101s ]
INFO: [ app_end ] --START--
INFO: Run Behavior\ShowPageTrace [ RunTime:0.000044s ]
INFO: [ app_end ] --END-- [ RunTime:0.000065s ]

[ 2018-09-25T15:47:19+08:00 ] 192.168.1.103 /cxg/index.php?m=Admin&c=Setting&a=getMainEntranceRecordList
INFO: [ app_begin ] --START--
INFO: Run Behavior\ReadHtmlCache [ RunTime:0.000126s ]
INFO: [ app_begin ] --END-- [ RunTime:0.000239s ]
NOTIC: [8192] mysql_connect(): The mysql extension is deprecated and will be removed in the future: use mysqli or PDO instead /home/wwwroot/cxg/ThinkPHP/Library/Think/Db/Driver/Mysql.class.php 第 52 行.
SQL: SHOW COLUMNS FROM `member` [ RunTime:0.000394s ]
SQL: SELECT * FROM `member`  [ RunTime:0.000132s ]
SQL: SHOW COLUMNS FROM `main_entrance_record` [ RunTime:0.000447s ]
SQL: SELECT * FROM `main_entrance_record` ORDER BY `id` DESC LIMIT 0,100   [ RunTime:0.000162s ]

