[ 2018-10-21T10:31:37+08:00 ] 192.168.1.104 /cxg/
INFO: [ app_begin ] --START--
INFO: Run Behavior\ReadHtmlCache [ RunTime:0.000518s ]
INFO: [ app_begin ] --END-- [ RunTime:0.000934s ]
INFO: [ view_parse ] --START--
INFO: [ template_filter ] --START--
INFO: Run Behavior\ContentReplace [ RunTime:0.000110s ]
INFO: [ template_filter ] --END-- [ RunTime:0.000238s ]
INFO: Run Behavior\ParseTemplate [ RunTime:0.004990s ]
INFO: [ view_parse ] --END-- [ RunTime:0.005139s ]
INFO: [ view_filter ] --START--
INFO: Run Behavior\WriteHtmlCache [ RunTime:0.000215s ]
INFO: [ view_filter ] --END-- [ RunTime:0.000283s ]

[ 2018-10-21T10:31:47+08:00 ] 192.168.1.104 /cxg/index.php?m=Home&c=Log&a=dolog
INFO: [ app_begin ] --START--
INFO: Run Behavior\ReadHtmlCache [ RunTime:0.000103s ]
INFO: [ app_begin ] --END-- [ RunTime:0.000202s ]
NOTIC: [8192] mysql_connect(): The mysql extension is deprecated and will be removed in the future: use mysqli or PDO instead /home/wwwroot/cxg/ThinkPHP/Library/Think/Db/Driver/Mysql.class.php 第 52 行.
SQL: SHOW COLUMNS FROM `member` [ RunTime:0.037821s ]
SQL: SELECT * FROM `member` WHERE ( `name` = 'yinianyi' ) AND ( `password` = 'e10adc3949ba59abbe56e057f20f883e' ) LIMIT 0,100   [ RunTime:0.001035s ]

[ 2018-10-21T10:31:47+08:00 ] 192.168.1.104 /cxg/
INFO: [ app_begin ] --START--
INFO: Run Behavior\ReadHtmlCache [ RunTime:0.000119s ]
INFO: [ app_begin ] --END-- [ RunTime:0.000223s ]
NOTIC: [8] Undefined index: act /home/wwwroot/cxg/Application/Home/Controller/IndexController.class.php 第 18 行.
NOTIC: [8192] mysql_connect(): The mysql extension is deprecated and will be removed in the future: use mysqli or PDO instead /home/wwwroot/cxg/ThinkPHP/Library/Think/Db/Driver/Mysql.class.php 第 52 行.
SQL: SHOW COLUMNS FROM `menu` [ RunTime:0.003843s ]
SQL: SELECT * FROM `menu` WHERE ( `parent_id` = 0 ) AND ( `type` = 1 ) LIMIT 0,100   [ RunTime:0.013431s ]
SQL: SELECT * FROM `menu` WHERE ( `parent_id` = 0 ) AND ( `show` = 1 ) ORDER BY `id` ASC  [ RunTime:0.000718s ]
SQL: SELECT * FROM `menu` WHERE ( `parent_id` = 1 ) AND ( `show` = 1 ) ORDER BY `id` ASC  [ RunTime:0.000402s ]
SQL: SELECT * FROM `menu` WHERE ( `parent_id` = 8 ) AND ( `show` = 1 ) ORDER BY `id` ASC  [ RunTime:0.000380s ]
SQL: SELECT * FROM `menu` WHERE ( `parent_id` = 2 ) AND ( `show` = 1 ) ORDER BY `id` ASC  [ RunTime:0.000974s ]
SQL: SELECT * FROM `menu` WHERE ( `parent_id` = 9 ) AND ( `show` = 1 ) ORDER BY `id` ASC  [ RunTime:0.000476s ]
SQL: SELECT * FROM `menu` WHERE ( `parent_id` = 3 ) AND ( `show` = 1 ) ORDER BY `id` ASC  [ RunTime:0.000539s ]
SQL: SELECT * FROM `menu` WHERE ( `parent_id` = 10 ) AND ( `show` = 1 ) ORDER BY `id` ASC  [ RunTime:0.000564s ]
SQL: SELECT * FROM `menu` WHERE ( `parent_id` = 4 ) AND ( `show` = 1 ) ORDER BY `id` ASC  [ RunTime:0.000429s ]
SQL: SELECT * FROM `menu` WHERE ( `parent_id` = 11 ) AND ( `show` = 1 ) ORDER BY `id` ASC  [ RunTime:0.000384s ]
SQL: SELECT * FROM `menu` WHERE ( `parent_id` = 5 ) AND ( `show` = 1 ) ORDER BY `id` ASC  [ RunTime:0.000364s ]
SQL: SELECT * FROM `menu` WHERE ( `parent_id` = 12 ) AND ( `show` = 1 ) ORDER BY `id` ASC  [ RunTime:0.000598s ]
SQL: SELECT * FROM `menu` WHERE ( `parent_id` = 6 ) AND ( `show` = 1 ) ORDER BY `id` ASC  [ RunTime:0.000614s ]
SQL: SELECT * FROM `menu` WHERE ( `parent_id` = 13 ) AND ( `show` = 1 ) ORDER BY `id` ASC  [ RunTime:0.000836s ]
SQL: SELECT * FROM `menu` WHERE ( `parent_id` = 7 ) AND ( `show` = 1 ) ORDER BY `id` ASC  [ RunTime:0.000626s ]
SQL: SELECT * FROM `menu` WHERE ( `parent_id` = 14 ) AND ( `show` = 1 ) ORDER BY `id` ASC  [ RunTime:0.000482s ]
SQL: SELECT * FROM `menu` WHERE ( `parent_id` = 15 ) AND ( `show` = 1 ) ORDER BY `id` ASC  [ RunTime:0.000455s ]
SQL: SELECT * FROM `menu` WHERE ( `parent_id` = 16 ) AND ( `show` = 1 ) ORDER BY `id` ASC  [ RunTime:0.000375s ]
SQL: SELECT * FROM `menu` WHERE ( `parent_id` = 17 ) AND ( `show` = 1 ) ORDER BY `id` ASC  [ RunTime:0.000373s ]
SQL: SELECT * FROM `menu` WHERE ( `parent_id` = 18 ) AND ( `show` = 1 ) ORDER BY `id` ASC  [ RunTime:0.000365s ]
SQL: SELECT * FROM `menu` WHERE ( `parent_id` = 19 ) AND ( `show` = 1 ) ORDER BY `id` ASC  [ RunTime:0.000370s ]
SQL: SELECT * FROM `menu` WHERE ( `parent_id` = 20 ) AND ( `show` = 1 ) ORDER BY `id` ASC  [ RunTime:0.000397s ]
SQL: SELECT * FROM `menu` WHERE ( `parent_id` = 40 ) AND ( `show` = 1 ) ORDER BY `id` ASC  [ RunTime:0.000367s ]
SQL: SELECT * FROM `menu` WHERE ( `parent_id` = 77 ) AND ( `show` = 1 ) ORDER BY `id` ASC  [ RunTime:0.000367s ]
SQL: SELECT * FROM `menu` WHERE ( `parent_id` = 60 ) AND ( `show` = 1 ) ORDER BY `id` ASC  [ RunTime:0.000394s ]
SQL: SELECT * FROM `menu` WHERE ( `parent_id` = 61 ) AND ( `show` = 1 ) ORDER BY `id` ASC  [ RunTime:0.000368s ]
SQL: SELECT * FROM `menu` WHERE ( `parent_id` = 64 ) AND ( `show` = 1 ) ORDER BY `id` ASC  [ RunTime:0.000366s ]
SQL: SELECT * FROM `menu` WHERE ( `parent_id` = 65 ) AND ( `show` = 1 ) ORDER BY `id` ASC  [ RunTime:0.000459s ]
SQL: SELECT * FROM `menu` WHERE ( `parent_id` = 75 ) AND ( `show` = 1 ) ORDER BY `id` ASC  [ RunTime:0.000439s ]
INFO: [ view_parse ] --START--
INFO: [ template_filter ] --START--
INFO: Run Behavior\ContentReplace [ RunTime:0.000082s ]
INFO: [ template_filter ] --END-- [ RunTime:0.000181s ]
NOTIC: [8] Undefined index: sub_menu /home/wwwroot/cxg/Application/Runtime/Cache/Home/2a94b8bda04ff446dcedd42276fc99ee.php 第 41 行.
INFO: Run Behavior\ParseTemplate [ RunTime:0.011863s ]
INFO: [ view_parse ] --END-- [ RunTime:0.011954s ]
INFO: [ view_filter ] --START--
INFO: Run Behavior\WriteHtmlCache [ RunTime:0.000139s ]
INFO: [ view_filter ] --END-- [ RunTime:0.000195s ]
INFO: [ app_end ] --START--
INFO: Run Behavior\ShowPageTrace [ RunTime:0.000171s ]
INFO: [ app_end ] --END-- [ RunTime:0.000239s ]

[ 2018-10-21T10:31:49+08:00 ] 192.168.1.104 /cxg/index.php?m=Home&c=Index&a=index&act=64.66
INFO: [ app_begin ] --START--
INFO: Run Behavior\ReadHtmlCache [ RunTime:0.000493s ]
INFO: [ app_begin ] --END-- [ RunTime:0.000671s ]
NOTIC: [8192] mysql_connect(): The mysql extension is deprecated and will be removed in the future: use mysqli or PDO instead /home/wwwroot/cxg/ThinkPHP/Library/Think/Db/Driver/Mysql.class.php 第 52 行.
SQL: SHOW COLUMNS FROM `menu` [ RunTime:0.001337s ]
SQL: SELECT * FROM `menu` WHERE ( `parent_id` = 0 ) AND ( `type` = 1 ) LIMIT 0,100   [ RunTime:0.000691s ]
SQL: SELECT * FROM `menu` WHERE ( `parent_id` = 0 ) AND ( `show` = 1 ) ORDER BY `id` ASC  [ RunTime:0.002297s ]
SQL: SELECT * FROM `menu` WHERE ( `parent_id` = 1 ) AND ( `show` = 1 ) ORDER BY `id` ASC  [ RunTime:0.000858s ]
SQL: SELECT * FROM `menu` WHERE ( `parent_id` = 8 ) AND ( `show` = 1 ) ORDER BY `id` ASC  [ RunTime:0.000593s ]
SQL: SELECT * FROM `menu` WHERE ( `parent_id` = 2 ) AND ( `show` = 1 ) ORDER BY `id` ASC  [ RunTime:0.000542s ]
SQL: SELECT * FROM `menu` WHERE ( `parent_id` = 9 ) AND ( `show` = 1 ) ORDER BY `id` ASC  [ RunTime:0.000663s ]
SQL: SELECT * FROM `menu` WHERE ( `parent_id` = 3 ) AND ( `show` = 1 ) ORDER BY `id` ASC  [ RunTime:0.000534s ]
SQL: SELECT * FROM `menu` WHERE ( `parent_id` = 10 ) AND ( `show` = 1 ) ORDER BY `id` ASC  [ RunTime:0.000530s ]
SQL: SELECT * FROM `menu` WHERE ( `parent_id` = 4 ) AND ( `show` = 1 ) ORDER BY `id` ASC  [ RunTime:0.000761s ]
SQL: SELECT * FROM `menu` WHERE ( `parent_id` = 11 ) AND ( `show` = 1 ) ORDER BY `id` ASC  [ RunTime:0.000610s ]
SQL: SELECT * FROM `menu` WHERE ( `parent_id` = 5 ) AND ( `show` = 1 ) ORDER BY `id` ASC  [ RunTime:0.000526s ]
SQL: SELECT * FROM `menu` WHERE ( `parent_id` = 12 ) AND ( `show` = 1 ) ORDER BY `id` ASC  [ RunTime:0.000531s ]
SQL: SELECT * FROM `menu` WHERE ( `parent_id` = 6 ) AND ( `show` = 1 ) ORDER BY `id` ASC  [ RunTime:0.000604s ]
SQL: SELECT * FROM `menu` WHERE ( `parent_id` = 13 ) AND ( `show` = 1 ) ORDER BY `id` ASC  [ RunTime:0.000574s ]
SQL: SELECT * FROM `menu` WHERE ( `parent_id` = 7 ) AND ( `show` = 1 ) ORDER BY `id` ASC  [ RunTime:0.000852s ]
SQL: SELECT * FROM `menu` WHERE ( `parent_id` = 14 ) AND ( `show` = 1 ) ORDER BY `id` ASC  [ RunTime:0.002521s ]
SQL: SELECT * FROM `menu` WHERE ( `parent_id` = 15 ) AND ( `show` = 1 ) ORDER BY `id` ASC  [ RunTime:0.000611s ]
SQL: SELECT * FROM `menu` WHERE ( `parent_id` = 16 ) AND ( `show` = 1 ) ORDER BY `id` ASC  [ RunTime:0.000451s ]
SQL: SELECT * FROM `menu` WHERE ( `parent_id` = 17 ) AND ( `show` = 1 ) ORDER BY `id` ASC  [ RunTime:0.000348s ]
SQL: SELECT * FROM `menu` WHERE ( `parent_id` = 18 ) AND ( `show` = 1 ) ORDER BY `id` ASC  [ RunTime:0.000335s ]
SQL: SELECT * FROM `menu` WHERE ( `parent_id` = 19 ) AND ( `show` = 1 ) ORDER BY `id` ASC  [ RunTime:0.000393s ]
SQL: SELECT * FROM `menu` WHERE ( `parent_id` = 20 ) AND ( `show` = 1 ) ORDER BY `id` ASC  [ RunTime:0.000333s ]
SQL: SELECT * FROM `menu` WHERE ( `parent_id` = 40 ) AND ( `show` = 1 ) ORDER BY `id` ASC  [ RunTime:0.000319s ]
SQL: SELECT * FROM `menu` WHERE ( `parent_id` = 77 ) AND ( `show` = 1 ) ORDER BY `id` ASC  [ RunTime:0.000328s ]
SQL: SELECT * FROM `menu` WHERE ( `parent_id` = 60 ) AND ( `show` = 1 ) ORDER BY `id` ASC  [ RunTime:0.000813s ]
SQL: SELECT * FROM `menu` WHERE ( `parent_id` = 61 ) AND ( `show` = 1 ) ORDER BY `id` ASC  [ RunTime:0.000461s ]
SQL: SELECT * FROM `menu` WHERE ( `parent_id` = 64 ) AND ( `show` = 1 ) ORDER BY `id` ASC  [ RunTime:0.000339s ]
SQL: SELECT * FROM `menu` WHERE ( `parent_id` = 65 ) AND ( `show` = 1 ) ORDER BY `id` ASC  [ RunTime:0.000325s ]
SQL: SELECT * FROM `menu` WHERE ( `parent_id` = 75 ) AND ( `show` = 1 ) ORDER BY `id` ASC  [ RunTime:0.001089s ]
INFO: [ view_parse ] --START--
INFO: [ template_filter ] --START--
INFO: Run Behavior\ContentReplace [ RunTime:0.000071s ]
INFO: [ template_filter ] --END-- [ RunTime:0.000153s ]
NOTIC: [8] Undefined index: sub_menu /home/wwwroot/cxg/Application/Runtime/Cache/Home/2a94b8bda04ff446dcedd42276fc99ee.php 第 41 行.
INFO: Run Behavior\ParseTemplate [ RunTime:0.008333s ]
INFO: [ view_parse ] --END-- [ RunTime:0.008392s ]
INFO: [ view_filter ] --START--
INFO: Run Behavior\WriteHtmlCache [ RunTime:0.000113s ]
INFO: [ view_filter ] --END-- [ RunTime:0.000161s ]
INFO: [ app_end ] --START--
INFO: Run Behavior\ShowPageTrace [ RunTime:0.000160s ]
INFO: [ app_end ] --END-- [ RunTime:0.000253s ]

[ 2018-10-21T10:31:49+08:00 ] 192.168.1.104 /cxg/index.php?m=Home&c=Leave&a=index&id=64.66
INFO: [ app_begin ] --START--
INFO: Run Behavior\ReadHtmlCache [ RunTime:0.000105s ]
INFO: [ app_begin ] --END-- [ RunTime:0.000194s ]
NOTIC: [8192] mysql_connect(): The mysql extension is deprecated and will be removed in the future: use mysqli or PDO instead /home/wwwroot/cxg/ThinkPHP/Library/Think/Db/Driver/Mysql.class.php 第 52 行.
SQL: SHOW COLUMNS FROM `menu` [ RunTime:0.000825s ]
SQL: SHOW COLUMNS FROM `menu` [ RunTime:0.000704s ]
SQL: SELECT * FROM `menu` WHERE ( `parent_id` = 64 ) AND ( `type` = 1 ) LIMIT 0,100   [ RunTime:0.000367s ]
SQL: SELECT * FROM `menu` WHERE ( `id` = 66 ) AND ( `type` = 1 ) LIMIT 0,100   [ RunTime:0.000406s ]
SQL: SHOW COLUMNS FROM `menu` [ RunTime:0.000752s ]
SQL: SELECT * FROM `menu` WHERE ( `parent_id` = 0 ) AND ( `type` = 1 ) LIMIT 0,100   [ RunTime:0.000557s ]
SQL: SELECT * FROM `menu` WHERE ( `parent_id` = 0 ) AND ( `show` = 1 ) ORDER BY `id` ASC  [ RunTime:0.000631s ]
SQL: SELECT * FROM `menu` WHERE ( `parent_id` = 1 ) AND ( `show` = 1 ) ORDER BY `id` ASC  [ RunTime:0.000835s ]
SQL: SELECT * FROM `menu` WHERE ( `parent_id` = 8 ) AND ( `show` = 1 ) ORDER BY `id` ASC  [ RunTime:0.000750s ]
SQL: SELECT * FROM `menu` WHERE ( `parent_id` = 2 ) AND ( `show` = 1 ) ORDER BY `id` ASC  [ RunTime:0.000433s ]
SQL: SELECT * FROM `menu` WHERE ( `parent_id` = 9 ) AND ( `show` = 1 ) ORDER BY `id` ASC  [ RunTime:0.000503s ]
SQL: SELECT * FROM `menu` WHERE ( `parent_id` = 3 ) AND ( `show` = 1 ) ORDER BY `id` ASC  [ RunTime:0.000526s ]
SQL: SELECT * FROM `menu` WHERE ( `parent_id` = 10 ) AND ( `show` = 1 ) ORDER BY `id` ASC  [ RunTime:0.000505s ]
SQL: SELECT * FROM `menu` WHERE ( `parent_id` = 4 ) AND ( `show` = 1 ) ORDER BY `id` ASC  [ RunTime:0.000485s ]
SQL: SELECT * FROM `menu` WHERE ( `parent_id` = 11 ) AND ( `show` = 1 ) ORDER BY `id` ASC  [ RunTime:0.000463s ]
SQL: SELECT * FROM `menu` WHERE ( `parent_id` = 5 ) AND ( `show` = 1 ) ORDER BY `id` ASC  [ RunTime:0.000460s ]
SQL: SELECT * FROM `menu` WHERE ( `parent_id` = 12 ) AND ( `show` = 1 ) ORDER BY `id` ASC  [ RunTime:0.000520s ]
SQL: SELECT * FROM `menu` WHERE ( `parent_id` = 6 ) AND ( `show` = 1 ) ORDER BY `id` ASC  [ RunTime:0.000500s ]
SQL: SELECT * FROM `menu` WHERE ( `parent_id` = 13 ) AND ( `show` = 1 ) ORDER BY `id` ASC  [ RunTime:0.000353s ]
SQL: SELECT * FROM `menu` WHERE ( `parent_id` = 7 ) AND ( `show` = 1 ) ORDER BY `id` ASC  [ RunTime:0.000441s ]
SQL: SELECT * FROM `menu` WHERE ( `parent_id` = 14 ) AND ( `show` = 1 ) ORDER BY `id` ASC  [ RunTime:0.000324s ]
SQL: SELECT * FROM `menu` WHERE ( `parent_id` = 15 ) AND ( `show` = 1 ) ORDER BY `id` ASC  [ RunTime:0.000318s ]
SQL: SELECT * FROM `menu` WHERE ( `parent_id` = 16 ) AND ( `show` = 1 ) ORDER BY `id` ASC  [ RunTime:0.000310s ]
SQL: SELECT * FROM `menu` WHERE ( `parent_id` = 17 ) AND ( `show` = 1 ) ORDER BY `id` ASC  [ RunTime:0.000425s ]
SQL: SELECT * FROM `menu` WHERE ( `parent_id` = 18 ) AND ( `show` = 1 ) ORDER BY `id` ASC  [ RunTime:0.000444s ]
SQL: SELECT * FROM `menu` WHERE ( `parent_id` = 19 ) AND ( `show` = 1 ) ORDER BY `id` ASC  [ RunTime:0.000446s ]
SQL: SELECT * FROM `menu` WHERE ( `parent_id` = 20 ) AND ( `show` = 1 ) ORDER BY `id` ASC  [ RunTime:0.000439s ]
SQL: SELECT * FROM `menu` WHERE ( `parent_id` = 40 ) AND ( `show` = 1 ) ORDER BY `id` ASC  [ RunTime:0.000469s ]
SQL: SELECT * FROM `menu` WHERE ( `parent_id` = 77 ) AND ( `show` = 1 ) ORDER BY `id` ASC  [ RunTime:0.000428s ]
SQL: SELECT * FROM `menu` WHERE ( `parent_id` = 60 ) AND ( `show` = 1 ) ORDER BY `id` ASC  [ RunTime:0.000765s ]
SQL: SELECT * FROM `menu` WHERE ( `parent_id` = 61 ) AND ( `show` = 1 ) ORDER BY `id` ASC  [ RunTime:0.000369s ]
SQL: SELECT * FROM `menu` WHERE ( `parent_id` = 64 ) AND ( `show` = 1 ) ORDER BY `id` ASC  [ RunTime:0.000321s ]
SQL: SELECT * FROM `menu` WHERE ( `parent_id` = 65 ) AND ( `show` = 1 ) ORDER BY `id` ASC  [ RunTime:0.000312s ]
SQL: SELECT * FROM `menu` WHERE ( `parent_id` = 75 ) AND ( `show` = 1 ) ORDER BY `id` ASC  [ RunTime:0.000374s ]
INFO: [ view_parse ] --START--
INFO: [ template_filter ] --START--
INFO: Run Behavior\ContentReplace [ RunTime:0.000098s ]
INFO: [ template_filter ] --END-- [ RunTime:0.000173s ]
NOTIC: [8] Undefined index: leader /home/wwwroot/cxg/Application/Runtime/Cache/Home/39301f57052b2a819ea6707569306cdc.php 第 55 行.
NOTIC: [8] Undefined index: sub_menu /home/wwwroot/cxg/Application/Runtime/Cache/Home/39301f57052b2a819ea6707569306cdc.php 第 206 行.
INFO: Run Behavior\ParseTemplate [ RunTime:0.017956s ]
INFO: [ view_parse ] --END-- [ RunTime:0.018056s ]
INFO: [ view_filter ] --START--
INFO: Run Behavior\WriteHtmlCache [ RunTime:0.000188s ]
INFO: [ view_filter ] --END-- [ RunTime:0.000265s ]
INFO: [ app_end ] --START--
INFO: Run Behavior\ShowPageTrace [ RunTime:0.000258s ]
INFO: [ app_end ] --END-- [ RunTime:0.000369s ]

[ 2018-10-21T10:31:50+08:00 ] 192.168.1.104 /cxg/index.php?m=Home&c=Leave&a=getMyselfLeaveRecord
INFO: [ app_begin ] --START--
INFO: Run Behavior\ReadHtmlCache [ RunTime:0.000096s ]
INFO: [ app_begin ] --END-- [ RunTime:0.000177s ]
NOTIC: [8192] mysql_connect(): The mysql extension is deprecated and will be removed in the future: use mysqli or PDO instead /home/wwwroot/cxg/ThinkPHP/Library/Think/Db/Driver/Mysql.class.php 第 52 行.
SQL: SHOW COLUMNS FROM `teacher_leave` [ RunTime:0.024964s ]
SQL: SHOW COLUMNS FROM `member` [ RunTime:0.001815s ]
SQL: SHOW COLUMNS FROM `leader` [ RunTime:0.017342s ]
SQL: SELECT * FROM `member` WHERE ( `id` = 4 ) LIMIT 0,100   [ RunTime:0.000313s ]
SQL: SELECT * FROM `leader` WHERE ( `uname` = 'yinianyi' ) LIMIT 0,100   [ RunTime:0.016348s ]
SQL: SELECT * FROM `teacher_leave` WHERE ( `teacher_id` = 1 ) ORDER BY `id` DESC LIMIT 0,100   [ RunTime:0.000697s ]
SQL: SHOW COLUMNS FROM `leader` [ RunTime:0.001241s ]
SQL: SELECT `id`,`name`,`year_id`,`note`,`uname` FROM `leader`  [ RunTime:0.000564s ]

[ 2018-10-21T10:31:51+08:00 ] 192.168.1.104 /cxg/index.php?m=Home&c=Leave&a=index&id=64.68
INFO: [ app_begin ] --START--
INFO: Run Behavior\ReadHtmlCache [ RunTime:0.000098s ]
INFO: [ app_begin ] --END-- [ RunTime:0.000184s ]
NOTIC: [8192] mysql_connect(): The mysql extension is deprecated and will be removed in the future: use mysqli or PDO instead /home/wwwroot/cxg/ThinkPHP/Library/Think/Db/Driver/Mysql.class.php 第 52 行.
SQL: SHOW COLUMNS FROM `menu` [ RunTime:0.000952s ]
SQL: SHOW COLUMNS FROM `menu` [ RunTime:0.000709s ]
SQL: SELECT * FROM `menu` WHERE ( `parent_id` = 64 ) AND ( `type` = 1 ) LIMIT 0,100   [ RunTime:0.000397s ]
SQL: SELECT * FROM `menu` WHERE ( `id` = 68 ) AND ( `type` = 1 ) LIMIT 0,100   [ RunTime:0.000320s ]
SQL: SHOW COLUMNS FROM `menu` [ RunTime:0.001060s ]
SQL: SELECT * FROM `menu` WHERE ( `parent_id` = 0 ) AND ( `type` = 1 ) LIMIT 0,100   [ RunTime:0.000500s ]
SQL: SELECT * FROM `menu` WHERE ( `parent_id` = 0 ) AND ( `show` = 1 ) ORDER BY `id` ASC  [ RunTime:0.000420s ]
SQL: SELECT * FROM `menu` WHERE ( `parent_id` = 1 ) AND ( `show` = 1 ) ORDER BY `id` ASC  [ RunTime:0.000326s ]
SQL: SELECT * FROM `menu` WHERE ( `parent_id` = 8 ) AND ( `show` = 1 ) ORDER BY `id` ASC  [ RunTime:0.000316s ]
SQL: SELECT * FROM `menu` WHERE ( `parent_id` = 2 ) AND ( `show` = 1 ) ORDER BY `id` ASC  [ RunTime:0.000512s ]
SQL: SELECT * FROM `menu` WHERE ( `parent_id` = 9 ) AND ( `show` = 1 ) ORDER BY `id` ASC  [ RunTime:0.000389s ]
SQL: SELECT * FROM `menu` WHERE ( `parent_id` = 3 ) AND ( `show` = 1 ) ORDER BY `id` ASC  [ RunTime:0.000313s ]
SQL: SELECT * FROM `menu` WHERE ( `parent_id` = 10 ) AND ( `show` = 1 ) ORDER BY `id` ASC  [ RunTime:0.000310s ]
SQL: SELECT * FROM `menu` WHERE ( `parent_id` = 4 ) AND ( `show` = 1 ) ORDER BY `id` ASC  [ RunTime:0.000302s ]
SQL: SELECT * FROM `menu` WHERE ( `parent_id` = 11 ) AND ( `show` = 1 ) ORDER BY `id` ASC  [ RunTime:0.000306s ]
SQL: SELECT * FROM `menu` WHERE ( `parent_id` = 5 ) AND ( `show` = 1 ) ORDER BY `id` ASC  [ RunTime:0.000321s ]
SQL: SELECT * FROM `menu` WHERE ( `parent_id` = 12 ) AND ( `show` = 1 ) ORDER BY `id` ASC  [ RunTime:0.000309s ]
SQL: SELECT * FROM `menu` WHERE ( `parent_id` = 6 ) AND ( `show` = 1 ) ORDER BY `id` ASC  [ RunTime:0.000300s ]
SQL: SELECT * FROM `menu` WHERE ( `parent_id` = 13 ) AND ( `show` = 1 ) ORDER BY `id` ASC  [ RunTime:0.000301s ]
SQL: SELECT * FROM `menu` WHERE ( `parent_id` = 7 ) AND ( `show` = 1 ) ORDER BY `id` ASC  [ RunTime:0.000449s ]
SQL: SELECT * FROM `menu` WHERE ( `parent_id` = 14 ) AND ( `show` = 1 ) ORDER BY `id` ASC  [ RunTime:0.000322s ]
SQL: SELECT * FROM `menu` WHERE ( `parent_id` = 15 ) AND ( `show` = 1 ) ORDER BY `id` ASC  [ RunTime:0.000309s ]
SQL: SELECT * FROM `menu` WHERE ( `parent_id` = 16 ) AND ( `show` = 1 ) ORDER BY `id` ASC  [ RunTime:0.000299s ]
SQL: SELECT * FROM `menu` WHERE ( `parent_id` = 17 ) AND ( `show` = 1 ) ORDER BY `id` ASC  [ RunTime:0.000300s ]
SQL: SELECT * FROM `menu` WHERE ( `parent_id` = 18 ) AND ( `show` = 1 ) ORDER BY `id` ASC  [ RunTime:0.000695s ]
SQL: SELECT * FROM `menu` WHERE ( `parent_id` = 19 ) AND ( `show` = 1 ) ORDER BY `id` ASC  [ RunTime:0.000479s ]
SQL: SELECT * FROM `menu` WHERE ( `parent_id` = 20 ) AND ( `show` = 1 ) ORDER BY `id` ASC  [ RunTime:0.000363s ]
SQL: SELECT * FROM `menu` WHERE ( `parent_id` = 40 ) AND ( `show` = 1 ) ORDER BY `id` ASC  [ RunTime:0.000775s ]
SQL: SELECT * FROM `menu` WHERE ( `parent_id` = 77 ) AND ( `show` = 1 ) ORDER BY `id` ASC  [ RunTime:0.000515s ]
SQL: SELECT * FROM `menu` WHERE ( `parent_id` = 60 ) AND ( `show` = 1 ) ORDER BY `id` ASC  [ RunTime:0.000360s ]
SQL: SELECT * FROM `menu` WHERE ( `parent_id` = 61 ) AND ( `show` = 1 ) ORDER BY `id` ASC  [ RunTime:0.000340s ]
SQL: SELECT * FROM `menu` WHERE ( `parent_id` = 64 ) AND ( `show` = 1 ) ORDER BY `id` ASC  [ RunTime:0.000284s ]
SQL: SELECT * FROM `menu` WHERE ( `parent_id` = 65 ) AND ( `show` = 1 ) ORDER BY `id` ASC  [ RunTime:0.000270s ]
SQL: SELECT * FROM `menu` WHERE ( `parent_id` = 75 ) AND ( `show` = 1 ) ORDER BY `id` ASC  [ RunTime:0.000262s ]
INFO: [ view_parse ] --START--
INFO: [ template_filter ] --START--
INFO: Run Behavior\ContentReplace [ RunTime:0.000065s ]
INFO: [ template_filter ] --END-- [ RunTime:0.000119s ]
NOTIC: [8] Undefined index: leader /home/wwwroot/cxg/Application/Runtime/Cache/Home/e875369546b735d99d46328d19498bb6.php 第 87 行.
NOTIC: [8] Undefined index: sub_menu /home/wwwroot/cxg/Application/Runtime/Cache/Home/e875369546b735d99d46328d19498bb6.php 第 159 行.
INFO: Run Behavior\ParseTemplate [ RunTime:0.022490s ]
INFO: [ view_parse ] --END-- [ RunTime:0.022544s ]
INFO: [ view_filter ] --START--
INFO: Run Behavior\WriteHtmlCache [ RunTime:0.000071s ]
INFO: [ view_filter ] --END-- [ RunTime:0.000101s ]
INFO: [ app_end ] --START--
INFO: Run Behavior\ShowPageTrace [ RunTime:0.000093s ]
INFO: [ app_end ] --END-- [ RunTime:0.000139s ]

[ 2018-10-21T10:31:59+08:00 ] 192.168.1.104 /cxg/index.php?m=Home&c=Index&a=index&act=64.67
INFO: [ app_begin ] --START--
INFO: Run Behavior\ReadHtmlCache [ RunTime:0.000048s ]
INFO: [ app_begin ] --END-- [ RunTime:0.000090s ]
NOTIC: [8192] mysql_connect(): The mysql extension is deprecated and will be removed in the future: use mysqli or PDO instead /home/wwwroot/cxg/ThinkPHP/Library/Think/Db/Driver/Mysql.class.php 第 52 行.
SQL: SHOW COLUMNS FROM `menu` [ RunTime:0.000421s ]
SQL: SELECT * FROM `menu` WHERE ( `parent_id` = 0 ) AND ( `type` = 1 ) LIMIT 0,100   [ RunTime:0.000186s ]
SQL: SELECT * FROM `menu` WHERE ( `parent_id` = 0 ) AND ( `show` = 1 ) ORDER BY `id` ASC  [ RunTime:0.000167s ]
SQL: SELECT * FROM `menu` WHERE ( `parent_id` = 1 ) AND ( `show` = 1 ) ORDER BY `id` ASC  [ RunTime:0.000152s ]
SQL: SELECT * FROM `menu` WHERE ( `parent_id` = 8 ) AND ( `show` = 1 ) ORDER BY `id` ASC  [ RunTime:0.000146s ]
SQL: SELECT * FROM `menu` WHERE ( `parent_id` = 2 ) AND ( `show` = 1 ) ORDER BY `id` ASC  [ RunTime:0.000219s ]
SQL: SELECT * FROM `menu` WHERE ( `parent_id` = 9 ) AND ( `show` = 1 ) ORDER BY `id` ASC  [ RunTime:0.000147s ]
SQL: SELECT * FROM `menu` WHERE ( `parent_id` = 3 ) AND ( `show` = 1 ) ORDER BY `id` ASC  [ RunTime:0.000143s ]
SQL: SELECT * FROM `menu` WHERE ( `parent_id` = 10 ) AND ( `show` = 1 ) ORDER BY `id` ASC  [ RunTime:0.000142s ]
SQL: SELECT * FROM `menu` WHERE ( `parent_id` = 4 ) AND ( `show` = 1 ) ORDER BY `id` ASC  [ RunTime:0.000141s ]
SQL: SELECT * FROM `menu` WHERE ( `parent_id` = 11 ) AND ( `show` = 1 ) ORDER BY `id` ASC  [ RunTime:0.000143s ]
SQL: SELECT * FROM `menu` WHERE ( `parent_id` = 5 ) AND ( `show` = 1 ) ORDER BY `id` ASC  [ RunTime:0.000139s ]
SQL: SELECT * FROM `menu` WHERE ( `parent_id` = 12 ) AND ( `show` = 1 ) ORDER BY `id` ASC  [ RunTime:0.000142s ]
SQL: SELECT * FROM `menu` WHERE ( `parent_id` = 6 ) AND ( `show` = 1 ) ORDER BY `id` ASC  [ RunTime:0.000140s ]
SQL: SELECT * FROM `menu` WHERE ( `parent_id` = 13 ) AND ( `show` = 1 ) ORDER BY `id` ASC  [ RunTime:0.000141s ]
SQL: SELECT * FROM `menu` WHERE ( `parent_id` = 7 ) AND ( `show` = 1 ) ORDER BY `id` ASC  [ RunTime:0.000337s ]
SQL: SELECT * FROM `menu` WHERE ( `parent_id` = 14 ) AND ( `show` = 1 ) ORDER BY `id` ASC  [ RunTime:0.000244s ]
SQL: SELECT * FROM `menu` WHERE ( `parent_id` = 15 ) AND ( `show` = 1 ) ORDER BY `id` ASC  [ RunTime:0.000196s ]
SQL: SELECT * FROM `menu` WHERE ( `parent_id` = 16 ) AND ( `show` = 1 ) ORDER BY `id` ASC  [ RunTime:0.000455s ]
SQL: SELECT * FROM `menu` WHERE ( `parent_id` = 17 ) AND ( `show` = 1 ) ORDER BY `id` ASC  [ RunTime:0.000226s ]
SQL: SELECT * FROM `menu` WHERE ( `parent_id` = 18 ) AND ( `show` = 1 ) ORDER BY `id` ASC  [ RunTime:0.000180s ]
SQL: SELECT * FROM `menu` WHERE ( `parent_id` = 19 ) AND ( `show` = 1 ) ORDER BY `id` ASC  [ RunTime:0.000165s ]
SQL: SELECT * FROM `menu` WHERE ( `parent_id` = 20 ) AND ( `show` = 1 ) ORDER BY `id` ASC  [ RunTime:0.000151s ]
SQL: SELECT * FROM `menu` WHERE ( `parent_id` = 40 ) AND ( `show` = 1 ) ORDER BY `id` ASC  [ RunTime:0.000145s ]
SQL: SELECT * FROM `menu` WHERE ( `parent_id` = 77 ) AND ( `show` = 1 ) ORDER BY `id` ASC  [ RunTime:0.000147s ]
SQL: SELECT * FROM `menu` WHERE ( `parent_id` = 60 ) AND ( `show` = 1 ) ORDER BY `id` ASC  [ RunTime:0.000144s ]
SQL: SELECT * FROM `menu` WHERE ( `parent_id` = 61 ) AND ( `show` = 1 ) ORDER BY `id` ASC  [ RunTime:0.000145s ]
SQL: SELECT * FROM `menu` WHERE ( `parent_id` = 64 ) AND ( `show` = 1 ) ORDER BY `id` ASC  [ RunTime:0.000142s ]
SQL: SELECT * FROM `menu` WHERE ( `parent_id` = 65 ) AND ( `show` = 1 ) ORDER BY `id` ASC  [ RunTime:0.000144s ]
SQL: SELECT * FROM `menu` WHERE ( `parent_id` = 75 ) AND ( `show` = 1 ) ORDER BY `id` ASC  [ RunTime:0.000243s ]
INFO: [ view_parse ] --START--
INFO: [ template_filter ] --START--
INFO: Run Behavior\ContentReplace [ RunTime:0.000035s ]
INFO: [ template_filter ] --END-- [ RunTime:0.000074s ]
NOTIC: [8] Undefined index: sub_menu /home/wwwroot/cxg/Application/Runtime/Cache/Home/2a94b8bda04ff446dcedd42276fc99ee.php 第 41 行.
INFO: Run Behavior\ParseTemplate [ RunTime:0.004005s ]
INFO: [ view_parse ] --END-- [ RunTime:0.004039s ]
INFO: [ view_filter ] --START--
INFO: Run Behavior\WriteHtmlCache [ RunTime:0.000061s ]
INFO: [ view_filter ] --END-- [ RunTime:0.000083s ]
INFO: [ app_end ] --START--
INFO: Run Behavior\ShowPageTrace [ RunTime:0.000055s ]
INFO: [ app_end ] --END-- [ RunTime:0.000079s ]

[ 2018-10-21T10:31:59+08:00 ] 192.168.1.104 /cxg/index.php?m=Home&c=Leave&a=index&id=64.67
INFO: [ app_begin ] --START--
INFO: Run Behavior\ReadHtmlCache [ RunTime:0.000046s ]
INFO: [ app_begin ] --END-- [ RunTime:0.000088s ]
NOTIC: [8192] mysql_connect(): The mysql extension is deprecated and will be removed in the future: use mysqli or PDO instead /home/wwwroot/cxg/ThinkPHP/Library/Think/Db/Driver/Mysql.class.php 第 52 行.
SQL: SHOW COLUMNS FROM `menu` [ RunTime:0.000413s ]
SQL: SHOW COLUMNS FROM `menu` [ RunTime:0.000324s ]
SQL: SELECT * FROM `menu` WHERE ( `parent_id` = 64 ) AND ( `type` = 1 ) LIMIT 0,100   [ RunTime:0.000168s ]
SQL: SELECT * FROM `menu` WHERE ( `id` = 67 ) AND ( `type` = 1 ) LIMIT 0,100   [ RunTime:0.000110s ]
SQL: SHOW COLUMNS FROM `menu` [ RunTime:0.000346s ]
SQL: SELECT * FROM `menu` WHERE ( `parent_id` = 0 ) AND ( `type` = 1 ) LIMIT 0,100   [ RunTime:0.000153s ]
SQL: SELECT * FROM `menu` WHERE ( `parent_id` = 0 ) AND ( `show` = 1 ) ORDER BY `id` ASC  [ RunTime:0.000407s ]
SQL: SELECT * FROM `menu` WHERE ( `parent_id` = 1 ) AND ( `show` = 1 ) ORDER BY `id` ASC  [ RunTime:0.000289s ]
SQL: SELECT * FROM `menu` WHERE ( `parent_id` = 8 ) AND ( `show` = 1 ) ORDER BY `id` ASC  [ RunTime:0.000489s ]
SQL: SELECT * FROM `menu` WHERE ( `parent_id` = 2 ) AND ( `show` = 1 ) ORDER BY `id` ASC  [ RunTime:0.000360s ]
SQL: SELECT * FROM `menu` WHERE ( `parent_id` = 9 ) AND ( `show` = 1 ) ORDER BY `id` ASC  [ RunTime:0.000167s ]
SQL: SELECT * FROM `menu` WHERE ( `parent_id` = 3 ) AND ( `show` = 1 ) ORDER BY `id` ASC  [ RunTime:0.000147s ]
SQL: SELECT * FROM `menu` WHERE ( `parent_id` = 10 ) AND ( `show` = 1 ) ORDER BY `id` ASC  [ RunTime:0.000154s ]
SQL: SELECT * FROM `menu` WHERE ( `parent_id` = 4 ) AND ( `show` = 1 ) ORDER BY `id` ASC  [ RunTime:0.000143s ]
SQL: SELECT * FROM `menu` WHERE ( `parent_id` = 11 ) AND ( `show` = 1 ) ORDER BY `id` ASC  [ RunTime:0.000144s ]
SQL: SELECT * FROM `menu` WHERE ( `parent_id` = 5 ) AND ( `show` = 1 ) ORDER BY `id` ASC  [ RunTime:0.000142s ]
SQL: SELECT * FROM `menu` WHERE ( `parent_id` = 12 ) AND ( `show` = 1 ) ORDER BY `id` ASC  [ RunTime:0.000142s ]
SQL: SELECT * FROM `menu` WHERE ( `parent_id` = 6 ) AND ( `show` = 1 ) ORDER BY `id` ASC  [ RunTime:0.000142s ]
SQL: SELECT * FROM `menu` WHERE ( `parent_id` = 13 ) AND ( `show` = 1 ) ORDER BY `id` ASC  [ RunTime:0.000144s ]
SQL: SELECT * FROM `menu` WHERE ( `parent_id` = 7 ) AND ( `show` = 1 ) ORDER BY `id` ASC  [ RunTime:0.000517s ]
SQL: SELECT * FROM `menu` WHERE ( `parent_id` = 14 ) AND ( `show` = 1 ) ORDER BY `id` ASC  [ RunTime:0.000179s ]
SQL: SELECT * FROM `menu` WHERE ( `parent_id` = 15 ) AND ( `show` = 1 ) ORDER BY `id` ASC  [ RunTime:0.000152s ]
SQL: SELECT * FROM `menu` WHERE ( `parent_id` = 16 ) AND ( `show` = 1 ) ORDER BY `id` ASC  [ RunTime:0.000143s ]
SQL: SELECT * FROM `menu` WHERE ( `parent_id` = 17 ) AND ( `show` = 1 ) ORDER BY `id` ASC  [ RunTime:0.000144s ]
SQL: SELECT * FROM `menu` WHERE ( `parent_id` = 18 ) AND ( `show` = 1 ) ORDER BY `id` ASC  [ RunTime:0.000167s ]
SQL: SELECT * FROM `menu` WHERE ( `parent_id` = 19 ) AND ( `show` = 1 ) ORDER BY `id` ASC  [ RunTime:0.000207s ]
SQL: SELECT * FROM `menu` WHERE ( `parent_id` = 20 ) AND ( `show` = 1 ) ORDER BY `id` ASC  [ RunTime:0.000339s ]
SQL: SELECT * FROM `menu` WHERE ( `parent_id` = 40 ) AND ( `show` = 1 ) ORDER BY `id` ASC  [ RunTime:0.001224s ]
SQL: SELECT * FROM `menu` WHERE ( `parent_id` = 77 ) AND ( `show` = 1 ) ORDER BY `id` ASC  [ RunTime:0.000351s ]
SQL: SELECT * FROM `menu` WHERE ( `parent_id` = 60 ) AND ( `show` = 1 ) ORDER BY `id` ASC  [ RunTime:0.000213s ]
SQL: SELECT * FROM `menu` WHERE ( `parent_id` = 61 ) AND ( `show` = 1 ) ORDER BY `id` ASC  [ RunTime:0.000241s ]
SQL: SELECT * FROM `menu` WHERE ( `parent_id` = 64 ) AND ( `show` = 1 ) ORDER BY `id` ASC  [ RunTime:0.000169s ]
SQL: SELECT * FROM `menu` WHERE ( `parent_id` = 65 ) AND ( `show` = 1 ) ORDER BY `id` ASC  [ RunTime:0.000157s ]
SQL: SELECT * FROM `menu` WHERE ( `parent_id` = 75 ) AND ( `show` = 1 ) ORDER BY `id` ASC  [ RunTime:0.000153s ]
SQL: SHOW COLUMNS FROM `class_year` [ RunTime:0.035498s ]
SQL: SHOW COLUMNS FROM `member` [ RunTime:0.000509s ]
SQL: SELECT * FROM `member` WHERE ( `id` = 4 ) LIMIT 0,100   [ RunTime:0.000148s ]
SQL: SHOW COLUMNS FROM `manage` [ RunTime:0.017158s ]
SQL: SELECT * FROM `manage` WHERE ( `name` = 'yinianyi' ) LIMIT 0,100   [ RunTime:0.001919s ]
SQL: SELECT * FROM `class_year` LIMIT 0,100   [ RunTime:0.000511s ]
NOTIC: [8] Undefined index: typ /home/wwwroot/cxg/Application/Home/Controller/LeaveController.class.php 第 288 行.
INFO: [ view_parse ] --START--
INFO: [ template_filter ] --START--
INFO: Run Behavior\ContentReplace [ RunTime:0.000129s ]
INFO: [ template_filter ] --END-- [ RunTime:0.000200s ]
NOTIC: [8] Undefined index: stime /home/wwwroot/cxg/Application/Runtime/Cache/Home/4f9966b8304192587a78f169203febb2.php 第 76 行.
NOTIC: [8] Undefined index: etime /home/wwwroot/cxg/Application/Runtime/Cache/Home/4f9966b8304192587a78f169203febb2.php 第 77 行.
NOTIC: [8] Undefined index: sub_menu /home/wwwroot/cxg/Application/Runtime/Cache/Home/4f9966b8304192587a78f169203febb2.php 第 275 行.
INFO: Run Behavior\ParseTemplate [ RunTime:0.025068s ]
INFO: [ view_parse ] --END-- [ RunTime:0.025165s ]
INFO: [ view_filter ] --START--
INFO: Run Behavior\WriteHtmlCache [ RunTime:0.000098s ]
INFO: [ view_filter ] --END-- [ RunTime:0.000139s ]
INFO: [ app_end ] --START--
INFO: Run Behavior\ShowPageTrace [ RunTime:0.000094s ]
INFO: [ app_end ] --END-- [ RunTime:0.000139s ]

[ 2018-10-21T10:32:00+08:00 ] 192.168.1.104 /cxg/index.php?m=Home&c=Leave&a=stuRecord
INFO: [ app_begin ] --START--
INFO: Run Behavior\ReadHtmlCache [ RunTime:0.000173s ]
INFO: [ app_begin ] --END-- [ RunTime:0.000335s ]
NOTIC: [8192] mysql_connect(): The mysql extension is deprecated and will be removed in the future: use mysqli or PDO instead /home/wwwroot/cxg/ThinkPHP/Library/Think/Db/Driver/Mysql.class.php 第 52 行.
SQL: SHOW COLUMNS FROM `class_year` [ RunTime:0.001391s ]
SQL: SHOW COLUMNS FROM `member` [ RunTime:0.001450s ]
SQL: SELECT * FROM `member` WHERE ( `id` = 4 ) LIMIT 0,100   [ RunTime:0.000471s ]
SQL: SHOW COLUMNS FROM `manage` [ RunTime:0.001518s ]
SQL: SELECT * FROM `manage` WHERE ( `name` = 'yinianyi' ) LIMIT 0,100   [ RunTime:0.000480s ]
SQL: SELECT * FROM `class_year` LIMIT 0,100   [ RunTime:0.000610s ]
SQL: SHOW COLUMNS FROM `student_leave` [ RunTime:0.017739s ]
SQL: SELECT * FROM `student_leave` WHERE ( `status` = 5 ) ORDER BY `id` desc LIMIT 0,100   [ RunTime:0.001154s ]
SQL: SHOW COLUMNS FROM `student` [ RunTime:0.033574s ]
SQL: SELECT `id`,`name`,`iden`,`sex`,`class_id`,`dormitory_id`,`note`,`contact`,`contact_phone`,`bed_no` FROM `student`  [ RunTime:0.008328s ]
SQL: SHOW COLUMNS FROM `class` [ RunTime:0.034582s ]
SQL: SELECT * FROM `class` ORDER BY `name` ASC  [ RunTime:0.000641s ]

[ 2018-10-21T10:32:01+08:00 ] 192.168.1.104 /cxg/index.php?m=Home&c=Leave&a=index&id=64.69
INFO: [ app_begin ] --START--
INFO: Run Behavior\ReadHtmlCache [ RunTime:0.000105s ]
INFO: [ app_begin ] --END-- [ RunTime:0.000199s ]
NOTIC: [8192] mysql_connect(): The mysql extension is deprecated and will be removed in the future: use mysqli or PDO instead /home/wwwroot/cxg/ThinkPHP/Library/Think/Db/Driver/Mysql.class.php 第 52 行.
SQL: SHOW COLUMNS FROM `menu` [ RunTime:0.001012s ]
SQL: SHOW COLUMNS FROM `menu` [ RunTime:0.001005s ]
SQL: SELECT * FROM `menu` WHERE ( `parent_id` = 64 ) AND ( `type` = 1 ) LIMIT 0,100   [ RunTime:0.000362s ]
SQL: SELECT * FROM `menu` WHERE ( `id` = 69 ) AND ( `type` = 1 ) LIMIT 0,100   [ RunTime:0.000240s ]
SQL: SHOW COLUMNS FROM `menu` [ RunTime:0.000964s ]
SQL: SELECT * FROM `menu` WHERE ( `parent_id` = 0 ) AND ( `type` = 1 ) LIMIT 0,100   [ RunTime:0.000543s ]
SQL: SELECT * FROM `menu` WHERE ( `parent_id` = 0 ) AND ( `show` = 1 ) ORDER BY `id` ASC  [ RunTime:0.000511s ]
SQL: SELECT * FROM `menu` WHERE ( `parent_id` = 1 ) AND ( `show` = 1 ) ORDER BY `id` ASC  [ RunTime:0.000526s ]
SQL: SELECT * FROM `menu` WHERE ( `parent_id` = 8 ) AND ( `show` = 1 ) ORDER BY `id` ASC  [ RunTime:0.000625s ]
SQL: SELECT * FROM `menu` WHERE ( `parent_id` = 2 ) AND ( `show` = 1 ) ORDER BY `id` ASC  [ RunTime:0.000390s ]
SQL: SELECT * FROM `menu` WHERE ( `parent_id` = 9 ) AND ( `show` = 1 ) ORDER BY `id` ASC  [ RunTime:0.000371s ]
SQL: SELECT * FROM `menu` WHERE ( `parent_id` = 3 ) AND ( `show` = 1 ) ORDER BY `id` ASC  [ RunTime:0.000415s ]
SQL: SELECT * FROM `menu` WHERE ( `parent_id` = 10 ) AND ( `show` = 1 ) ORDER BY `id` ASC  [ RunTime:0.000445s ]
SQL: SELECT * FROM `menu` WHERE ( `parent_id` = 4 ) AND ( `show` = 1 ) ORDER BY `id` ASC  [ RunTime:0.000450s ]
SQL: SELECT * FROM `menu` WHERE ( `parent_id` = 11 ) AND ( `show` = 1 ) ORDER BY `id` ASC  [ RunTime:0.000337s ]
SQL: SELECT * FROM `menu` WHERE ( `parent_id` = 5 ) AND ( `show` = 1 ) ORDER BY `id` ASC  [ RunTime:0.000314s ]
SQL: SELECT * FROM `menu` WHERE ( `parent_id` = 12 ) AND ( `show` = 1 ) ORDER BY `id` ASC  [ RunTime:0.000313s ]
SQL: SELECT * FROM `menu` WHERE ( `parent_id` = 6 ) AND ( `show` = 1 ) ORDER BY `id` ASC  [ RunTime:0.000301s ]
SQL: SELECT * FROM `menu` WHERE ( `parent_id` = 13 ) AND ( `show` = 1 ) ORDER BY `id` ASC  [ RunTime:0.000330s ]
SQL: SELECT * FROM `menu` WHERE ( `parent_id` = 7 ) AND ( `show` = 1 ) ORDER BY `id` ASC  [ RunTime:0.000347s ]
SQL: SELECT * FROM `menu` WHERE ( `parent_id` = 14 ) AND ( `show` = 1 ) ORDER BY `id` ASC  [ RunTime:0.000311s ]
SQL: SELECT * FROM `menu` WHERE ( `parent_id` = 15 ) AND ( `show` = 1 ) ORDER BY `id` ASC  [ RunTime:0.000310s ]
SQL: SELECT * FROM `menu` WHERE ( `parent_id` = 16 ) AND ( `show` = 1 ) ORDER BY `id` ASC  [ RunTime:0.000449s ]
SQL: SELECT * FROM `menu` WHERE ( `parent_id` = 17 ) AND ( `show` = 1 ) ORDER BY `id` ASC  [ RunTime:0.000352s ]
SQL: SELECT * FROM `menu` WHERE ( `parent_id` = 18 ) AND ( `show` = 1 ) ORDER BY `id` ASC  [ RunTime:0.000315s ]
SQL: SELECT * FROM `menu` WHERE ( `parent_id` = 19 ) AND ( `show` = 1 ) ORDER BY `id` ASC  [ RunTime:0.000310s ]
SQL: SELECT * FROM `menu` WHERE ( `parent_id` = 20 ) AND ( `show` = 1 ) ORDER BY `id` ASC  [ RunTime:0.000393s ]
SQL: SELECT * FROM `menu` WHERE ( `parent_id` = 40 ) AND ( `show` = 1 ) ORDER BY `id` ASC  [ RunTime:0.000386s ]
SQL: SELECT * FROM `menu` WHERE ( `parent_id` = 77 ) AND ( `show` = 1 ) ORDER BY `id` ASC  [ RunTime:0.000356s ]
SQL: SELECT * FROM `menu` WHERE ( `parent_id` = 60 ) AND ( `show` = 1 ) ORDER BY `id` ASC  [ RunTime:0.000302s ]
SQL: SELECT * FROM `menu` WHERE ( `parent_id` = 61 ) AND ( `show` = 1 ) ORDER BY `id` ASC  [ RunTime:0.000306s ]
SQL: SELECT * FROM `menu` WHERE ( `parent_id` = 64 ) AND ( `show` = 1 ) ORDER BY `id` ASC  [ RunTime:0.000452s ]
SQL: SELECT * FROM `menu` WHERE ( `parent_id` = 65 ) AND ( `show` = 1 ) ORDER BY `id` ASC  [ RunTime:0.000550s ]
SQL: SELECT * FROM `menu` WHERE ( `parent_id` = 75 ) AND ( `show` = 1 ) ORDER BY `id` ASC  [ RunTime:0.000606s ]
NOTIC: [8] Undefined index: typ /home/wwwroot/cxg/Application/Home/Controller/LeaveController.class.php 第 338 行.
SQL: SHOW COLUMNS FROM `class_year` [ RunTime:0.000794s ]
SQL: SELECT * FROM `class_year` LIMIT 0,100   [ RunTime:0.000271s ]
INFO: [ view_parse ] --START--
INFO: [ template_filter ] --START--
INFO: Run Behavior\ContentReplace [ RunTime:0.000282s ]
INFO: [ template_filter ] --END-- [ RunTime:0.000418s ]
NOTIC: [8] Undefined index: sub_menu /home/wwwroot/cxg/Application/Runtime/Cache/Home/cd2607de60545ddfb3360fa041d67acc.php 第 422 行.
INFO: Run Behavior\ParseTemplate [ RunTime:0.014039s ]
INFO: [ view_parse ] --END-- [ RunTime:0.014119s ]
INFO: [ view_filter ] --START--
INFO: Run Behavior\WriteHtmlCache [ RunTime:0.000148s ]
INFO: [ view_filter ] --END-- [ RunTime:0.000214s ]
INFO: [ app_end ] --START--
INFO: Run Behavior\ShowPageTrace [ RunTime:0.000111s ]
INFO: [ app_end ] --END-- [ RunTime:0.000166s ]

[ 2018-10-21T10:32:04+08:00 ] 192.168.1.104 /cxg/index.php?m=Home&c=Leave&a=getClassByYear
INFO: [ app_begin ] --START--
INFO: Run Behavior\ReadHtmlCache [ RunTime:0.000062s ]
INFO: [ app_begin ] --END-- [ RunTime:0.000134s ]
NOTIC: [8192] mysql_connect(): The mysql extension is deprecated and will be removed in the future: use mysqli or PDO instead /home/wwwroot/cxg/ThinkPHP/Library/Think/Db/Driver/Mysql.class.php 第 52 行.
SQL: SHOW COLUMNS FROM `class` [ RunTime:0.000581s ]
SQL: SELECT * FROM `class` WHERE ( `year_id` = 1 ) LIMIT 0,100   [ RunTime:0.000247s ]

[ 2018-10-21T10:32:05+08:00 ] 192.168.1.104 /cxg/index.php?m=Home&c=Leave&a=getStudentByClass
INFO: [ app_begin ] --START--
INFO: Run Behavior\ReadHtmlCache [ RunTime:0.000130s ]
INFO: [ app_begin ] --END-- [ RunTime:0.000241s ]
NOTIC: [8192] mysql_connect(): The mysql extension is deprecated and will be removed in the future: use mysqli or PDO instead /home/wwwroot/cxg/ThinkPHP/Library/Think/Db/Driver/Mysql.class.php 第 52 行.
SQL: SHOW COLUMNS FROM `student` [ RunTime:0.001220s ]
SQL: SELECT `id`,`name`,`sex`,`iden`,`class_id`,`dormitory_id`,`note`,`contact`,`contact_phone`,`points`,`bed_no` FROM `student` WHERE ( `class_id` = 2 ) LIMIT 0,100   [ RunTime:0.000551s ]

