[ 2018-10-08T19:19:20+08:00 ] 192.168.1.108 /cxg/index.php?m=Home&c=Index&a=index&act=2.49
INFO: [ app_begin ] --START--
INFO: Run Behavior\ReadHtmlCache [ RunTime:0.000086s ]
INFO: [ app_begin ] --END-- [ RunTime:0.000216s ]
NOTIC: [8192] mysql_connect(): The mysql extension is deprecated and will be removed in the future: use mysqli or PDO instead /home/wwwroot/cxg/ThinkPHP/Library/Think/Db/Driver/Mysql.class.php 第 52 行.
SQL: SHOW COLUMNS FROM `warning` [ RunTime:0.000514s ]
SQL: SELECT * FROM `warning` WHERE ( `read` = 0 ) LIMIT 0,50   [ RunTime:0.000169s ]
SQL: SHOW COLUMNS FROM `menu` [ RunTime:0.000428s ]
SQL: SELECT * FROM `menu` WHERE ( `parent_id` = 0 ) AND ( `type` = 1 ) LIMIT 0,100   [ RunTime:0.000178s ]
SQL: SELECT * FROM `menu` WHERE ( `parent_id` = 0 ) AND ( `show` = 1 ) ORDER BY `id` ASC  [ RunTime:0.000196s ]
SQL: SELECT * FROM `menu` WHERE ( `parent_id` = 1 ) AND ( `show` = 1 ) ORDER BY `id` ASC  [ RunTime:0.000183s ]
SQL: SELECT * FROM `menu` WHERE ( `parent_id` = 8 ) AND ( `show` = 1 ) ORDER BY `id` ASC  [ RunTime:0.000154s ]
SQL: SELECT * FROM `menu` WHERE ( `parent_id` = 2 ) AND ( `show` = 1 ) ORDER BY `id` ASC  [ RunTime:0.000209s ]
SQL: SELECT * FROM `menu` WHERE ( `parent_id` = 9 ) AND ( `show` = 1 ) ORDER BY `id` ASC  [ RunTime:0.000153s ]
SQL: SELECT * FROM `menu` WHERE ( `parent_id` = 3 ) AND ( `show` = 1 ) ORDER BY `id` ASC  [ RunTime:0.000151s ]
SQL: SELECT * FROM `menu` WHERE ( `parent_id` = 10 ) AND ( `show` = 1 ) ORDER BY `id` ASC  [ RunTime:0.000150s ]
SQL: SELECT * FROM `menu` WHERE ( `parent_id` = 4 ) AND ( `show` = 1 ) ORDER BY `id` ASC  [ RunTime:0.000152s ]
SQL: SELECT * FROM `menu` WHERE ( `parent_id` = 11 ) AND ( `show` = 1 ) ORDER BY `id` ASC  [ RunTime:0.000152s ]
SQL: SELECT * FROM `menu` WHERE ( `parent_id` = 5 ) AND ( `show` = 1 ) ORDER BY `id` ASC  [ RunTime:0.000149s ]
SQL: SELECT * FROM `menu` WHERE ( `parent_id` = 12 ) AND ( `show` = 1 ) ORDER BY `id` ASC  [ RunTime:0.000162s ]
SQL: SELECT * FROM `menu` WHERE ( `parent_id` = 6 ) AND ( `show` = 1 ) ORDER BY `id` ASC  [ RunTime:0.000149s ]
SQL: SELECT * FROM `menu` WHERE ( `parent_id` = 13 ) AND ( `show` = 1 ) ORDER BY `id` ASC  [ RunTime:0.000168s ]
SQL: SELECT * FROM `menu` WHERE ( `parent_id` = 7 ) AND ( `show` = 1 ) ORDER BY `id` ASC  [ RunTime:0.000165s ]
SQL: SELECT * FROM `menu` WHERE ( `parent_id` = 14 ) AND ( `show` = 1 ) ORDER BY `id` ASC  [ RunTime:0.000164s ]
SQL: SELECT * FROM `menu` WHERE ( `parent_id` = 15 ) AND ( `show` = 1 ) ORDER BY `id` ASC  [ RunTime:0.000152s ]
SQL: SELECT * FROM `menu` WHERE ( `parent_id` = 16 ) AND ( `show` = 1 ) ORDER BY `id` ASC  [ RunTime:0.000172s ]
SQL: SELECT * FROM `menu` WHERE ( `parent_id` = 17 ) AND ( `show` = 1 ) ORDER BY `id` ASC  [ RunTime:0.000148s ]
SQL: SELECT * FROM `menu` WHERE ( `parent_id` = 18 ) AND ( `show` = 1 ) ORDER BY `id` ASC  [ RunTime:0.000162s ]
SQL: SELECT * FROM `menu` WHERE ( `parent_id` = 19 ) AND ( `show` = 1 ) ORDER BY `id` ASC  [ RunTime:0.000152s ]
SQL: SELECT * FROM `menu` WHERE ( `parent_id` = 20 ) AND ( `show` = 1 ) ORDER BY `id` ASC  [ RunTime:0.000175s ]
SQL: SELECT * FROM `menu` WHERE ( `parent_id` = 40 ) AND ( `show` = 1 ) ORDER BY `id` ASC  [ RunTime:0.000145s ]
SQL: SELECT * FROM `menu` WHERE ( `parent_id` = 77 ) AND ( `show` = 1 ) ORDER BY `id` ASC  [ RunTime:0.000162s ]
SQL: SELECT * FROM `menu` WHERE ( `parent_id` = 60 ) AND ( `show` = 1 ) ORDER BY `id` ASC  [ RunTime:0.000144s ]
SQL: SELECT * FROM `menu` WHERE ( `parent_id` = 61 ) AND ( `show` = 1 ) ORDER BY `id` ASC  [ RunTime:0.000176s ]
SQL: SELECT * FROM `menu` WHERE ( `parent_id` = 64 ) AND ( `show` = 1 ) ORDER BY `id` ASC  [ RunTime:0.000146s ]
SQL: SELECT * FROM `menu` WHERE ( `parent_id` = 65 ) AND ( `show` = 1 ) ORDER BY `id` ASC  [ RunTime:0.000165s ]
SQL: SELECT * FROM `menu` WHERE ( `parent_id` = 75 ) AND ( `show` = 1 ) ORDER BY `id` ASC  [ RunTime:0.000141s ]
INFO: [ view_parse ] --START--
INFO: [ template_filter ] --START--
INFO: Run Behavior\ContentReplace [ RunTime:0.000039s ]
INFO: [ template_filter ] --END-- [ RunTime:0.000148s ]
NOTIC: [8] Undefined index: sub_menu /home/wwwroot/cxg/Application/Runtime/Cache/Home/2a94b8bda04ff446dcedd42276fc99ee.php 第 41 行.
INFO: Run Behavior\ParseTemplate [ RunTime:0.004899s ]
INFO: [ view_parse ] --END-- [ RunTime:0.004939s ]
INFO: [ view_filter ] --START--
INFO: Run Behavior\WriteHtmlCache [ RunTime:0.000120s ]
INFO: [ view_filter ] --END-- [ RunTime:0.000144s ]
INFO: [ app_end ] --START--
INFO: Run Behavior\ShowPageTrace [ RunTime:0.000059s ]
INFO: [ app_end ] --END-- [ RunTime:0.000084s ]

[ 2018-10-08T19:19:20+08:00 ] 192.168.1.108 /cxg/index.php?m=Home&c=Index&a=index&act=2.49
INFO: [ app_begin ] --START--
INFO: Run Behavior\ReadHtmlCache [ RunTime:0.000053s ]
INFO: [ app_begin ] --END-- [ RunTime:0.000098s ]
NOTIC: [8192] mysql_connect(): The mysql extension is deprecated and will be removed in the future: use mysqli or PDO instead /home/wwwroot/cxg/ThinkPHP/Library/Think/Db/Driver/Mysql.class.php 第 52 行.
SQL: SHOW COLUMNS FROM `warning` [ RunTime:0.000539s ]
SQL: SELECT * FROM `warning` WHERE ( `read` = 0 ) LIMIT 0,50   [ RunTime:0.000160s ]
SQL: SHOW COLUMNS FROM `menu` [ RunTime:0.000458s ]
SQL: SELECT * FROM `menu` WHERE ( `parent_id` = 0 ) AND ( `type` = 1 ) LIMIT 0,100   [ RunTime:0.000189s ]
SQL: SELECT * FROM `menu` WHERE ( `parent_id` = 0 ) AND ( `show` = 1 ) ORDER BY `id` ASC  [ RunTime:0.000255s ]
SQL: SELECT * FROM `menu` WHERE ( `parent_id` = 1 ) AND ( `show` = 1 ) ORDER BY `id` ASC  [ RunTime:0.000150s ]
SQL: SELECT * FROM `menu` WHERE ( `parent_id` = 8 ) AND ( `show` = 1 ) ORDER BY `id` ASC  [ RunTime:0.000166s ]
SQL: SELECT * FROM `menu` WHERE ( `parent_id` = 2 ) AND ( `show` = 1 ) ORDER BY `id` ASC  [ RunTime:0.000144s ]
SQL: SELECT * FROM `menu` WHERE ( `parent_id` = 9 ) AND ( `show` = 1 ) ORDER BY `id` ASC  [ RunTime:0.000152s ]
SQL: SELECT * FROM `menu` WHERE ( `parent_id` = 3 ) AND ( `show` = 1 ) ORDER BY `id` ASC  [ RunTime:0.000212s ]
SQL: SELECT * FROM `menu` WHERE ( `parent_id` = 10 ) AND ( `show` = 1 ) ORDER BY `id` ASC  [ RunTime:0.000146s ]
SQL: SELECT * FROM `menu` WHERE ( `parent_id` = 4 ) AND ( `show` = 1 ) ORDER BY `id` ASC  [ RunTime:0.000212s ]
SQL: SELECT * FROM `menu` WHERE ( `parent_id` = 11 ) AND ( `show` = 1 ) ORDER BY `id` ASC  [ RunTime:0.000146s ]
SQL: SELECT * FROM `menu` WHERE ( `parent_id` = 5 ) AND ( `show` = 1 ) ORDER BY `id` ASC  [ RunTime:0.000201s ]
SQL: SELECT * FROM `menu` WHERE ( `parent_id` = 12 ) AND ( `show` = 1 ) ORDER BY `id` ASC  [ RunTime:0.000144s ]
SQL: SELECT * FROM `menu` WHERE ( `parent_id` = 6 ) AND ( `show` = 1 ) ORDER BY `id` ASC  [ RunTime:0.000144s ]
SQL: SELECT * FROM `menu` WHERE ( `parent_id` = 13 ) AND ( `show` = 1 ) ORDER BY `id` ASC  [ RunTime:0.000143s ]
SQL: SELECT * FROM `menu` WHERE ( `parent_id` = 7 ) AND ( `show` = 1 ) ORDER BY `id` ASC  [ RunTime:0.000155s ]
SQL: SELECT * FROM `menu` WHERE ( `parent_id` = 14 ) AND ( `show` = 1 ) ORDER BY `id` ASC  [ RunTime:0.000144s ]
SQL: SELECT * FROM `menu` WHERE ( `parent_id` = 15 ) AND ( `show` = 1 ) ORDER BY `id` ASC  [ RunTime:0.000146s ]
SQL: SELECT * FROM `menu` WHERE ( `parent_id` = 16 ) AND ( `show` = 1 ) ORDER BY `id` ASC  [ RunTime:0.000194s ]
SQL: SELECT * FROM `menu` WHERE ( `parent_id` = 17 ) AND ( `show` = 1 ) ORDER BY `id` ASC  [ RunTime:0.000145s ]
SQL: SELECT * FROM `menu` WHERE ( `parent_id` = 18 ) AND ( `show` = 1 ) ORDER BY `id` ASC  [ RunTime:0.000192s ]
SQL: SELECT * FROM `menu` WHERE ( `parent_id` = 19 ) AND ( `show` = 1 ) ORDER BY `id` ASC  [ RunTime:0.000146s ]
SQL: SELECT * FROM `menu` WHERE ( `parent_id` = 20 ) AND ( `show` = 1 ) ORDER BY `id` ASC  [ RunTime:0.000212s ]
SQL: SELECT * FROM `menu` WHERE ( `parent_id` = 40 ) AND ( `show` = 1 ) ORDER BY `id` ASC  [ RunTime:0.000140s ]
SQL: SELECT * FROM `menu` WHERE ( `parent_id` = 77 ) AND ( `show` = 1 ) ORDER BY `id` ASC  [ RunTime:0.000190s ]
SQL: SELECT * FROM `menu` WHERE ( `parent_id` = 60 ) AND ( `show` = 1 ) ORDER BY `id` ASC  [ RunTime:0.000138s ]
SQL: SELECT * FROM `menu` WHERE ( `parent_id` = 61 ) AND ( `show` = 1 ) ORDER BY `id` ASC  [ RunTime:0.000201s ]
SQL: SELECT * FROM `menu` WHERE ( `parent_id` = 64 ) AND ( `show` = 1 ) ORDER BY `id` ASC  [ RunTime:0.000139s ]
SQL: SELECT * FROM `menu` WHERE ( `parent_id` = 65 ) AND ( `show` = 1 ) ORDER BY `id` ASC  [ RunTime:0.000202s ]
SQL: SELECT * FROM `menu` WHERE ( `parent_id` = 75 ) AND ( `show` = 1 ) ORDER BY `id` ASC  [ RunTime:0.000136s ]
INFO: [ view_parse ] --START--
INFO: [ template_filter ] --START--
INFO: Run Behavior\ContentReplace [ RunTime:0.000034s ]
INFO: [ template_filter ] --END-- [ RunTime:0.000069s ]
NOTIC: [8] Undefined index: sub_menu /home/wwwroot/cxg/Application/Runtime/Cache/Home/2a94b8bda04ff446dcedd42276fc99ee.php 第 41 行.
INFO: Run Behavior\ParseTemplate [ RunTime:0.003710s ]
INFO: [ view_parse ] --END-- [ RunTime:0.003738s ]
INFO: [ view_filter ] --START--
INFO: Run Behavior\WriteHtmlCache [ RunTime:0.000055s ]
INFO: [ view_filter ] --END-- [ RunTime:0.000075s ]
INFO: [ app_end ] --START--
INFO: Run Behavior\ShowPageTrace [ RunTime:0.000052s ]
INFO: [ app_end ] --END-- [ RunTime:0.000075s ]

[ 2018-10-08T19:19:20+08:00 ] 192.168.1.108 /cxg/index.php?m=Home&c=Index&a=index&act=2.49
INFO: [ app_begin ] --START--
INFO: Run Behavior\ReadHtmlCache [ RunTime:0.000063s ]
INFO: [ app_begin ] --END-- [ RunTime:0.000171s ]
NOTIC: [8192] mysql_connect(): The mysql extension is deprecated and will be removed in the future: use mysqli or PDO instead /home/wwwroot/cxg/ThinkPHP/Library/Think/Db/Driver/Mysql.class.php 第 52 行.
SQL: SHOW COLUMNS FROM `warning` [ RunTime:0.000768s ]
SQL: SELECT * FROM `warning` WHERE ( `read` = 0 ) LIMIT 0,50   [ RunTime:0.000226s ]
SQL: SHOW COLUMNS FROM `menu` [ RunTime:0.000447s ]
SQL: SELECT * FROM `menu` WHERE ( `parent_id` = 0 ) AND ( `type` = 1 ) LIMIT 0,100   [ RunTime:0.000235s ]
SQL: SELECT * FROM `menu` WHERE ( `parent_id` = 0 ) AND ( `show` = 1 ) ORDER BY `id` ASC  [ RunTime:0.000173s ]
SQL: SELECT * FROM `menu` WHERE ( `parent_id` = 1 ) AND ( `show` = 1 ) ORDER BY `id` ASC  [ RunTime:0.000154s ]
SQL: SELECT * FROM `menu` WHERE ( `parent_id` = 8 ) AND ( `show` = 1 ) ORDER BY `id` ASC  [ RunTime:0.000147s ]
SQL: SELECT * FROM `menu` WHERE ( `parent_id` = 2 ) AND ( `show` = 1 ) ORDER BY `id` ASC  [ RunTime:0.000145s ]
SQL: SELECT * FROM `menu` WHERE ( `parent_id` = 9 ) AND ( `show` = 1 ) ORDER BY `id` ASC  [ RunTime:0.000199s ]
SQL: SELECT * FROM `menu` WHERE ( `parent_id` = 3 ) AND ( `show` = 1 ) ORDER BY `id` ASC  [ RunTime:0.000151s ]
SQL: SELECT * FROM `menu` WHERE ( `parent_id` = 10 ) AND ( `show` = 1 ) ORDER BY `id` ASC  [ RunTime:0.000191s ]
SQL: SELECT * FROM `menu` WHERE ( `parent_id` = 4 ) AND ( `show` = 1 ) ORDER BY `id` ASC  [ RunTime:0.000141s ]
SQL: SELECT * FROM `menu` WHERE ( `parent_id` = 11 ) AND ( `show` = 1 ) ORDER BY `id` ASC  [ RunTime:0.000199s ]
SQL: SELECT * FROM `menu` WHERE ( `parent_id` = 5 ) AND ( `show` = 1 ) ORDER BY `id` ASC  [ RunTime:0.000139s ]
SQL: SELECT * FROM `menu` WHERE ( `parent_id` = 12 ) AND ( `show` = 1 ) ORDER BY `id` ASC  [ RunTime:0.000190s ]
SQL: SELECT * FROM `menu` WHERE ( `parent_id` = 6 ) AND ( `show` = 1 ) ORDER BY `id` ASC  [ RunTime:0.000138s ]
SQL: SELECT * FROM `menu` WHERE ( `parent_id` = 13 ) AND ( `show` = 1 ) ORDER BY `id` ASC  [ RunTime:0.000197s ]
SQL: SELECT * FROM `menu` WHERE ( `parent_id` = 7 ) AND ( `show` = 1 ) ORDER BY `id` ASC  [ RunTime:0.000148s ]
SQL: SELECT * FROM `menu` WHERE ( `parent_id` = 14 ) AND ( `show` = 1 ) ORDER BY `id` ASC  [ RunTime:0.000144s ]
SQL: SELECT * FROM `menu` WHERE ( `parent_id` = 15 ) AND ( `show` = 1 ) ORDER BY `id` ASC  [ RunTime:0.000144s ]
SQL: SELECT * FROM `menu` WHERE ( `parent_id` = 16 ) AND ( `show` = 1 ) ORDER BY `id` ASC  [ RunTime:0.000142s ]
SQL: SELECT * FROM `menu` WHERE ( `parent_id` = 17 ) AND ( `show` = 1 ) ORDER BY `id` ASC  [ RunTime:0.000185s ]
SQL: SELECT * FROM `menu` WHERE ( `parent_id` = 18 ) AND ( `show` = 1 ) ORDER BY `id` ASC  [ RunTime:0.000142s ]
SQL: SELECT * FROM `menu` WHERE ( `parent_id` = 19 ) AND ( `show` = 1 ) ORDER BY `id` ASC  [ RunTime:0.000211s ]
SQL: SELECT * FROM `menu` WHERE ( `parent_id` = 20 ) AND ( `show` = 1 ) ORDER BY `id` ASC  [ RunTime:0.000148s ]
SQL: SELECT * FROM `menu` WHERE ( `parent_id` = 40 ) AND ( `show` = 1 ) ORDER BY `id` ASC  [ RunTime:0.000198s ]
SQL: SELECT * FROM `menu` WHERE ( `parent_id` = 77 ) AND ( `show` = 1 ) ORDER BY `id` ASC  [ RunTime:0.000145s ]
SQL: SELECT * FROM `menu` WHERE ( `parent_id` = 60 ) AND ( `show` = 1 ) ORDER BY `id` ASC  [ RunTime:0.000194s ]
SQL: SELECT * FROM `menu` WHERE ( `parent_id` = 61 ) AND ( `show` = 1 ) ORDER BY `id` ASC  [ RunTime:0.000146s ]
SQL: SELECT * FROM `menu` WHERE ( `parent_id` = 64 ) AND ( `show` = 1 ) ORDER BY `id` ASC  [ RunTime:0.000172s ]
SQL: SELECT * FROM `menu` WHERE ( `parent_id` = 65 ) AND ( `show` = 1 ) ORDER BY `id` ASC  [ RunTime:0.000140s ]
SQL: SELECT * FROM `menu` WHERE ( `parent_id` = 75 ) AND ( `show` = 1 ) ORDER BY `id` ASC  [ RunTime:0.000139s ]
INFO: [ view_parse ] --START--
INFO: [ template_filter ] --START--
INFO: Run Behavior\ContentReplace [ RunTime:0.000037s ]
INFO: [ template_filter ] --END-- [ RunTime:0.000075s ]
NOTIC: [8] Undefined index: sub_menu /home/wwwroot/cxg/Application/Runtime/Cache/Home/2a94b8bda04ff446dcedd42276fc99ee.php 第 41 行.
INFO: Run Behavior\ParseTemplate [ RunTime:0.004784s ]
INFO: [ view_parse ] --END-- [ RunTime:0.004822s ]
INFO: [ view_filter ] --START--
INFO: Run Behavior\WriteHtmlCache [ RunTime:0.000061s ]
INFO: [ view_filter ] --END-- [ RunTime:0.000084s ]
INFO: [ app_end ] --START--
INFO: Run Behavior\ShowPageTrace [ RunTime:0.000089s ]
INFO: [ app_end ] --END-- [ RunTime:0.000116s ]

[ 2018-10-08T19:19:20+08:00 ] 192.168.1.108 /cxg/index.php?m=Home&c=Hostel&a=index&id=2.49
INFO: [ app_begin ] --START--
INFO: Run Behavior\ReadHtmlCache [ RunTime:0.000319s ]
INFO: [ app_begin ] --END-- [ RunTime:0.000833s ]
NOTIC: [8192] mysql_connect(): The mysql extension is deprecated and will be removed in the future: use mysqli or PDO instead /home/wwwroot/cxg/ThinkPHP/Library/Think/Db/Driver/Mysql.class.php 第 52 行.
SQL: SHOW COLUMNS FROM `menu` [ RunTime:0.001857s ]
SQL: SHOW COLUMNS FROM `menu` [ RunTime:0.001412s ]
SQL: SELECT * FROM `menu` WHERE ( `parent_id` = 2 ) AND ( `type` = 1 ) LIMIT 0,100   [ RunTime:0.000599s ]
SQL: SELECT * FROM `menu` WHERE ( `id` = 49 ) AND ( `type` = 1 ) LIMIT 0,100   [ RunTime:0.000440s ]
SQL: SHOW COLUMNS FROM `menu` [ RunTime:0.001452s ]
SQL: SELECT * FROM `menu` WHERE ( `parent_id` = 0 ) AND ( `type` = 1 ) LIMIT 0,100   [ RunTime:0.000621s ]
SQL: SELECT * FROM `menu` WHERE ( `parent_id` = 0 ) AND ( `show` = 1 ) ORDER BY `id` ASC  [ RunTime:0.000652s ]
SQL: SELECT * FROM `menu` WHERE ( `parent_id` = 1 ) AND ( `show` = 1 ) ORDER BY `id` ASC  [ RunTime:0.000601s ]
SQL: SELECT * FROM `menu` WHERE ( `parent_id` = 8 ) AND ( `show` = 1 ) ORDER BY `id` ASC  [ RunTime:0.000596s ]
SQL: SELECT * FROM `menu` WHERE ( `parent_id` = 2 ) AND ( `show` = 1 ) ORDER BY `id` ASC  [ RunTime:0.000588s ]
SQL: SELECT * FROM `menu` WHERE ( `parent_id` = 9 ) AND ( `show` = 1 ) ORDER BY `id` ASC  [ RunTime:0.000596s ]
SQL: SELECT * FROM `menu` WHERE ( `parent_id` = 3 ) AND ( `show` = 1 ) ORDER BY `id` ASC  [ RunTime:0.000595s ]
SQL: SELECT * FROM `menu` WHERE ( `parent_id` = 10 ) AND ( `show` = 1 ) ORDER BY `id` ASC  [ RunTime:0.000590s ]
SQL: SELECT * FROM `menu` WHERE ( `parent_id` = 4 ) AND ( `show` = 1 ) ORDER BY `id` ASC  [ RunTime:0.000580s ]
SQL: SELECT * FROM `menu` WHERE ( `parent_id` = 11 ) AND ( `show` = 1 ) ORDER BY `id` ASC  [ RunTime:0.000587s ]
SQL: SELECT * FROM `menu` WHERE ( `parent_id` = 5 ) AND ( `show` = 1 ) ORDER BY `id` ASC  [ RunTime:0.000649s ]
SQL: SELECT * FROM `menu` WHERE ( `parent_id` = 12 ) AND ( `show` = 1 ) ORDER BY `id` ASC  [ RunTime:0.000713s ]
SQL: SELECT * FROM `menu` WHERE ( `parent_id` = 6 ) AND ( `show` = 1 ) ORDER BY `id` ASC  [ RunTime:0.000589s ]
SQL: SELECT * FROM `menu` WHERE ( `parent_id` = 13 ) AND ( `show` = 1 ) ORDER BY `id` ASC  [ RunTime:0.000588s ]
SQL: SELECT * FROM `menu` WHERE ( `parent_id` = 7 ) AND ( `show` = 1 ) ORDER BY `id` ASC  [ RunTime:0.000632s ]
SQL: SELECT * FROM `menu` WHERE ( `parent_id` = 14 ) AND ( `show` = 1 ) ORDER BY `id` ASC  [ RunTime:0.000588s ]
SQL: SELECT * FROM `menu` WHERE ( `parent_id` = 15 ) AND ( `show` = 1 ) ORDER BY `id` ASC  [ RunTime:0.000652s ]
SQL: SELECT * FROM `menu` WHERE ( `parent_id` = 16 ) AND ( `show` = 1 ) ORDER BY `id` ASC  [ RunTime:0.000714s ]
SQL: SELECT * FROM `menu` WHERE ( `parent_id` = 17 ) AND ( `show` = 1 ) ORDER BY `id` ASC  [ RunTime:0.000654s ]
SQL: SELECT * FROM `menu` WHERE ( `parent_id` = 18 ) AND ( `show` = 1 ) ORDER BY `id` ASC  [ RunTime:0.000604s ]
SQL: SELECT * FROM `menu` WHERE ( `parent_id` = 19 ) AND ( `show` = 1 ) ORDER BY `id` ASC  [ RunTime:0.000619s ]
SQL: SELECT * FROM `menu` WHERE ( `parent_id` = 20 ) AND ( `show` = 1 ) ORDER BY `id` ASC  [ RunTime:0.000311s ]
SQL: SELECT * FROM `menu` WHERE ( `parent_id` = 40 ) AND ( `show` = 1 ) ORDER BY `id` ASC  [ RunTime:0.000236s ]
SQL: SELECT * FROM `menu` WHERE ( `parent_id` = 77 ) AND ( `show` = 1 ) ORDER BY `id` ASC  [ RunTime:0.000287s ]
SQL: SELECT * FROM `menu` WHERE ( `parent_id` = 60 ) AND ( `show` = 1 ) ORDER BY `id` ASC  [ RunTime:0.000306s ]
SQL: SELECT * FROM `menu` WHERE ( `parent_id` = 61 ) AND ( `show` = 1 ) ORDER BY `id` ASC  [ RunTime:0.000272s ]
SQL: SELECT * FROM `menu` WHERE ( `parent_id` = 64 ) AND ( `show` = 1 ) ORDER BY `id` ASC  [ RunTime:0.000274s ]
SQL: SELECT * FROM `menu` WHERE ( `parent_id` = 65 ) AND ( `show` = 1 ) ORDER BY `id` ASC  [ RunTime:0.000291s ]
SQL: SELECT * FROM `menu` WHERE ( `parent_id` = 75 ) AND ( `show` = 1 ) ORDER BY `id` ASC  [ RunTime:0.000276s ]
SQL: SHOW COLUMNS FROM `hostel` [ RunTime:0.000707s ]
SQL: SELECT * FROM `hostel` ORDER BY `build` ASC  [ RunTime:0.000341s ]
NOTIC: [8] Undefined index: build /home/wwwroot/cxg/Application/Home/Controller/HostelController.class.php 第 421 行.
INFO: [ view_parse ] --START--
INFO: [ template_filter ] --START--
INFO: Run Behavior\ContentReplace [ RunTime:0.000060s ]
INFO: [ template_filter ] --END-- [ RunTime:0.000112s ]
NOTIC: [8] Undefined variable: bb /home/wwwroot/cxg/Application/Runtime/Cache/Home/c7df1cdc700a3a4c8f906fd1d063a2aa.php 第 106 行.
NOTIC: [8] Undefined variable: bb /home/wwwroot/cxg/Application/Runtime/Cache/Home/c7df1cdc700a3a4c8f906fd1d063a2aa.php 第 106 行.
NOTIC: [8] Undefined variable: bb /home/wwwroot/cxg/Application/Runtime/Cache/Home/c7df1cdc700a3a4c8f906fd1d063a2aa.php 第 112 行.
NOTIC: [8] Undefined variable: bb /home/wwwroot/cxg/Application/Runtime/Cache/Home/c7df1cdc700a3a4c8f906fd1d063a2aa.php 第 113 行.
NOTIC: [8] Undefined variable: hostel_list /home/wwwroot/cxg/Application/Runtime/Cache/Home/c7df1cdc700a3a4c8f906fd1d063a2aa.php 第 114 行.
NOTIC: [8] Undefined index: sub_menu /home/wwwroot/cxg/Application/Runtime/Cache/Home/c7df1cdc700a3a4c8f906fd1d063a2aa.php 第 138 行.
INFO: Run Behavior\ParseTemplate [ RunTime:0.009622s ]
INFO: [ view_parse ] --END-- [ RunTime:0.009683s ]
INFO: [ view_filter ] --START--
INFO: Run Behavior\WriteHtmlCache [ RunTime:0.000089s ]
INFO: [ view_filter ] --END-- [ RunTime:0.000117s ]
INFO: [ app_end ] --START--
INFO: Run Behavior\ShowPageTrace [ RunTime:0.000115s ]
INFO: [ app_end ] --END-- [ RunTime:0.000151s ]

[ 2018-10-08T19:38:17+08:00 ] 192.168.1.108 /cxg/index.php?m=Home&c=Hostel&a=index&id=2.49
INFO: [ app_begin ] --START--
INFO: Run Behavior\ReadHtmlCache [ RunTime:0.000181s ]
INFO: [ app_begin ] --END-- [ RunTime:0.000347s ]
NOTIC: [8192] mysql_connect(): The mysql extension is deprecated and will be removed in the future: use mysqli or PDO instead /home/wwwroot/cxg/ThinkPHP/Library/Think/Db/Driver/Mysql.class.php 第 52 行.
SQL: SHOW COLUMNS FROM `menu` [ RunTime:0.001379s ]
SQL: SHOW COLUMNS FROM `menu` [ RunTime:0.001306s ]
SQL: SELECT * FROM `menu` WHERE ( `parent_id` = 2 ) AND ( `type` = 1 ) LIMIT 0,100   [ RunTime:0.000599s ]
SQL: SELECT * FROM `menu` WHERE ( `id` = 49 ) AND ( `type` = 1 ) LIMIT 0,100   [ RunTime:0.000406s ]
SQL: SHOW COLUMNS FROM `menu` [ RunTime:0.001236s ]
SQL: SELECT * FROM `menu` WHERE ( `parent_id` = 0 ) AND ( `type` = 1 ) LIMIT 0,100   [ RunTime:0.000719s ]
SQL: SELECT * FROM `menu` WHERE ( `parent_id` = 0 ) AND ( `show` = 1 ) ORDER BY `id` ASC  [ RunTime:0.001434s ]
SQL: SELECT * FROM `menu` WHERE ( `parent_id` = 1 ) AND ( `show` = 1 ) ORDER BY `id` ASC  [ RunTime:0.000679s ]
SQL: SELECT * FROM `menu` WHERE ( `parent_id` = 8 ) AND ( `show` = 1 ) ORDER BY `id` ASC  [ RunTime:0.000656s ]
SQL: SELECT * FROM `menu` WHERE ( `parent_id` = 2 ) AND ( `show` = 1 ) ORDER BY `id` ASC  [ RunTime:0.000706s ]
SQL: SELECT * FROM `menu` WHERE ( `parent_id` = 9 ) AND ( `show` = 1 ) ORDER BY `id` ASC  [ RunTime:0.000551s ]
SQL: SELECT * FROM `menu` WHERE ( `parent_id` = 3 ) AND ( `show` = 1 ) ORDER BY `id` ASC  [ RunTime:0.000535s ]
SQL: SELECT * FROM `menu` WHERE ( `parent_id` = 10 ) AND ( `show` = 1 ) ORDER BY `id` ASC  [ RunTime:0.000528s ]
SQL: SELECT * FROM `menu` WHERE ( `parent_id` = 4 ) AND ( `show` = 1 ) ORDER BY `id` ASC  [ RunTime:0.000603s ]
SQL: SELECT * FROM `menu` WHERE ( `parent_id` = 11 ) AND ( `show` = 1 ) ORDER BY `id` ASC  [ RunTime:0.000523s ]
SQL: SELECT * FROM `menu` WHERE ( `parent_id` = 5 ) AND ( `show` = 1 ) ORDER BY `id` ASC  [ RunTime:0.000507s ]
SQL: SELECT * FROM `menu` WHERE ( `parent_id` = 12 ) AND ( `show` = 1 ) ORDER BY `id` ASC  [ RunTime:0.000626s ]
SQL: SELECT * FROM `menu` WHERE ( `parent_id` = 6 ) AND ( `show` = 1 ) ORDER BY `id` ASC  [ RunTime:0.000864s ]
SQL: SELECT * FROM `menu` WHERE ( `parent_id` = 13 ) AND ( `show` = 1 ) ORDER BY `id` ASC  [ RunTime:0.000966s ]
SQL: SELECT * FROM `menu` WHERE ( `parent_id` = 7 ) AND ( `show` = 1 ) ORDER BY `id` ASC  [ RunTime:0.000692s ]
SQL: SELECT * FROM `menu` WHERE ( `parent_id` = 14 ) AND ( `show` = 1 ) ORDER BY `id` ASC  [ RunTime:0.000667s ]
SQL: SELECT * FROM `menu` WHERE ( `parent_id` = 15 ) AND ( `show` = 1 ) ORDER BY `id` ASC  [ RunTime:0.000580s ]
SQL: SELECT * FROM `menu` WHERE ( `parent_id` = 16 ) AND ( `show` = 1 ) ORDER BY `id` ASC  [ RunTime:0.000589s ]
SQL: SELECT * FROM `menu` WHERE ( `parent_id` = 17 ) AND ( `show` = 1 ) ORDER BY `id` ASC  [ RunTime:0.000618s ]
SQL: SELECT * FROM `menu` WHERE ( `parent_id` = 18 ) AND ( `show` = 1 ) ORDER BY `id` ASC  [ RunTime:0.000605s ]
SQL: SELECT * FROM `menu` WHERE ( `parent_id` = 19 ) AND ( `show` = 1 ) ORDER BY `id` ASC  [ RunTime:0.000672s ]
SQL: SELECT * FROM `menu` WHERE ( `parent_id` = 20 ) AND ( `show` = 1 ) ORDER BY `id` ASC  [ RunTime:0.000445s ]
SQL: SELECT * FROM `menu` WHERE ( `parent_id` = 40 ) AND ( `show` = 1 ) ORDER BY `id` ASC  [ RunTime:0.000246s ]
SQL: SELECT * FROM `menu` WHERE ( `parent_id` = 77 ) AND ( `show` = 1 ) ORDER BY `id` ASC  [ RunTime:0.000205s ]
SQL: SELECT * FROM `menu` WHERE ( `parent_id` = 60 ) AND ( `show` = 1 ) ORDER BY `id` ASC  [ RunTime:0.000200s ]
SQL: SELECT * FROM `menu` WHERE ( `parent_id` = 61 ) AND ( `show` = 1 ) ORDER BY `id` ASC  [ RunTime:0.000235s ]
SQL: SELECT * FROM `menu` WHERE ( `parent_id` = 64 ) AND ( `show` = 1 ) ORDER BY `id` ASC  [ RunTime:0.000204s ]
SQL: SELECT * FROM `menu` WHERE ( `parent_id` = 65 ) AND ( `show` = 1 ) ORDER BY `id` ASC  [ RunTime:0.000202s ]
SQL: SELECT * FROM `menu` WHERE ( `parent_id` = 75 ) AND ( `show` = 1 ) ORDER BY `id` ASC  [ RunTime:0.000196s ]
SQL: SHOW COLUMNS FROM `hostel` [ RunTime:0.000596s ]
SQL: SELECT * FROM `hostel` ORDER BY `build` ASC  [ RunTime:0.000301s ]
SQL: SELECT * FROM `hostel` WHERE ( `build` = '1号楼' ) ORDER BY `floor` DESC,`no` ASC LIMIT 0,100   [ RunTime:0.000267s ]
SQL: SHOW COLUMNS FROM `student` [ RunTime:0.000620s ]
SQL: SELECT * FROM `student` WHERE ( `dormitory_id` IN ('40','24','8','9','1','35','34','13','7','2','26','3','4','10','39') ) LIMIT 0,100   [ RunTime:0.003202s ]
SQL: SHOW COLUMNS FROM `hostel_entrance_record` [ RunTime:0.000645s ]
SQL: SELECT * FROM `hostel_entrance_record` WHERE ( `alarm_id` IN ('1','2','3','4','5','6','7','8','10','11','12','13','14','15','16','17','18','19','20','21','22','23','24','40') ) AND ( `alarm_time` > '2018-10-07 00:00:00' ) ORDER BY `id` DESC LIMIT 0,50000   [ RunTime:0.000753s ]
INFO: [ view_parse ] --START--
INFO: [ template_filter ] --START--
INFO: Run Behavior\ContentReplace [ RunTime:0.000066s ]
INFO: [ template_filter ] --END-- [ RunTime:0.000128s ]
NOTIC: [8] Undefined index: sub_menu /home/wwwroot/cxg/Application/Runtime/Cache/Home/c7df1cdc700a3a4c8f906fd1d063a2aa.php 第 138 行.
INFO: Run Behavior\ParseTemplate [ RunTime:0.008837s ]
INFO: [ view_parse ] --END-- [ RunTime:0.008884s ]
INFO: [ view_filter ] --START--
INFO: Run Behavior\WriteHtmlCache [ RunTime:0.000086s ]
INFO: [ view_filter ] --END-- [ RunTime:0.000114s ]
INFO: [ app_end ] --START--
INFO: Run Behavior\ShowPageTrace [ RunTime:0.000085s ]
INFO: [ app_end ] --END-- [ RunTime:0.000120s ]

[ 2018-10-08T19:38:29+08:00 ] 192.168.1.108 /cxg/index.php?m=Home&c=Hostel&a=index&id=2.50&shostel=13&sbuild=1%E5%8F%B7%E6%A5%BC
INFO: [ app_begin ] --START--
INFO: Run Behavior\ReadHtmlCache [ RunTime:0.000183s ]
INFO: [ app_begin ] --END-- [ RunTime:0.000333s ]
NOTIC: [8192] mysql_connect(): The mysql extension is deprecated and will be removed in the future: use mysqli or PDO instead /home/wwwroot/cxg/ThinkPHP/Library/Think/Db/Driver/Mysql.class.php 第 52 行.
SQL: SHOW COLUMNS FROM `menu` [ RunTime:0.001582s ]
SQL: SHOW COLUMNS FROM `menu` [ RunTime:0.001598s ]
SQL: SELECT * FROM `menu` WHERE ( `parent_id` = 2 ) AND ( `type` = 1 ) LIMIT 0,100   [ RunTime:0.000879s ]
SQL: SELECT * FROM `menu` WHERE ( `id` = 50 ) AND ( `type` = 1 ) LIMIT 0,100   [ RunTime:0.000496s ]
SQL: SHOW COLUMNS FROM `menu` [ RunTime:0.001567s ]
SQL: SELECT * FROM `menu` WHERE ( `parent_id` = 0 ) AND ( `type` = 1 ) LIMIT 0,100   [ RunTime:0.000552s ]
SQL: SELECT * FROM `menu` WHERE ( `parent_id` = 0 ) AND ( `show` = 1 ) ORDER BY `id` ASC  [ RunTime:0.000706s ]
SQL: SELECT * FROM `menu` WHERE ( `parent_id` = 1 ) AND ( `show` = 1 ) ORDER BY `id` ASC  [ RunTime:0.000522s ]
SQL: SELECT * FROM `menu` WHERE ( `parent_id` = 8 ) AND ( `show` = 1 ) ORDER BY `id` ASC  [ RunTime:0.000510s ]
SQL: SELECT * FROM `menu` WHERE ( `parent_id` = 2 ) AND ( `show` = 1 ) ORDER BY `id` ASC  [ RunTime:0.000623s ]
SQL: SELECT * FROM `menu` WHERE ( `parent_id` = 9 ) AND ( `show` = 1 ) ORDER BY `id` ASC  [ RunTime:0.000507s ]
SQL: SELECT * FROM `menu` WHERE ( `parent_id` = 3 ) AND ( `show` = 1 ) ORDER BY `id` ASC  [ RunTime:0.000493s ]
SQL: SELECT * FROM `menu` WHERE ( `parent_id` = 10 ) AND ( `show` = 1 ) ORDER BY `id` ASC  [ RunTime:0.000575s ]
SQL: SELECT * FROM `menu` WHERE ( `parent_id` = 4 ) AND ( `show` = 1 ) ORDER BY `id` ASC  [ RunTime:0.000489s ]
SQL: SELECT * FROM `menu` WHERE ( `parent_id` = 11 ) AND ( `show` = 1 ) ORDER BY `id` ASC  [ RunTime:0.000494s ]
SQL: SELECT * FROM `menu` WHERE ( `parent_id` = 5 ) AND ( `show` = 1 ) ORDER BY `id` ASC  [ RunTime:0.000504s ]
SQL: SELECT * FROM `menu` WHERE ( `parent_id` = 12 ) AND ( `show` = 1 ) ORDER BY `id` ASC  [ RunTime:0.000496s ]
SQL: SELECT * FROM `menu` WHERE ( `parent_id` = 6 ) AND ( `show` = 1 ) ORDER BY `id` ASC  [ RunTime:0.000513s ]
SQL: SELECT * FROM `menu` WHERE ( `parent_id` = 13 ) AND ( `show` = 1 ) ORDER BY `id` ASC  [ RunTime:0.000510s ]
SQL: SELECT * FROM `menu` WHERE ( `parent_id` = 7 ) AND ( `show` = 1 ) ORDER BY `id` ASC  [ RunTime:0.000536s ]
SQL: SELECT * FROM `menu` WHERE ( `parent_id` = 14 ) AND ( `show` = 1 ) ORDER BY `id` ASC  [ RunTime:0.000496s ]
SQL: SELECT * FROM `menu` WHERE ( `parent_id` = 15 ) AND ( `show` = 1 ) ORDER BY `id` ASC  [ RunTime:0.000233s ]
SQL: SELECT * FROM `menu` WHERE ( `parent_id` = 16 ) AND ( `show` = 1 ) ORDER BY `id` ASC  [ RunTime:0.000217s ]
SQL: SELECT * FROM `menu` WHERE ( `parent_id` = 17 ) AND ( `show` = 1 ) ORDER BY `id` ASC  [ RunTime:0.000218s ]
SQL: SELECT * FROM `menu` WHERE ( `parent_id` = 18 ) AND ( `show` = 1 ) ORDER BY `id` ASC  [ RunTime:0.000215s ]
SQL: SELECT * FROM `menu` WHERE ( `parent_id` = 19 ) AND ( `show` = 1 ) ORDER BY `id` ASC  [ RunTime:0.000221s ]
SQL: SELECT * FROM `menu` WHERE ( `parent_id` = 20 ) AND ( `show` = 1 ) ORDER BY `id` ASC  [ RunTime:0.000221s ]
SQL: SELECT * FROM `menu` WHERE ( `parent_id` = 40 ) AND ( `show` = 1 ) ORDER BY `id` ASC  [ RunTime:0.000252s ]
SQL: SELECT * FROM `menu` WHERE ( `parent_id` = 77 ) AND ( `show` = 1 ) ORDER BY `id` ASC  [ RunTime:0.000221s ]
SQL: SELECT * FROM `menu` WHERE ( `parent_id` = 60 ) AND ( `show` = 1 ) ORDER BY `id` ASC  [ RunTime:0.000213s ]
SQL: SELECT * FROM `menu` WHERE ( `parent_id` = 61 ) AND ( `show` = 1 ) ORDER BY `id` ASC  [ RunTime:0.000218s ]
SQL: SELECT * FROM `menu` WHERE ( `parent_id` = 64 ) AND ( `show` = 1 ) ORDER BY `id` ASC  [ RunTime:0.000217s ]
SQL: SELECT * FROM `menu` WHERE ( `parent_id` = 65 ) AND ( `show` = 1 ) ORDER BY `id` ASC  [ RunTime:0.000218s ]
SQL: SELECT * FROM `menu` WHERE ( `parent_id` = 75 ) AND ( `show` = 1 ) ORDER BY `id` ASC  [ RunTime:0.000211s ]
SQL: SHOW COLUMNS FROM `class` [ RunTime:0.000599s ]
SQL: SELECT * FROM `class` ORDER BY `name` ASC  [ RunTime:0.000323s ]
SQL: SHOW COLUMNS FROM `hostel` [ RunTime:0.000599s ]
SQL: SELECT * FROM `hostel` ORDER BY `build` ASC  [ RunTime:0.000383s ]
SQL: SELECT * FROM `hostel` WHERE ( `build` = '1号楼' ) LIMIT 0,100   [ RunTime:0.000269s ]
SQL: SHOW COLUMNS FROM `student` [ RunTime:0.000680s ]
SQL: SELECT * FROM `student` WHERE ( `dormitory_id` = 13 ) ORDER BY `class_id` ASC,`dormitory_id` ASC LIMIT 0,500   [ RunTime:0.000757s ]
SQL: SHOW COLUMNS FROM `hostel_entrance_record` [ RunTime:0.000625s ]
SQL: SELECT * FROM `hostel_entrance_record` WHERE ( `alarm_id` IN ('1','3','5','8','21','22') ) AND ( `ptype` = 's' ) AND ( `alarm_time` > '2018-10-08 00:00:00' ) ORDER BY `id` DESC LIMIT 0,10000   [ RunTime:0.000723s ]
INFO: [ view_parse ] --START--
INFO: [ template_filter ] --START--
INFO: Run Behavior\ContentReplace [ RunTime:0.000062s ]
INFO: [ template_filter ] --END-- [ RunTime:0.000107s ]
NOTIC: [8] Undefined variable: aa /home/wwwroot/cxg/Application/Runtime/Cache/Home/f825ef1e18e666ee9b44f115699597e5.php 第 46 行.
NOTIC: [8] Undefined variable: aa /home/wwwroot/cxg/Application/Runtime/Cache/Home/f825ef1e18e666ee9b44f115699597e5.php 第 46 行.
NOTIC: [8] Undefined variable: aa /home/wwwroot/cxg/Application/Runtime/Cache/Home/f825ef1e18e666ee9b44f115699597e5.php 第 46 行.
NOTIC: [8] Undefined variable: aa /home/wwwroot/cxg/Application/Runtime/Cache/Home/f825ef1e18e666ee9b44f115699597e5.php 第 46 行.
NOTIC: [8] Undefined variable: aa /home/wwwroot/cxg/Application/Runtime/Cache/Home/f825ef1e18e666ee9b44f115699597e5.php 第 46 行.
NOTIC: [8] Undefined variable: aa /home/wwwroot/cxg/Application/Runtime/Cache/Home/f825ef1e18e666ee9b44f115699597e5.php 第 46 行.
NOTIC: [8] Undefined variable: aa /home/wwwroot/cxg/Application/Runtime/Cache/Home/f825ef1e18e666ee9b44f115699597e5.php 第 46 行.
NOTIC: [8] Undefined variable: cc /home/wwwroot/cxg/Application/Runtime/Cache/Home/f825ef1e18e666ee9b44f115699597e5.php 第 49 行.
NOTIC: [8] Undefined variable: ee /home/wwwroot/cxg/Application/Runtime/Cache/Home/f825ef1e18e666ee9b44f115699597e5.php 第 51 行.
NOTIC: [8] Undefined index: sub_menu /home/wwwroot/cxg/Application/Runtime/Cache/Home/f825ef1e18e666ee9b44f115699597e5.php 第 84 行.
INFO: Run Behavior\ParseTemplate [ RunTime:0.008598s ]
INFO: [ view_parse ] --END-- [ RunTime:0.008639s ]
INFO: [ view_filter ] --START--
INFO: Run Behavior\WriteHtmlCache [ RunTime:0.000079s ]
INFO: [ view_filter ] --END-- [ RunTime:0.000113s ]
INFO: [ app_end ] --START--
INFO: Run Behavior\ShowPageTrace [ RunTime:0.000079s ]
INFO: [ app_end ] --END-- [ RunTime:0.000118s ]

